insert into anjuke_ershou_zaishou(title,sub,zongjia,danjia,huxing,louceng,chaoxiang,zhuangxiu,mianji,leixing,xiaoqumingcheng,suozaiquyu,kanfangshijian,jingjiren,jingjirenpingfen,jingjirendianhua,jibenshuxing,jiaoyishuxing,fangyuantese,parent_id) values('铁西华景明筑双室一楼带院出售，精装修','','45万','5000 元/m²','2室
				1厅
				1卫','低层(共6层)','南北','精装修','90平方米','普通住宅','华景名筑','铁西－
                        三道街－
                        铁西三道街138号
                                            &#xE003;','','','房源：2.9
            
            
                        
                服务：0
            
            
                        
                评价：4.0','','房屋信息
                
                房屋编码： 1494759758，发布时间：2018年11月12日
            
                
	
		
			所属小区：
			
									华景名筑
												
		
		
			房屋户型：
			
				2室
				1厅
				1卫
			
		
		
			房屋单价：
			5000 元/m²
		
		
			所在位置：
			
				                    铁西－
                        三道街－
                        铁西三道街138号
                                            &#xE003;
                                    			
		
		
			建筑面积：
			90平方米
		
		
			参考首付：
			
				13.50万                            
		
		
			建造年代：
			
				2009年			
		
		
			房屋朝向：
			南北
		
		
			参考月供：
			
							
		
		
			房屋类型：
			普通住宅
		
		
			所在楼层：
			低层(共6层)
		
		
			装修程度：
			精装修
		
                                    
                房本年限：
                满五年
            
                                            
                唯一住房：
                是
            
                            
                一手房源：
                否','铁西华景明筑，一楼带院，精装修拎包即住，45万，一楼带小院，地热，取暖好，小区物业管理，不欠任何费用90平铁西华景明筑，一楼带院，精装修拎包即住，45万，一楼带小院，地热，取暖好，小区物业管理，不欠任何费用90平','房主因'出门所以诚心出售，不欠任何费用，取暖费'交完了，适合在附近上班上学居住，诚心卖',7485)
