https://anshan.anjuke.com/community/anshanzhoubian/
https://anshan.anjuke.com/community/anshanzhoubian/
https://ankang.anjuke.com/community/ankangshi/
https://aba.anjuke.com/community/abazhoubian/
https://ali.anjuke.com/community/alizhoubian/
https://alaer.anjuke.com/community/tuanchang/
https://alaer.anjuke.com/community/alaerzhoubian/
https://aomen.anjuke.com/community/aomenzhoubian/
https://beijing.anjuke.com" class="hot/community/?from=esf_list_navigation
https://baoding.anjuke.com/community/baodingzhoubianbd/
https://baoding.anjuke.com/community/beishiqubd/
https://baoding.anjuke.com/community/gaokaibd/
https://baoding.anjuke.com/community/xinshiqubd/
https://baoding.anjuke.com/community/nanshiqu/
https://baoding.anjuke.com/community/baigou/
https://binzhou.anjuke.com/community/gaoxinqubz/
https://bazhong.anjuke.com/community/jingkaiqubz/
https://baise.anjuke.com/community/baisezhoubian/
https://baishan.anjuke.com/community/badaojiang/
https://baishan.anjuke.com/community/baishanzhoubian/
https://boertala.anjuke.com/community/bozhouzb/
https://chengdu.anjuke.com" class="hot/community/?from=esf_list_navigation
https://chongqing.anjuke.com" class="hot/community/?from=esf_list_navigation
https://cz.anjuke.com/community/changzhouzhoubian/
https://cz.anjuke.com/community/qishuyan/
https://cc.anjuke.com/community/qichechenga/
https://cc.anjuke.com/community/changchunzhoubian/
https://cc.anjuke.com/community/gaoxinb/
https://cc.anjuke.com/community/jingkai/
https://cc.anjuke.com/community/jingyue/
https://anshan.anjuke.com/community/anshanzhoubian/
https://anshan.anjuke.com/community/anshanzhoubian/
https://ankang.anjuke.com/community/ankangshi/
https://aba.anjuke.com/community/abazhoubian/
https://ali.anjuke.com/community/alizhoubian/
https://alaer.anjuke.com/community/tuanchang/
https://alaer.anjuke.com/community/alaerzhoubian/
https://aomen.anjuke.com/community/aomenzhoubian/
https://beijing.anjuke.com" class="hot/community/?from=esf_list_navigation
https://baoding.anjuke.com/community/baodingzhoubianbd/
https://baoding.anjuke.com/community/beishiqubd/
https://baoding.anjuke.com/community/gaokaibd/
https://baoding.anjuke.com/community/xinshiqubd/
https://baoding.anjuke.com/community/nanshiqu/
https://baoding.anjuke.com/community/baigou/
https://binzhou.anjuke.com/community/gaoxinqubz/
https://bazhong.anjuke.com/community/jingkaiqubz/
https://baise.anjuke.com/community/baisezhoubian/
https://baishan.anjuke.com/community/badaojiang/
https://baishan.anjuke.com/community/baishanzhoubian/
https://boertala.anjuke.com/community/bozhouzb/
https://chengdu.anjuke.com" class="hot/community/?from=esf_list_navigation
https://chongqing.anjuke.com" class="hot/community/?from=esf_list_navigation
https://cz.anjuke.com/community/changzhouzhoubian/
https://cz.anjuke.com/community/qishuyan/
https://cc.anjuke.com/community/qichechenga/
https://cc.anjuke.com/community/changchunzhoubian/
https://cc.anjuke.com/community/gaoxinb/
https://cc.anjuke.com/community/jingkai/
https://cc.anjuke.com/community/jingyue/
https://changde.anjuke.com/community/deshan/
https://chengde.anjuke.com/community/chengdeshib/
https://chengde.anjuke.com/community/kaifaqubc/
https://chengde.anjuke.com/community/chengdezhoubian/
https://chaozhou.anjuke.com/community/fengxia/
https://chaozhou.anjuke.com/community/chaozhouzhoubian/
https://changdu.anjuke.com/community/changduxian/
https://changdu.anjuke.com/community/changduzhoubian/
https://chongzuo.anjuke.com/community/chongzuozhoubian/
https://dalian.anjuke.com/community/dalianzhoubian/
https://dalian.anjuke.com/community/kaifaqug/
https://dalian.anjuke.com/community/gaoxinyuanqua/
https://dehong.anjuke.com/community/luxishi/
https://dehong.anjuke.com/community/dehongzhoubian/
https://diqing.anjuke.com/community/diqingzhoubian/
https://dxanling.anjuke.com/community/daxinganlingzb/
https://fz.anjuke.com/community/fuzhouzhoubian/
https://fushun.anjuke.com/community/gaowanxinqu/
https://fushun.anjuke.com/community/lishikaifaqu/
https://guangzhou.anjuke.com" class="hot/community/?from=esf_list_navigation
https://gy.anjuke.com/community/xiaohea/
https://gy.anjuke.com/community/jinyangxinq/
https://gy.anjuke.com/community/guiyangzhoubia/
https://gy.anjuke.com/community/xiaohepianb/
https://guilin.anjuke.com/community/balijiea/
https://ganzhou.anjuke.com/community/jiankangllu/
https://ganzi.anjuke.com/community/ganzizhoubian/
https://gannan.anjuke.com/community/gannanzhoubian/
https://guoluo.anjuke.com/community/guoluozhoubian/
https://guyuan.anjuke.com/community/guyuanshi/
https://guyuan.anjuke.com/community/haiyuanxian/
https://guyuan.anjuke.com/community/jingjikaifa/
https://hangzhou.anjuke.com" class="hot/community/?from=esf_list_navigation
https://heb.anjuke.com/community/haerbinzhoub/
https://heb.anjuke.com/community/jiangbeih/
https://heb.anjuke.com/community/kaifaquh/
https://handan.anjuke.com/community/handanzhoubian/
https://huhehaote.anjuke.com/community/huhehaotezhoubian/
https://huhehaote.anjuke.com/community/jinshankaifaqua/
https://huangshi.anjuke.com/community/huahu/
https://hami.anjuke.com/community/hamishi/
https://haibei.anjuke.com/community/haibeizhoubian/
https://haidong.anjuke.com/community/haidongzhoubian/
https://heihe.anjuke.com/community/heihezb/
https://hezhou.anjuke.com/community/hezhouzhoubian/
https://hetian.anjuke.com/community/hetianzhoubian/
https://huangnan.anjuke.com/community/huangnanzhoubian/
https://hexi.anjuke.com/community/haixizhoubian/
https://jinan.anjuke.com/community/?from=esf_list_navigation
https://jx.anjuke.com/community/jiaxingzhoubian/
https://jilin.anjuke.com/community/jilinzhoubian/
https://jiangmen.anjuke.com/community/beixin/
https://jiangmen.anjuke.com/community/nanxinq/
https://jiangmen.anjuke.com/community/jiangmenzhoubian/
https://jinhua.anjuke.com/community/jinhuashiqu/
https://jinhua.anjuke.com/community/qitaabcdefghijklmn/
https://jiujiang.anjuke.com/community/kaifaqujiuj/
https://jiujiang.anjuke.com/community/jiuruidadao/
https://jinchang.anjuke.com/community/hexibao/
https://jiayuguan.anjuke.com/community/wuyi/
https://jiayuguan.anjuke.com/community/xinhuac/
https://jiayuguan.anjuke.com/community/qianj/
https://jiayuguan.anjuke.com/community/shengl/
https://jiayuguan.anjuke.com/community/jians/
https://jiayuguan.anjuke.com/community/jingtieshan/
https://jiayuguan.anjuke.com/community/jiayuguanzhoubian/
https://kelamayi.anjuke.com/community/kelamayi/
https://lezilesu.anjuke.com/community/kezileshuzhoubian/
https://lanzhou.anjuke.com/community/lanzhouzhoubian/
https://lanzhou.anjuke.com/community/xinqulz/
https://langfang.anjuke.com/community/qitala/
https://langfang.anjuke.com/community/kaifaqulf/
https://langfang.anjuke.com/community/yanjiaob/
https://luoyang.anjuke.com/community/yibin/
https://luoyang.anjuke.com/community/luoyangzhoubian/
https://liaocheng.anjuke.com/community/kaifaqulc/
https://lasa.anjuke.com/community/lasaqita/
https://lingcang.anjuke.com/community/lincangzhoubian/
https://linzhi.anjuke.com/community/bayi/
https://linzhi.anjuke.com/community/linzhixianb/
https://linzhi.anjuke.com/community/linzhizb/
https://longnan.anjuke.com/community/longnanzhoubian/
https://mianyang.anjuke.com/community/mianyangzhoubian/
https://maoming.anjuke.com/community/maoming/
https://nanjing.anjuke.com" class="hot/community/?from=esf_list_navigation
https://nb.anjuke.com/community/gaoxinquz/
https://nb.anjuke.com/community/ningbozhoubian/
https://nb.anjuke.com/community/jiangdongc/
https://nanning.anjuke.com/community/nanningzhoubian/
https://nantong.anjuke.com/community/nantongzhoubian/
https://nantong.anjuke.com/community/kaifaqumq/
https://ningde.anjuke.com/community/dongqiaoqua/
https://naqu.anjuke.com/community/naquzhen/
https://naqu.anjuke.com/community/luomazhen/
https://naqu.anjuke.com/community/guluzhen/
https://naqu.anjuke.com/community/naquzhoubian/
https://nujiang.anjuke.com/community/bijiangxian/
https://nujiang.anjuke.com/community/nujiangzhoubian/
https://qinhuangdao.anjuke.com/community/qitaqhd/
https://qinhuangdao.anjuke.com/community/nandaiheq/
https://qinhuangdao.anjuke.com/community/kaifaquqhd/
https://quanzhou.anjuke.com/community/qiaonanpianq/
https://quanzhou.anjuke.com/community/quanzhouzhoubian/
https://quanzhou.anjuke.com/community/taishangzhouziq/
https://qianjiang.anjuke.com/community/zekou/
https://qianjiang.anjuke.com/community/qianjiangzb/
https://qiannan.anjuke.com/community/qiannanzb/
https://qitaihe.anjuke.com/community/qitaihezb/
https://rikeze.anjuke.com/community/rkzrkzs/
https://rikeze.anjuke.com/community/rikezezhoubian/
https://shanghai.anjuke.com" class="hot/community/?from=esf_list_navigation
https://shenzhen.anjuke.com" class="hot/community/?from=esf_list_navigation
https://suzhou.anjuke.com" class="hot/community/?from=esf_list_navigation
https://shaoxing.anjuke.com/community/jinghus/
https://shaoxing.anjuke.com/community/binhais/
https://shiyan.anjuke.com/community/bailangjingjikaifaqu/
https://shiyan.anjuke.com/community/wudangshan/
https://siping.anjuke.com/community/fanjiatun/
https://shizuishan.anjuke.com/community/shizuishanzhoubian/
https://shuozhou.anjuke.com/community/shuozhouzhoubian/
https://shangluo.anjuke.com/community/sangluozhoubian/
https://shannan.anjuke.com/community/shannanzhoubian/
https://shennongjia.anjuke.com/community/shennongjiazb/
https://shuangyashan.anjuke.com/community/shuangyashanzb/
https://tianjin.anjuke.com" class="hot/community/?from=esf_list_navigation
https://taizhou.anjuke.com/community/qitatz/
https://tangshan.anjuke.com/community/qitats/
https://tangshan.anjuke.com/community/gaoxinquts/
https://tangshan.anjuke.com/community/haigangkaifaqu/
https://tangshan.anjuke.com/community/nanbaokaifaqu/
https://taiz.anjuke.com/community/taizhoushi/
https://tongchuan.anjuke.com/community/tckaifa/
https://tongchuan.anjuke.com/community/tongchuanzhoubian/
https://tulufan.anjuke.com/community/laochenglu/
https://tulufan.anjuke.com/community/gaochanglu/
https://tulufan.anjuke.com/community/qiquanhuzhen/
https://tulufan.anjuke.com/community/daheyanzhen/
https://tulufan.anjuke.com/community/tulufanzhoubian/
https://tianmen.anjuke.com/community/houkou/
https://tianmen.anjuke.com/community/tianmenzb/
https://tumushuke.anjuke.com/community/jindun/
https://tumushuke.anjuke.com/community/gaimilike/
https://tumushuke.anjuke.com/community/qigaimaidan/
https://tumushuke.anjuke.com/community/tumuxiuke/
https://tumushuke.anjuke.com/community/piqiakesongdi/
https://tumushuke.anjuke.com/community/tumushukezb/
https://taiwan.anjuke.com/community/jilong/
https://taiwan.anjuke.com/community/taiwana/
https://wuhan.anjuke.com" class="hot/community/?from=esf_list_navigation
https://weihai.anjuke.com/community/qitaweih/
https://weifang.anjuke.com/community/gaoxinquwfs/
https://weifang.anjuke.com/community/weifangzhoubiana/
https://weifang.anjuke.com/community/jingkaiquwh/
https://weifang.anjuke.com/community/binhaixinquw/
https://wulumuqi.anjuke.com/community/?from=esf_list_navigation
https://wenzhou.anjuke.com/community/wenzhouzhoubian/
https://wuhai.anjuke.com/community/wuhaibhdq/
https://wuhai.anjuke.com/community/wuhaibhxq/
https://wuwei.anjuke.com/community/wuweizhoubian/
https://wujiaqu.anjuke.com/community/wujiaquzhoubian/
https://wuzhong.anjuke.com/community/taiyangshan/
https://wuzhong.anjuke.com/community/wuzhongzhoubian/
https://xuzhou.anjuke.com/community/jinshanqiaokaifaqu/
https://xuzhou.anjuke.com/community/xinchengqux/
https://xuzhou.anjuke.com/community/jiuli/
https://xuzhou.anjuke.com/community/xuzhouzhoubianb/
https://xiangtan.anjuke.com/community/xiangtanzhoubian/
https://xiangtan.anjuke.com/community/jiuhuajingjikaifa/
https://xinxiang.anjuke.com/community/pingyuan/
https://xinyang.anjuke.com/community/yangshanxinqu/
https://xinzhou.anjuke.com/community/xinzhouqita/
https://xianggang.anjuke.com/community/xiangganga/
https://yt.anjuke.com/community/daxuechengyt/
https://yt.anjuke.com/community/yantaizhoubian/
https://yt.anjuke.com/community/kaifaquj/
https://yt.anjuke.com/community/gaoxinquf/
https://yangzhou.anjuke.com/community/yangzhouzhoubain/
https://yichang.anjuke.com/community/gezhouba/
https://yichang.anjuke.com/community/yichangzhoubian/
https://yinchuan.anjuke.com/community/qitayc/
https://yingkou.anjuke.com/community/xiongyue/
https://yangquan.anjuke.com/community/shixiaqu/
https://yufu.anjuke.com/community/yuanfuzhoubian/
https://yichunshi.anjuke.com/community/yichunzb/
https://yushu.anjuke.com/community/yushuzhoubian/
https://zhengzhou.anjuke.com" class="hot/community/?from=esf_list_navigation
https://zs.anjuke.com/community/zhongshanzhoubian/
https://zhenjiang.anjuke.com/community/qitazj/
https://zibo.anjuke.com/community/qitazb/
https://zhangjiakou.anjuke.com/community/gaoxinquabcde/
https://zhangjiakou.anjuke.com/community/xuanhuaxianb/
https://zhangjiakou.anjuke.com/community/qitaabc/
https://zhuzhou.anjuke.com/community/qitaabcdefghi/
https://zhangzhou.anjuke.com/community/zhangzhoushi/
https://zhangzhou.anjuke.com/community/jiaomei/
https://zunyi.anjuke.com/community/xinpuxinqu/
https://zhangqiu.anjuke.com/community/xiuhuizhen/
https://zhangqiu.anjuke.com/community/gaoguanzhai/
https://zhangqiu.anjuke.com/community/xinzhaixiang/
https://zhangye.anjuke.com/community/zhangyezhoubian/
https://weizhong.anjuke.com/community/zhongweizhoubian/
