https://aq.lianjia.com//ershoufang/huainingxian1/
https://aq.lianjia.com//ershoufang/qianshanxian1/
https://aq.lianjia.com//ershoufang/susongxian1/
https://aq.lianjia.com//ershoufang/taihuxian1/
https://aq.lianjia.com//ershoufang/wangjiangxian1/
https://aq.lianjia.com//ershoufang/yuexixian1/
https://aq.lianjia.com//ershoufang/tongchengshi1/
https://aq.lianjia.com//zufang/dekuanlu/
https://aq.lianjia.com//zufang/huating1/
https://aq.lianjia.com//zufang/huainingxian1/
https://aq.lianjia.com//zufang/longshanlu/
https://aq.lianjia.com//zufang/linghu/
https://aq.lianjia.com//zufang/lingbei/
https://aq.lianjia.com//zufang/shihua1/
https://aq.lianjia.com//zufang/shilipuxiang/
https://aq.lianjia.com//zufang/xinhe/
https://aq.lianjia.com//zufang/yulinlu/
https://aq.lianjia.com//zufang/yichenglu/
https://aq.lianjia.com//zufang/qianshanxian1/
https://aq.lianjia.com//zufang/susongxian1/
https://aq.lianjia.com//zufang/taihuxian1/
https://aq.lianjia.com//zufang/wangjiangxian1/
https://aq.lianjia.com//zufang/yuexixian1/
https://aq.lianjia.com//zufang/daqiao/
https://aq.lianjia.com//zufang/longshiqiaoxiang/
https://aq.lianjia.com//zufang/laofengzhen/
https://aq.lianjia.com//zufang/huainingxian1/
https://aq.lianjia.com//zufang/yulinlu/
https://aq.lianjia.com//zufang/qianshanxian1/
https://aq.lianjia.com//zufang/susongxian1/
https://aq.lianjia.com//zufang/taihuxian1/
https://aq.lianjia.com//zufang/wangjiangxian1/
https://aq.lianjia.com//zufang/yuexixian1/
https://aq.lianjia.com//zufang/tongchengshi1/
https://aq.lianjia.com//zufang/huainingxian1/
https://aq.lianjia.com//zufang/yulinlu/
https://aq.lianjia.com//zufang/qianshanxian1/
https://aq.lianjia.com//zufang/susongxian1/
https://aq.lianjia.com//zufang/taihuxian1/
https://aq.lianjia.com//zufang/wangjiangxian1/
https://aq.lianjia.com//zufang/yuexixian1/
https://aq.lianjia.com//zufang/tongchengshi1/
https://hf.lianjia.com//zufang/sanshigangxiang/
