https://wuhu.zu.fang.com/house/a210/
https://huainan.zu.fang.com/house/a210/
https://bengbu.zu.fang.com/house/a210/
https://fuyang.zu.fang.com/house/a210/
https://anqing.zu.fang.com/house/a210/
https://chaohu.zu.fang.com/house/a210/
https://chuzhou.zu.fang.com/house/a210/
https://luan.zu.fang.com/house/a210/
https://tongling.zu.fang.com/house/a210/
https://huaibei.zu.fang.com/house/a210/
https://xuancheng.zu.fang.com/house/a210/
https://huangshan.zu.fang.com/house/a210/
https://ahsuzhou.zu.fang.com/house/a210/
https://bozhou.zu.fang.com/house/a210/
https://mas.zu.fang.com/house/a210/
https://chizhou.zu.fang.com/house/a210/
https://tongcheng.zu.fang.com/house/a210/
https://huoqiu.zu.fang.com/house/a210/
https://feixi.zu.fang.com/house/a210/
https://lujiang.zu.fang.com/house/a210/
https://feidong.zu.fang.com/house/a210/
https://dangtu.zu.fang.com/house/a210/
https://ahcf.zu.fang.com/house/a210/
https://huaiyuan.zu.fang.com/house/a210/
https://wuhe.zu.fang.com/house/a210/
https://guzhen.zu.fang.com/house/a210/
https://fanchang.zu.fang.com/house/a210/
https://fuling.zu.fang.com/house/a210/
https://fengdu.zu.fang.com/house/a210/
https://fz.zu.fang.com/house/a210/
https://qz.zu.fang.com/house/a210/
https://putian.zu.fang.com/house/a210/
https://zhangzhou.zu.fang.com/house/a210/
https://longyan.zu.fang.com/house/a210/
https://sanming.zu.fang.com/house/a210/
https://nanping.zu.fang.com/house/a210/
https://ningde.zu.fang.com/house/a210/
https://pingtan.zu.fang.com/house/a210/
https://fq.zu.fang.com/house/a210/
https://nanan.zu.fang.com/house/a210/
https://longhai.zu.fang.com/house/a210/
https://huian.zu.fang.com/house/a210/
https://changle.zu.fang.com/house/a210/
https://shishi.zu.fang.com/house/a210/
https://fjax.zu.fang.com/house/a210/
https://lianjiang.zu.fang.com/house/a210/
https://yongchun.zu.fang.com/house/a210/
https://luoyuan.zu.fang.com/house/a210/
https://minqing.zu.fang.com/house/a210/
https://yongtai.zu.fang.com/house/a210/
https://quangang.zu.fang.com/house/a210/
https://fuan.zu.fang.com/house/a210/
https://ya.zu.fang.com/house/a210/
https://dh.zu.fang.com/house/a210/
https://zh.zu.fang.com/house/a210/
https://zs.zu.fang.com/house/a210/
https://fs.zu.fang.com/house/a210/
https://huizhou.zu.fang.com/house/a210/
https://jm.zu.fang.com/house/a210/
https://st.zu.fang.com/house/a210/
https://qingyuan.zu.fang.com/house/a210/
https://zhaoqing.zu.fang.com/house/a210/
https://yangjiang.zu.fang.com/house/a210/
https://maoming.zu.fang.com/house/a210/
https://zj.zu.fang.com/house/a210/
https://meizhou.zu.fang.com/house/a210/
https://jieyang.zu.fang.com/house/a210/
https://heyuan.zu.fang.com/house/a210/
https://shanwei.zu.fang.com/house/a210/
https://yangchun.zu.fang.com/house/a210/
https://kaiping.zu.fang.com/house/a210/
https://yunfu.zu.fang.com/house/a210/
https://chaozhou.zu.fang.com/house/a210/
https://shaoguan.zu.fang.com/house/a210/
https://shunde.zu.fang.com/house/a210/
https://taishan.zu.fang.com/house/a210/
https://enping.zu.fang.com/house/a210/
https://huidong.zu.fang.com/house/a210/
https://gdlm.zu.fang.com/house/a210/
https://boluo.zu.fang.com/house/a210/
https://heshan.zu.fang.com/house/a210/
https://puning.zu.fang.com/house/a210/
https://xf.zu.fang.com/house/a210/
https://nn.zu.fang.com/house/a210/
https://liuzhou.zu.fang.com/house/a210/
https://guilin.zu.fang.com/house/a210/
https://yl.zu.fang.com/house/a210/
https://guigang.zu.fang.com/house/a210/
https://bh.zu.fang.com/house/a210/
https://hechi.zu.fang.com/house/a210/
https://baise.zu.fang.com/house/a210/
https://wuzhou.zu.fang.com/house/a210/
https://hezhou.zu.fang.com/house/a210/
https://qinzhou.zu.fang.com/house/a210/
https://fangchenggang.zu.fang.com/house/a210/
https://laibin.zu.fang.com/house/a210/
https://chongzuo.zu.fang.com/house/a210/
https://hengxian.zu.fang.com/house/a210/
https://gxby.zu.fang.com/house/a210/
https://yongning.zu.fang.com/house/a210/
https://gy.zu.fang.com/house/a210/
https://zunyi.zu.fang.com/house/a210/
https://anshun.zu.fang.com/house/a210/
https://qiannan.zu.fang.com/house/a210/
https://bijie.zu.fang.com/house/a210/
https://tongren.zu.fang.com/house/a210/
https://qianxinan.zu.fang.com/house/a210/
https://kaiyang.zu.fang.com/house/a210/
https://xiuwen.zu.fang.com/house/a210/
https://qingzhen.zu.fang.com/house/a210/
https://lz.zu.fang.com/house/a210/
https://zhangye.zu.fang.com/house/a210/
https://tianshui.zu.fang.com/house/a210/
https://qingyang.zu.fang.com/house/a210/
https://pingliang.zu.fang.com/house/a210/
https://jiuquan.zu.fang.com/house/a210/
https://baiyin.zu.fang.com/house/a210/
https://wuwei.zu.fang.com/house/a210/
https://jinchang.zu.fang.com/house/a210/
https://longnan.zu.fang.com/house/a210/
https://jiayuguan.zu.fang.com/house/a210/
https://dingxi.zu.fang.com/house/a210/
https://gannan.zu.fang.com/house/a210/
https://linxia.zu.fang.com/house/a210/
https://yongdeng.zu.fang.com/house/a210/
https://yuzhong.zu.fang.com/house/a210/
https://hn.zu.fang.com/house/a210/
https://sanya.zu.fang.com/house/a210/
https://sansha.zu.fang.com/house/a210/
https://wuzhishan.zu.fang.com/house/a210/
https://dongfang.zu.fang.com/house/a210/
https://danzhou.zu.fang.com/house/a210/
https://wanning.zu.fang.com/house/a210/
https://wenchang.zu.fang.com/house/a210/
https://qionghai.zu.fang.com/house/a210/
https://ly.zu.fang.com/house/a210/
https://jiaozuo.zu.fang.com/house/a210/
https://pingdingshan.zu.fang.com/house/a210/
https://zhumadian.zu.fang.com/house/a210/
https://xx.zu.fang.com/house/a210/
https://nanyang.zu.fang.com/house/a210/
https://xinyang.zu.fang.com/house/a210/
https://kaifeng.zu.fang.com/house/a210/
https://luohe.zu.fang.com/house/a210/
https://anyang.zu.fang.com/house/a210/
https://shangqiu.zu.fang.com/house/a210/
https://zhoukou.zu.fang.com/house/a210/
https://xuchang.zu.fang.com/house/a210/
https://puyang.zu.fang.com/house/a210/
https://sanmenxia.zu.fang.com/house/a210/
https://hebi.zu.fang.com/house/a210/
https://ruzhou.zu.fang.com/house/a210/
https://jiyuan.zu.fang.com/house/a210/
https://yanling.zu.fang.com/house/a210/
https://hnyz.zu.fang.com/house/a210/
https://changge.zu.fang.com/house/a210/
https://gongyi.zu.fang.com/house/a210/
https://xinzheng.zu.fang.com/house/a210/
https://xingyang.zu.fang.com/house/a210/
https://yichuan.zu.fang.com/house/a210/
https://yanshi.zu.fang.com/house/a210/
https://zhongmou.zu.fang.com/house/a210/
https://dengfeng.zu.fang.com/house/a210/
https://hnxa.zu.fang.com/house/a210/
https://hnyy.zu.fang.com/house/a210/
https://xinmi.zu.fang.com/house/a210/
https://songxian.zu.fang.com/house/a210/
https://luoning.zu.fang.com/house/a210/
https://mengjin.zu.fang.com/house/a210/
https://ruyang.zu.fang.com/house/a210/
https://dengzhou.zu.fang.com/house/a210/
https://lankao.zu.fang.com/house/a210/
https://luanchuan.zu.fang.com/house/a210/
https://yongcheng.zu.fang.com/house/a210/
https://wg.zu.fang.com/house/a210/
https://hrb.zu.fang.com/house/a210/
https://daqing.zu.fang.com/house/a210/
https://qiqihaer.zu.fang.com/house/a210/
https://jiamusi.zu.fang.com/house/a210/
https://jixi.zu.fang.com/house/a210/
https://shuangyashan.zu.fang.com/house/a210/
https://hegang.zu.fang.com/house/a210/
https://mudanjiang.zu.fang.com/house/a210/
https://suihua.zu.fang.com/house/a210/
https://qitaihe.zu.fang.com/house/a210/
https://hljyichun.zu.fang.com/house/a210/
https://heihe.zu.fang.com/house/a210/
https://dxal.zu.fang.com/house/a210/
https://zhaodong.zu.fang.com/house/a210/
https://binxian.zu.fang.com/house/a210/
https://anda.zu.fang.com/house/a210/
https://wuchang.zu.fang.com/house/a210/
https://shangzhi.zu.fang.com/house/a210/
https://bayan.zu.fang.com/house/a210/
https://yilan.zu.fang.com/house/a210/
https://zhaozhou.zu.fang.com/house/a210/
https://zhaoyuan.zu.fang.com/house/a210/
https://hailin.zu.fang.com/house/a210/
https://yc.zu.fang.com/house/a210/
https://xiangyang.zu.fang.com/house/a210/
https://jingzhou.zu.fang.com/house/a210/
https://shiyan.zu.fang.com/house/a210/
https://huanggang.zu.fang.com/house/a210/
https://jingmen.zu.fang.com/house/a210/
https://suizhou.zu.fang.com/house/a210/
https://enshi.zu.fang.com/house/a210/
https://xiaogan.zu.fang.com/house/a210/
https://huangshi.zu.fang.com/house/a210/
https://ezhou.zu.fang.com/house/a210/
https://xianning.zu.fang.com/house/a210/
https://xiantao.zu.fang.com/house/a210/
https://shennongjia.zu.fang.com/house/a210/
https://tianmen.zu.fang.com/house/a210/
https://qj.zu.fang.com/house/a210/
https://dangyang.zu.fang.com/house/a210/
https://yidu.zu.fang.com/house/a210/
https://zhijiang.zu.fang.com/house/a210/
https://whhn.zu.fang.com/house/a210/
https://hbjs.zu.fang.com/house/a210/
https://zhongxiang.zu.fang.com/house/a210/
https://lhk.zu.fang.com/house/a210/
https://hbzy.zu.fang.com/house/a210/
https://hbyc.zu.fang.com/house/a210/
https://cs.zu.fang.com/house/a210/
https://zhuzhou.zu.fang.com/house/a210/
https://hengyang.zu.fang.com/house/a210/
https://yueyang.zu.fang.com/house/a210/
https://xt.zu.fang.com/house/a210/
https://changde.zu.fang.com/house/a210/
https://yiyang.zu.fang.com/house/a210/
https://yongzhou.zu.fang.com/house/a210/
https://loudi.zu.fang.com/house/a210/
https://shaoyang.zu.fang.com/house/a210/
https://huaihua.zu.fang.com/house/a210/
https://chenzhou.zu.fang.com/house/a210/
https://xiangxi.zu.fang.com/house/a210/
https://zhangjiajie.zu.fang.com/house/a210/
https://liuyang.zu.fang.com/house/a210/
https://ningxiang.zu.fang.com/house/a210/
https://liling.zu.fang.com/house/a210/
https://cswc.zu.fang.com/house/a210/
https://leiyang.zu.fang.com/house/a210/
https://cn.zu.fang.com/house/a210/
https://sjz.zu.fang.com/house/a210/
https://ts.zu.fang.com/house/a210/
https://bd.zu.fang.com/house/a210/
https://cangzhou.zu.fang.com/house/a210/
https://lf.zu.fang.com/house/a210/
https://xingtai.zu.fang.com/house/a210/
https://hd.zu.fang.com/house/a210/
https://qhd.zu.fang.com/house/a210/
https://hs.zu.fang.com/house/a210/
https://zhangjiakou.zu.fang.com/house/a210/
https://chengde.zu.fang.com/house/a210/
https://zunhua.zu.fang.com/house/a210/
https://qianan.zu.fang.com/house/a210/
https://dingzhou.zu.fang.com/house/a210/
https://xinji.zu.fang.com/house/a210/
https://luanxian.zu.fang.com/house/a210/
https://yutian.zu.fang.com/house/a210/
https://hbjz.zu.fang.com/house/a210/
https://luannan.zu.fang.com/house/a210/
https://gaobeidian.zu.fang.com/house/a210/
https://hbzx.zu.fang.com/house/a210/
https://hbwj.zu.fang.com/house/a210/
https://hbql.zu.fang.com/house/a210/
https://hblt.zu.fang.com/house/a210/
https://qianxi.zu.fang.com/house/a210/
https://wenan.zu.fang.com/house/a210/
https://xinle.zu.fang.com/house/a210/
https://hbys.zu.fang.com/house/a210/
https://hbbz.zu.fang.com/house/a210/
https://changli.zu.fang.com/house/a210/
https://hbps.zu.fang.com/house/a210/
https://wuan.zu.fang.com/house/a210/
https://renqiu.zu.fang.com/house/a210/
https://jz.zu.fang.com/house/a210/
https://dingxing.zu.fang.com/house/a210/
https://wuxi.zu.fang.com/house/a210/
https://xz.zu.fang.com/house/a210/
https://cz.zu.fang.com/house/a210/
https://huaian.zu.fang.com/house/a210/
https://yz.zu.fang.com/house/a210/
https://nt.zu.fang.com/house/a210/
https://yancheng.zu.fang.com/house/a210/
https://lyg.zu.fang.com/house/a210/
https://sq.zu.fang.com/house/a210/
https://taizhou.zu.fang.com/house/a210/
https://zhenjiang.zu.fang.com/house/a210/
https://changshu.zu.fang.com/house/a210/
https://zjg.zu.fang.com/house/a210/
https://ks.zu.fang.com/house/a210/
https://pizhou.zu.fang.com/house/a210/
https://qidong.zu.fang.com/house/a210/
https://liyang.zu.fang.com/house/a210/
https://dongtai.zu.fang.com/house/a210/
https://taixing.zu.fang.com/house/a210/
https://xinghua.zu.fang.com/house/a210/
https://haimen.zu.fang.com/house/a210/
https://rugao.zu.fang.com/house/a210/
https://jiangdu.zu.fang.com/house/a210/
https://xinyi.zu.fang.com/house/a210/
https://gaoyou.zu.fang.com/house/a210/
https://jingjiang.zu.fang.com/house/a210/
https://tc.zu.fang.com/house/a210/
https://jy.zu.fang.com/house/a210/
https://yixing.zu.fang.com/house/a210/
https://shuyang.zu.fang.com/house/a210/
https://haian.zu.fang.com/house/a210/
https://rudong.zu.fang.com/house/a210/
https://yizheng.zu.fang.com/house/a210/
https://jintan.zu.fang.com/house/a210/
https://jssn.zu.fang.com/house/a210/
https://jsfx.zu.fang.com/house/a210/
https://peixian.zu.fang.com/house/a210/
https://jr.zu.fang.com/house/a210/
https://baoying.zu.fang.com/house/a210/
https://njgc.zu.fang.com/house/a210/
https://quanshan.zu.fang.com/house/a210/
https://tongshan.zu.fang.com/house/a210/
https://funing.zu.fang.com/house/a210/
https://jiangyan.zu.fang.com/house/a210/
https://ksys.zu.fang.com/house/a210/
https://jinhu.zu.fang.com/house/a210/
https://donghai.zu.fang.com/house/a210/
https://nc.zu.fang.com/house/a210/
https://ganzhou.zu.fang.com/house/a210/
https://jiujiang.zu.fang.com/house/a210/
https://jian.zu.fang.com/house/a210/
https://shangrao.zu.fang.com/house/a210/
https://pingxiang.zu.fang.com/house/a210/
https://yingtan.zu.fang.com/house/a210/
https://yichun.zu.fang.com/house/a210/
https://jingdezhen.zu.fang.com/house/a210/
https://jxfuzhou.zu.fang.com/house/a210/
https://xinyu.zu.fang.com/house/a210/
https://ruijin.zu.fang.com/house/a210/
https://jinxian.zu.fang.com/house/a210/
https://xinjian.zu.fang.com/house/a210/
https://jxfc.zu.fang.com/house/a210/
https://jxja.zu.fang.com/house/a210/
https://changchun.zu.fang.com/house/a210/
https://jl.zu.fang.com/house/a210/
https://siping.zu.fang.com/house/a210/
https://baishan.zu.fang.com/house/a210/
https://baicheng.zu.fang.com/house/a210/
https://yanbian.zu.fang.com/house/a210/
https://tonghua.zu.fang.com/house/a210/
https://songyuan.zu.fang.com/house/a210/
https://liaoyuan.zu.fang.com/house/a210/
https://nongan.zu.fang.com/house/a210/
https://dehui.zu.fang.com/house/a210/
https://jlys.zu.fang.com/house/a210/
https://huadian.zu.fang.com/house/a210/
https://gongzhuling.zu.fang.com/house/a210/
https://sy.zu.fang.com/house/a210/
https://dl.zu.fang.com/house/a210/
https://fushun.zu.fang.com/house/a210/
https://jinzhou.zu.fang.com/house/a210/
https://anshan.zu.fang.com/house/a210/
https://huludao.zu.fang.com/house/a210/
https://fuxin.zu.fang.com/house/a210/
https://yk.zu.fang.com/house/a210/
https://benxi.zu.fang.com/house/a210/
https://chaoyang.zu.fang.com/house/a210/
https://tieling.zu.fang.com/house/a210/
https://liaoyang.zu.fang.com/house/a210/
https://panjin.zu.fang.com/house/a210/
https://dandong.zu.fang.com/house/a210/
https://pulandian.zu.fang.com/house/a210/
https://wafangdian.zu.fang.com/house/a210/
https://donggang.zu.fang.com/house/a210/
https://fengcheng.zu.fang.com/house/a210/
https://lnzh.zu.fang.com/house/a210/
https://xinmin.zu.fang.com/house/a210/
https://liaozhong.zu.fang.com/house/a210/
https://faku.zu.fang.com/house/a210/
https://kangping.zu.fang.com/house/a210/
https://lnta.zu.fang.com/house/a210/
https://haicheng.zu.fang.com/house/a210/
https://yinchuan.zu.fang.com/house/a210/
https://shizuishan.zu.fang.com/house/a210/
https://guyuan.zu.fang.com/house/a210/
https://wuzhong.zu.fang.com/house/a210/
https://zhongwei.zu.fang.com/house/a210/
https://nm.zu.fang.com/house/a210/
https://bt.zu.fang.com/house/a210/
https://chifeng.zu.fang.com/house/a210/
https://erds.zu.fang.com/house/a210/
https://tl.zu.fang.com/house/a210/
https://wlcb.zu.fang.com/house/a210/
https://byne.zu.fang.com/house/a210/
https://alsm.zu.fang.com/house/a210/
https://hailaer.zu.fang.com/house/a210/
https://hlbe.zu.fang.com/house/a210/
https://wuhai.zu.fang.com/house/a210/
https://xlglm.zu.fang.com/house/a210/
https://xam.zu.fang.com/house/a210/
https://xilinhaote.zu.fang.com/house/a210/
https://xn.zu.fang.com/house/a210/
https://guoluo.zu.fang.com/house/a210/
https://huangnan.zu.fang.com/house/a210/
https://haixi.zu.fang.com/house/a210/
https://haidong.zu.fang.com/house/a210/
https://haibei.zu.fang.com/house/a210/
https://yushu.zu.fang.com/house/a210/
https://qd.zu.fang.com/house/a210/
https://zb.zu.fang.com/house/a210/
https://wf.zu.fang.com/house/a210/
https://yt.zu.fang.com/house/a210/
https://weihai.zu.fang.com/house/a210/
https://linyi.zu.fang.com/house/a210/
https://jining.zu.fang.com/house/a210/
https://binzhou.zu.fang.com/house/a210/
https://dz.zu.fang.com/house/a210/
https://dy.zu.fang.com/house/a210/
https://zaozhuang.zu.fang.com/house/a210/
https://lc.zu.fang.com/house/a210/
https://taian.zu.fang.com/house/a210/
https://rz.zu.fang.com/house/a210/
https://heze.zu.fang.com/house/a210/
https://laiwu.zu.fang.com/house/a210/
https://zhangqiu.zu.fang.com/house/a210/
https://zhucheng.zu.fang.com/house/a210/
https://zy.zu.fang.com/house/a210/
https://gaomi.zu.fang.com/house/a210/
https://sg.zu.fang.com/house/a210/
https://zoucheng.zu.fang.com/house/a210/
https://tengzhou.zu.fang.com/house/a210/
https://pingdu.zu.fang.com/house/a210/
https://xintai.zu.fang.com/house/a210/
https://feicheng.zu.fang.com/house/a210/
https://laizhou.zu.fang.com/house/a210/
https://zouping.zu.fang.com/house/a210/
https://jiaonan.zu.fang.com/house/a210/
https://longkou.zu.fang.com/house/a210/
https://jimo.zu.fang.com/house/a210/
https://laixi.zu.fang.com/house/a210/
https://changyi.zu.fang.com/house/a210/
https://guangrao.zu.fang.com/house/a210/
https://penglai.zu.fang.com/house/a210/
https://anqiu.zu.fang.com/house/a210/
https://qingzhou.zu.fang.com/house/a210/
https://linqu.zu.fang.com/house/a210/
https://sdjy.zu.fang.com/house/a210/
https://sdsh.zu.fang.com/house/a210/
https://sdcl.zu.fang.com/house/a210/
https://laiyang.zu.fang.com/house/a210/
https://sdpy.zu.fang.com/house/a210/
https://linqing.zu.fang.com/house/a210/
https://qixia.zu.fang.com/house/a210/
https://haiyang.zu.fang.com/house/a210/
https://jncq.zu.fang.com/house/a210/
https://jiaozhou.zu.fang.com/house/a210/
https://ytcd.zu.fang.com/house/a210/
https://taiyuan.zu.fang.com/house/a210/
https://changzhi.zu.fang.com/house/a210/
https://yuncheng.zu.fang.com/house/a210/
https://linfen.zu.fang.com/house/a210/
https://jinzhong.zu.fang.com/house/a210/
https://datong.zu.fang.com/house/a210/
https://xinzhou.zu.fang.com/house/a210/
https://lvliang.zu.fang.com/house/a210/
https://shuozhou.zu.fang.com/house/a210/
https://yangquan.zu.fang.com/house/a210/
https://jc.zu.fang.com/house/a210/
https://sxly.zu.fang.com/house/a210/
https://qingxu.zu.fang.com/house/a210/
https://yangqu.zu.fang.com/house/a210/
https://huairen.zu.fang.com/house/a210/
https://baoji.zu.fang.com/house/a210/
https://xianyang.zu.fang.com/house/a210/
https://weinan.zu.fang.com/house/a210/
https://hanzhong.zu.fang.com/house/a210/
https://ankang.zu.fang.com/house/a210/
https://sxyulin.zu.fang.com/house/a210/
https://yanan.zu.fang.com/house/a210/
https://tongchuan.zu.fang.com/house/a210/
https://shangluo.zu.fang.com/house/a210/
https://lantian.zu.fang.com/house/a210/
https://huxian.zu.fang.com/house/a210/
https://zhouzhi.zu.fang.com/house/a210/
https://gaoling.zu.fang.com/house/a210/
https://mianyang.zu.fang.com/house/a210/
https://luzhou.zu.fang.com/house/a210/
https://nanchong.zu.fang.com/house/a210/
https://deyang.zu.fang.com/house/a210/
https://leshan.zu.fang.com/house/a210/
https://dazhou.zu.fang.com/house/a210/
https://guangan.zu.fang.com/house/a210/
https://panzhihua.zu.fang.com/house/a210/
https://suining.zu.fang.com/house/a210/
https://zigong.zu.fang.com/house/a210/
https://neijiang.zu.fang.com/house/a210/
https://guangyuan.zu.fang.com/house/a210/
https://bazhong.zu.fang.com/house/a210/
https://yibin.zu.fang.com/house/a210/
https://meishan.zu.fang.com/house/a210/
https://ziyang.zu.fang.com/house/a210/
https://yaan.zu.fang.com/house/a210/
https://liangshan.zu.fang.com/house/a210/
https://abazhou.zu.fang.com/house/a210/
https://ganzi.zu.fang.com/house/a210/
https://pengzhou.zu.fang.com/house/a210/
https://scjt.zu.fang.com/house/a210/
https://qionglai.zu.fang.com/house/a210/
https://jianyang.zu.fang.com/house/a210/
https://chongzhou.zu.fang.com/house/a210/
https://dayi.zu.fang.com/house/a210/
https://dujiangyan.zu.fang.com/house/a210/
https://xinjin.zu.fang.com/house/a210/
https://jizhou.zu.fang.com/house/a210/
https://xj.zu.fang.com/house/a210/
https://kelamayi.zu.fang.com/house/a210/
https://kashi.zu.fang.com/house/a210/
https://bazhou.zu.fang.com/house/a210/
https://yili.zu.fang.com/house/a210/
https://akesu.zu.fang.com/house/a210/
https://alaer.zu.fang.com/house/a210/
https://betl.zu.fang.com/house/a210/
https://hami.zu.fang.com/house/a210/
https://hetian.zu.fang.com/house/a210/
https://kzls.zu.fang.com/house/a210/
https://shihezi.zu.fang.com/house/a210/
https://tulufan.zu.fang.com/house/a210/
https://tmsk.zu.fang.com/house/a210/
https://wujiaqu.zu.fang.com/house/a210/
https://kuitun.zu.fang.com/house/a210/
https://kuerle.zu.fang.com/house/a210/
https://ali.zu.fang.com/house/a210/
https://changdu.zu.fang.com/house/a210/
https://lasa.zu.fang.com/house/a210/
https://linzhi.zu.fang.com/house/a210/
https://naqu.zu.fang.com/house/a210/
https://rikaze.zu.fang.com/house/a210/
https://shannan.zu.fang.com/house/a210/
https://km.zu.fang.com/house/a210/
https://honghe.zu.fang.com/house/a210/
https://wenshan.zu.fang.com/house/a210/
https://qujing.zu.fang.com/house/a210/
https://yuxi.zu.fang.com/house/a210/
https://lijiang.zu.fang.com/house/a210/
https://dali.zu.fang.com/house/a210/
https://chuxiong.zu.fang.com/house/a210/
https://baoshan.zu.fang.com/house/a210/
https://zhaotong.zu.fang.com/house/a210/
https://dehong.zu.fang.com/house/a210/
https://lincang.zu.fang.com/house/a210/
https://xishuangbanna.zu.fang.com/house/a210/
https://puer.zu.fang.com/house/a210/
https://diqing.zu.fang.com/house/a210/
https://nujiang.zu.fang.com/house/a210/
https://anning.zu.fang.com/house/a210/
https://jx.zu.fang.com/house/a210/
https://wz.zu.fang.com/house/a210/
https://jh.zu.fang.com/house/a210/
https://tz.zu.fang.com/house/a210/
https://huzhou.zu.fang.com/house/a210/
https://quzhou.zu.fang.com/house/a210/
https://ls.zu.fang.com/house/a210/
https://zhoushan.zu.fang.com/house/a210/
https://changxing.zu.fang.com/house/a210/
https://deqing.zu.fang.com/house/a210/
https://ruian.zu.fang.com/house/a210/
https://cixi.zu.fang.com/house/a210/
https://yueqing.zu.fang.com/house/a210/
https://haining.zu.fang.com/house/a210/
https://wenling.zu.fang.com/house/a210/
https://zhuji.zu.fang.com/house/a210/
https://linhai.zu.fang.com/house/a210/
https://yuyao.zu.fang.com/house/a210/
https://tongxiang.zu.fang.com/house/a210/
https://shangyu.zu.fang.com/house/a210/
https://pinghu.zu.fang.com/house/a210/
https://zjfy.zu.fang.com/house/a210/
https://ninghai.zu.fang.com/house/a210/
https://fenghua.zu.fang.com/house/a210/
https://linan.zu.fang.com/house/a210/
https://jiande.zu.fang.com/house/a210/
https://zjtl.zu.fang.com/house/a210/
https://zjxs.zu.fang.com/house/a210/
https://yuhuan.zu.fang.com/house/a210/
https://chunan.zu.fang.com/house/a210/
https://zhenhai.zu.fang.com/house/a210/
https://haiyan.zu.fang.com/house/a210/
https://aj.zu.fang.com/house/a210/
