https://zu.fang.com/house/a210/ -lianjie
https://sh.zu.fang.com/house/a210/ -lianjie
https://tj.zu.fang.com/house/a210/ -lianjie
https://cq.zu.fang.com/house/a210/ -lianjie
https://hf.zu.fang.com/house/a210/ -lianjie
https://wuhu.zu.fang.com/house/a210/ -lianjie
https://huainan.zu.fang.com/house/a210/ -lianjie
https://bengbu.zu.fang.com/house/a210/ -lianjie
https://fuyang.zu.fang.com/house/a210/ -lianjie
https://anqing.zu.fang.com/house/a210/ -lianjie
https://chaohu.zu.fang.com/house/a210/ -lianjie
https://chuzhou.zu.fang.com/house/a210/ -lianjie
https://luan.zu.fang.com/house/a210/ -lianjie
https://tongling.zu.fang.com/house/a210/ -lianjie
https://huaibei.zu.fang.com/house/a210/ -lianjie
https://xuancheng.zu.fang.com/house/a210/ -lianjie
https://huangshan.zu.fang.com/house/a210/ -lianjie
https://ahsuzhou.zu.fang.com/house/a210/ -lianjie
https://bozhou.zu.fang.com/house/a210/ -lianjie
https://mas.zu.fang.com/house/a210/ -lianjie
https://chizhou.zu.fang.com/house/a210/ -lianjie
https://tongcheng.zu.fang.com/house/a210/ -lianjie
https://huoqiu.zu.fang.com/house/a210/ -lianjie
https://feixi.zu.fang.com/house/a210/ -lianjie
https://lujiang.zu.fang.com/house/a210/ -lianjie
https://feidong.zu.fang.com/house/a210/ -lianjie
https://dangtu.zu.fang.com/house/a210/ -lianjie
https://ahcf.zu.fang.com/house/a210/ -lianjie
https://huaiyuan.zu.fang.com/house/a210/ -lianjie
https://wuhe.zu.fang.com/house/a210/ -lianjie
https://guzhen.zu.fang.com/house/a210/ -lianjie
https://fanchang.zu.fang.com/house/a210/ -lianjie
https://quanjiao.zu.fang.com/house/a210/ -lianjie
 https://wanzhouzu.fang.com/house/a210/ -lianjie
https://fuling.zu.fang.com/house/a210/ -lianjie
 https://qijiangzu.fang.com/house/a210/ -lianjie
 https://qianjiangzu.fang.com/house/a210/ -lianjie
https://hechuanzu.fang.com/house/a210/ -lianjie
https://fengdu.zu.fang.com/house/a210/ -lianjie
https://cqjiangjin.zu.fang.com/house/a210/ -lianjie
https://cqtongliang.zu.fang.com/house/a210/ -lianjie
https://cqchangshou.zu.fang.com/house/a210/ -lianjie
https://cqnanchuan.zu.fang.com/house/a210/ -lianjie
https://yongchuanzu.fang.com/house/a210/ -lianjie
https://wushanzu.fang.com/house/a210/ -lianjie
https://cqdazuzu.fang.com/house/a210/ -lianjie
https://cqbishanzu.fang.com/house/a210/ -lianjie
https://cqtongnanzu.fang.com/house/a210/ -lianjie
https://cqrongchangzu.fang.com/house/a210/ -lianjie
https://cqliangpingzu.fang.com/house/a210/ -lianjie
https://cqdianjiangzu.fang.com/house/a210/ -lianjie
https://cqwulongzu.fang.com/house/a210/ -lianjie
https://cqzhongxianzu.fang.com/house/a210/ -lianjie
https://cqkaixianzu.fang.com/house/a210/ -lianjie
https://cqyunyangzu.fang.com/house/a210/ -lianjie
https://cqfengjiezu.fang.com/house/a210/ -lianjie
https://cqshizhuzu.fang.com/house/a210/ -lianjie
https://fz.zu.fang.com/house/a210/ -lianjie
https://xm.zu.fang.com/house/a210/ -lianjie
https://qz.zu.fang.com/house/a210/ -lianjie
https://putian.zu.fang.com/house/a210/ -lianjie
https://zhangzhou.zu.fang.com/house/a210/ -lianjie
https://longyan.zu.fang.com/house/a210/ -lianjie
https://sanming.zu.fang.com/house/a210/ -lianjie
https://nanping.zu.fang.com/house/a210/ -lianjie
https://ningde.zu.fang.com/house/a210/ -lianjie
https://pingtan.zu.fang.com/house/a210/ -lianjie
https://fq.zu.fang.com/house/a210/ -lianjie
https://nanan.zu.fang.com/house/a210/ -lianjie
https://longhai.zu.fang.com/house/a210/ -lianjie
https://huian.zu.fang.com/house/a210/ -lianjie
https://changle.zu.fang.com/house/a210/ -lianjie
https://shishi.zu.fang.com/house/a210/ -lianjie
https://fjax.zu.fang.com/house/a210/ -lianjie
https://lianjiang.zu.fang.com/house/a210/ -lianjie
https://yongchun.zu.fang.com/house/a210/ -lianjie
https://luoyuan.zu.fang.com/house/a210/ -lianjie
https://minqing.zu.fang.com/house/a210/ -lianjie
https://yongtai.zu.fang.com/house/a210/ -lianjie
https://quangang.zu.fang.com/house/a210/ -lianjie
https://fuan.zu.fang.com/house/a210/ -lianjie
https://ya.zu.fang.com/house/a210/ -lianjie
https://dh.zu.fang.com/house/a210/ -lianjie
https://gz.zu.fang.com/house/a210/ -lianjie
https://sz.zu.fang.com/house/a210/ -lianjie
https://dg.zu.fang.com/house/a210/ -lianjie
https://zh.zu.fang.com/house/a210/ -lianjie
https://zs.zu.fang.com/house/a210/ -lianjie
https://fs.zu.fang.com/house/a210/ -lianjie
https://huizhou.zu.fang.com/house/a210/ -lianjie
https://jm.zu.fang.com/house/a210/ -lianjie
https://st.zu.fang.com/house/a210/ -lianjie
https://qingyuan.zu.fang.com/house/a210/ -lianjie
https://zhaoqing.zu.fang.com/house/a210/ -lianjie
https://yangjiang.zu.fang.com/house/a210/ -lianjie
https://maoming.zu.fang.com/house/a210/ -lianjie
https://zj.zu.fang.com/house/a210/ -lianjie
https://meizhou.zu.fang.com/house/a210/ -lianjie
https://jieyang.zu.fang.com/house/a210/ -lianjie
https://heyuan.zu.fang.com/house/a210/ -lianjie
https://shanwei.zu.fang.com/house/a210/ -lianjie
https://yangchun.zu.fang.com/house/a210/ -lianjie
https://kaiping.zu.fang.com/house/a210/ -lianjie
https://yunfu.zu.fang.com/house/a210/ -lianjie
https://chaozhou.zu.fang.com/house/a210/ -lianjie
https://shaoguan.zu.fang.com/house/a210/ -lianjie
https://shunde.zu.fang.com/house/a210/ -lianjie
https://taishan.zu.fang.com/house/a210/ -lianjie
https://enping.zu.fang.com/house/a210/ -lianjie
https://huidong.zu.fang.com/house/a210/ -lianjie
https://gdlm.zu.fang.com/house/a210/ -lianjie
https://boluo.zu.fang.com/house/a210/ -lianjie
https://heshan.zu.fang.com/house/a210/ -lianjie
https://puning.zu.fang.com/house/a210/ -lianjie
https://xf.zu.fang.com/house/a210/ -lianjie
https://leizhou.zu.fang.com/house/a210/ -lianjie
https://nn.zu.fang.com/house/a210/ -lianjie
https://liuzhou.zu.fang.com/house/a210/ -lianjie
https://guilin.zu.fang.com/house/a210/ -lianjie
https://yl.zu.fang.com/house/a210/ -lianjie
https://guigang.zu.fang.com/house/a210/ -lianjie
https://bh.zu.fang.com/house/a210/ -lianjie
https://hechi.zu.fang.com/house/a210/ -lianjie
https://baise.zu.fang.com/house/a210/ -lianjie
https://wuzhou.zu.fang.com/house/a210/ -lianjie
https://hezhou.zu.fang.com/house/a210/ -lianjie
https://qinzhou.zu.fang.com/house/a210/ -lianjie
https://fangchenggang.zu.fang.com/house/a210/ -lianjie
https://laibin.zu.fang.com/house/a210/ -lianjie
https://chongzuo.zu.fang.com/house/a210/ -lianjie
https://hengxian.zu.fang.com/house/a210/ -lianjie
https://gxby.zu.fang.com/house/a210/ -lianjie
https://yongning.zu.fang.com/house/a210/ -lianjie
https://dongxing.zu.fang.com/house/a210/ -lianjie
https://gy.zu.fang.com/house/a210/ -lianjie
https://zunyi.zu.fang.com/house/a210/ -lianjie
https://qiandongnan.zu.fang.com/house/a210/ -lianjie
https://anshun.zu.fang.com/house/a210/ -lianjie
https://qiannan.zu.fang.com/house/a210/ -lianjie
https://bijie.zu.fang.com/house/a210/ -lianjie
https://tongren.zu.fang.com/house/a210/ -lianjie
https://liupanshui.zu.fang.com/house/a210/ -lianjie
https://qianxinan.zu.fang.com/house/a210/ -lianjie
https://kaili.zu.fang.com/house/a210/ -lianjie
https://kaiyang.zu.fang.com/house/a210/ -lianjie
https://xiuwen.zu.fang.com/house/a210/ -lianjie
https://qingzhen.zu.fang.com/house/a210/ -lianjie
https://lz.zu.fang.com/house/a210/ -lianjie
https://zhangye.zu.fang.com/house/a210/ -lianjie
https://tianshui.zu.fang.com/house/a210/ -lianjie
https://qingyang.zu.fang.com/house/a210/ -lianjie
https://pingliang.zu.fang.com/house/a210/ -lianjie
https://jiuquan.zu.fang.com/house/a210/ -lianjie
https://baiyin.zu.fang.com/house/a210/ -lianjie
https://wuwei.zu.fang.com/house/a210/ -lianjie
https://jinchang.zu.fang.com/house/a210/ -lianjie
https://longnan.zu.fang.com/house/a210/ -lianjie
https://jiayuguan.zu.fang.com/house/a210/ -lianjie
https://dingxi.zu.fang.com/house/a210/ -lianjie
https://gannan.zu.fang.com/house/a210/ -lianjie
https://linxia.zu.fang.com/house/a210/ -lianjie
https://yongdeng.zu.fang.com/house/a210/ -lianjie
https://yuzhong.zu.fang.com/house/a210/ -lianjie
https://hn.zu.fang.com/house/a210/ -lianjie
https://sanya.zu.fang.com/house/a210/ -lianjie
https://sansha.zu.fang.com/house/a210/ -lianjie
https://wuzhishan.zu.fang.com/house/a210/ -lianjie
https://dongfang.zu.fang.com/house/a210/ -lianjie
https://danzhou.zu.fang.com/house/a210/ -lianjie
https://wanning.zu.fang.com/house/a210/ -lianjie
https://wenchang.zu.fang.com/house/a210/ -lianjie
https://qionghai.zu.fang.com/house/a210/ -lianjie
https://zz.zu.fang.com/house/a210/ -lianjie
https://ly.zu.fang.com/house/a210/ -lianjie
https://jiaozuo.zu.fang.com/house/a210/ -lianjie
https://pingdingshan.zu.fang.com/house/a210/ -lianjie
https://zhumadian.zu.fang.com/house/a210/ -lianjie
https://xx.zu.fang.com/house/a210/ -lianjie
https://nanyang.zu.fang.com/house/a210/ -lianjie
https://xinyang.zu.fang.com/house/a210/ -lianjie
https://kaifeng.zu.fang.com/house/a210/ -lianjie
https://luohe.zu.fang.com/house/a210/ -lianjie
https://anyang.zu.fang.com/house/a210/ -lianjie
https://shangqiu.zu.fang.com/house/a210/ -lianjie
https://zhoukou.zu.fang.com/house/a210/ -lianjie
https://xuchang.zu.fang.com/house/a210/ -lianjie
https://puyang.zu.fang.com/house/a210/ -lianjie
https://sanmenxia.zu.fang.com/house/a210/ -lianjie
https://hebi.zu.fang.com/house/a210/ -lianjie
https://ruzhou.zu.fang.com/house/a210/ -lianjie
https://jiyuan.zu.fang.com/house/a210/ -lianjie
https://yanling.zu.fang.com/house/a210/ -lianjie
https://hnyz.zu.fang.com/house/a210/ -lianjie
https://changge.zu.fang.com/house/a210/ -lianjie
https://gongyi.zu.fang.com/house/a210/ -lianjie
https://xinzheng.zu.fang.com/house/a210/ -lianjie
https://xingyang.zu.fang.com/house/a210/ -lianjie
https://yichuan.zu.fang.com/house/a210/ -lianjie
https://yanshi.zu.fang.com/house/a210/ -lianjie
https://zhongmou.zu.fang.com/house/a210/ -lianjie
https://dengfeng.zu.fang.com/house/a210/ -lianjie
https://hnxa.zu.fang.com/house/a210/ -lianjie
https://hnyy.zu.fang.com/house/a210/ -lianjie
https://xinmi.zu.fang.com/house/a210/ -lianjie
https://songxian.zu.fang.com/house/a210/ -lianjie
https://luoning.zu.fang.com/house/a210/ -lianjie
https://mengjin.zu.fang.com/house/a210/ -lianjie
https://ruyang.zu.fang.com/house/a210/ -lianjie
https://dengzhou.zu.fang.com/house/a210/ -lianjie
https://lankao.zu.fang.com/house/a210/ -lianjie
https://luanchuan.zu.fang.com/house/a210/ -lianjie
https://yongcheng.zu.fang.com/house/a210/ -lianjie
https://wg.zu.fang.com/house/a210/ -lianjie
https://hrb.zu.fang.com/house/a210/ -lianjie
https://daqing.zu.fang.com/house/a210/ -lianjie
https://qiqihaer.zu.fang.com/house/a210/ -lianjie
https://jiamusi.zu.fang.com/house/a210/ -lianjie
https://jixi.zu.fang.com/house/a210/ -lianjie
https://shuangyashan.zu.fang.com/house/a210/ -lianjie
https://hegang.zu.fang.com/house/a210/ -lianjie
https://mudanjiang.zu.fang.com/house/a210/ -lianjie
https://suihua.zu.fang.com/house/a210/ -lianjie
https://qitaihe.zu.fang.com/house/a210/ -lianjie
https://hljyichun.zu.fang.com/house/a210/ -lianjie
https://heihe.zu.fang.com/house/a210/ -lianjie
https://dxal.zu.fang.com/house/a210/ -lianjie
https://zhaodong.zu.fang.com/house/a210/ -lianjie
https://binxian.zu.fang.com/house/a210/ -lianjie
https://anda.zu.fang.com/house/a210/ -lianjie
https://wuchang.zu.fang.com/house/a210/ -lianjie
https://shangzhi.zu.fang.com/house/a210/ -lianjie
https://bayan.zu.fang.com/house/a210/ -lianjie
https://yilan.zu.fang.com/house/a210/ -lianjie
https://zhaozhou.zu.fang.com/house/a210/ -lianjie
https://zhaoyuan.zu.fang.com/house/a210/ -lianjie
https://hailin.zu.fang.com/house/a210/ -lianjie
https://wuhan.zu.fang.com/house/a210/ -lianjie
https://yc.zu.fang.com/house/a210/ -lianjie
https://xiangyang.zu.fang.com/house/a210/ -lianjie
https://jingzhou.zu.fang.com/house/a210/ -lianjie
https://shiyan.zu.fang.com/house/a210/ -lianjie
https://huanggang.zu.fang.com/house/a210/ -lianjie
https://jingmen.zu.fang.com/house/a210/ -lianjie
https://suizhou.zu.fang.com/house/a210/ -lianjie
https://enshi.zu.fang.com/house/a210/ -lianjie
https://xiaogan.zu.fang.com/house/a210/ -lianjie
https://huangshi.zu.fang.com/house/a210/ -lianjie
https://ezhou.zu.fang.com/house/a210/ -lianjie
https://xianning.zu.fang.com/house/a210/ -lianjie
https://xiantao.zu.fang.com/house/a210/ -lianjie
https://shennongjia.zu.fang.com/house/a210/ -lianjie
https://tianmen.zu.fang.com/house/a210/ -lianjie
https://qj.zu.fang.com/house/a210/ -lianjie
https://dangyang.zu.fang.com/house/a210/ -lianjie
https://yidu.zu.fang.com/house/a210/ -lianjie
https://zhijiang.zu.fang.com/house/a210/ -lianjie
https://whhn.zu.fang.com/house/a210/ -lianjie
https://hbjs.zu.fang.com/house/a210/ -lianjie
https://zhongxiang.zu.fang.com/house/a210/ -lianjie
https://lhk.zu.fang.com/house/a210/ -lianjie
https://hbzy.zu.fang.com/house/a210/ -lianjie
https://hbyc.zu.fang.com/house/a210/ -lianjie
https://cs.zu.fang.com/house/a210/ -lianjie
https://zhuzhou.zu.fang.com/house/a210/ -lianjie
https://hengyang.zu.fang.com/house/a210/ -lianjie
https://yueyang.zu.fang.com/house/a210/ -lianjie
https://xt.zu.fang.com/house/a210/ -lianjie
https://changde.zu.fang.com/house/a210/ -lianjie
https://yiyang.zu.fang.com/house/a210/ -lianjie
https://yongzhou.zu.fang.com/house/a210/ -lianjie
https://loudi.zu.fang.com/house/a210/ -lianjie
https://shaoyang.zu.fang.com/house/a210/ -lianjie
https://huaihua.zu.fang.com/house/a210/ -lianjie
https://chenzhou.zu.fang.com/house/a210/ -lianjie
https://xiangxi.zu.fang.com/house/a210/ -lianjie
https://zhangjiajie.zu.fang.com/house/a210/ -lianjie
https://liuyang.zu.fang.com/house/a210/ -lianjie
https://ningxiang.zu.fang.com/house/a210/ -lianjie
https://liling.zu.fang.com/house/a210/ -lianjie
https://youxianzu.fang.com/house/a210/ -lianjie
https://xiangxiangzu.fang.com/house/a210/ -lianjie
https://cswc.zu.fang.com/house/a210/ -lianjie
https://leiyang.zu.fang.com/house/a210/ -lianjie
https://sszu.fang.com/house/a210/ -lianjie
https://cn.zu.fang.com/house/a210/ -lianjie
https://sjz.zu.fang.com/house/a210/ -lianjie
https://ts.zu.fang.com/house/a210/ -lianjie
https://bd.zu.fang.com/house/a210/ -lianjie
https://cangzhou.zu.fang.com/house/a210/ -lianjie
https://lf.zu.fang.com/house/a210/ -lianjie
https://xingtai.zu.fang.com/house/a210/ -lianjie
https://hd.zu.fang.com/house/a210/ -lianjie
https://qhd.zu.fang.com/house/a210/ -lianjie
https://hs.zu.fang.com/house/a210/ -lianjie
https://zhangjiakou.zu.fang.com/house/a210/ -lianjie
https://chengde.zu.fang.com/house/a210/ -lianjie
https://guan.zu.fang.com/house/a210/ -lianjie
https://zhuozhou.zu.fang.com/house/a210/ -lianjie
https://zunhua.zu.fang.com/house/a210/ -lianjie
https://qianan.zu.fang.com/house/a210/ -lianjie
https://dingzhou.zu.fang.com/house/a210/ -lianjie
https://xinji.zu.fang.com/house/a210/ -lianjie
https://luanxian.zu.fang.com/house/a210/ -lianjie
https://yutian.zu.fang.com/house/a210/ -lianjie
https://hbjz.zu.fang.com/house/a210/ -lianjie
https://luannan.zu.fang.com/house/a210/ -lianjie
https://gaobeidian.zu.fang.com/house/a210/ -lianjie
https://hbzx.zu.fang.com/house/a210/ -lianjie
https://hbwj.zu.fang.com/house/a210/ -lianjie
https://hbql.zu.fang.com/house/a210/ -lianjie
https://hblt.zu.fang.com/house/a210/ -lianjie
https://qianxi.zu.fang.com/house/a210/ -lianjie
https://wenan.zu.fang.com/house/a210/ -lianjie
https://xinle.zu.fang.com/house/a210/ -lianjie
https://hbys.zu.fang.com/house/a210/ -lianjie
https://hbbz.zu.fang.com/house/a210/ -lianjie
https://changli.zu.fang.com/house/a210/ -lianjie
https://hbps.zu.fang.com/house/a210/ -lianjie
https://wuan.zu.fang.com/house/a210/ -lianjie
https://renqiu.zu.fang.com/house/a210/ -lianjie
https://hbszzu.fang.com/house/a210/ -lianjie
https://jz.zu.fang.com/house/a210/ -lianjie
https://hbshzu.fang.com/house/a210/ -lianjie
https://yuxian.zu.fang.com/house/a210/ -lianjie
https://yongqing.zu.fang.com/house/a210/ -lianjie
https://gaoyang.zu.fang.com/house/a210/ -lianjie
https://dingxing.zu.fang.com/house/a210/ -lianjie
https://laishuizu.fang.com/house/a210/ -lianjie
https://nanjing.zu.fang.com/house/a210/ -lianjie
https://suzhou.zu.fang.com/house/a210/ -lianjie
https://wuxi.zu.fang.com/house/a210/ -lianjie
https://xz.zu.fang.com/house/a210/ -lianjie
https://cz.zu.fang.com/house/a210/ -lianjie
https://huaian.zu.fang.com/house/a210/ -lianjie
https://yz.zu.fang.com/house/a210/ -lianjie
https://nt.zu.fang.com/house/a210/ -lianjie
https://yancheng.zu.fang.com/house/a210/ -lianjie
https://lyg.zu.fang.com/house/a210/ -lianjie
https://sq.zu.fang.com/house/a210/ -lianjie
https://taizhou.zu.fang.com/house/a210/ -lianjie
https://zhenjiang.zu.fang.com/house/a210/ -lianjie
https://changshu.zu.fang.com/house/a210/ -lianjie
https://zjg.zu.fang.com/house/a210/ -lianjie
https://ks.zu.fang.com/house/a210/ -lianjie
https://wj.esf.zu.fang.com/house/a210/ -lianjie
https://pizhou.zu.fang.com/house/a210/ -lianjie
https://qidong.zu.fang.com/house/a210/ -lianjie
https://liyang.zu.fang.com/house/a210/ -lianjie
https://dongtai.zu.fang.com/house/a210/ -lianjie
https://taixing.zu.fang.com/house/a210/ -lianjie
https://xinghua.zu.fang.com/house/a210/ -lianjie
https://haimen.zu.fang.com/house/a210/ -lianjie
https://rugao.zu.fang.com/house/a210/ -lianjie
https://jiangdu.zu.fang.com/house/a210/ -lianjie
https://xinyi.zu.fang.com/house/a210/ -lianjie
https://gaoyou.zu.fang.com/house/a210/ -lianjie
https://jingjiang.zu.fang.com/house/a210/ -lianjie
https://tc.zu.fang.com/house/a210/ -lianjie
https://jy.zu.fang.com/house/a210/ -lianjie
https://yixing.zu.fang.com/house/a210/ -lianjie
https://shuyang.zu.fang.com/house/a210/ -lianjie
https://haian.zu.fang.com/house/a210/ -lianjie
https://rudong.zu.fang.com/house/a210/ -lianjie
https://yizheng.zu.fang.com/house/a210/ -lianjie
https://jintan.zu.fang.com/house/a210/ -lianjie
https://jssn.zu.fang.com/house/a210/ -lianjie
https://jsfx.zu.fang.com/house/a210/ -lianjie
https://peixian.zu.fang.com/house/a210/ -lianjie
https://jr.zu.fang.com/house/a210/ -lianjie
https://baoying.zu.fang.com/house/a210/ -lianjie
https://njgc.zu.fang.com/house/a210/ -lianjie
https://quanshan.zu.fang.com/house/a210/ -lianjie
https://tongshan.zu.fang.com/house/a210/ -lianjie
https://funing.zu.fang.com/house/a210/ -lianjie
https://jiangyan.zu.fang.com/house/a210/ -lianjie
https://ksys.zu.fang.com/house/a210/ -lianjie
https://jinhu.zu.fang.com/house/a210/ -lianjie
https://donghai.zu.fang.com/house/a210/ -lianjie
https://nc.zu.fang.com/house/a210/ -lianjie
https://ganzhou.zu.fang.com/house/a210/ -lianjie
https://jiujiang.zu.fang.com/house/a210/ -lianjie
https://jian.zu.fang.com/house/a210/ -lianjie
https://shangrao.zu.fang.com/house/a210/ -lianjie
https://pingxiang.zu.fang.com/house/a210/ -lianjie
https://yingtan.zu.fang.com/house/a210/ -lianjie
https://yichun.zu.fang.com/house/a210/ -lianjie
https://jingdezhen.zu.fang.com/house/a210/ -lianjie
https://jxfuzhou.zu.fang.com/house/a210/ -lianjie
https://xinyu.zu.fang.com/house/a210/ -lianjie
https://ruijin.zu.fang.com/house/a210/ -lianjie
https://jinxian.zu.fang.com/house/a210/ -lianjie
https://xinjian.zu.fang.com/house/a210/ -lianjie
https://jxfc.zu.fang.com/house/a210/ -lianjie
https://jxja.zu.fang.com/house/a210/ -lianjie
https://changchun.zu.fang.com/house/a210/ -lianjie
https://jl.zu.fang.com/house/a210/ -lianjie
https://siping.zu.fang.com/house/a210/ -lianjie
https://baishan.zu.fang.com/house/a210/ -lianjie
https://baicheng.zu.fang.com/house/a210/ -lianjie
https://yanbian.zu.fang.com/house/a210/ -lianjie
https://tonghua.zu.fang.com/house/a210/ -lianjie
https://songyuan.zu.fang.com/house/a210/ -lianjie
https://liaoyuan.zu.fang.com/house/a210/ -lianjie
https://nongan.zu.fang.com/house/a210/ -lianjie
https://dehui.zu.fang.com/house/a210/ -lianjie
https://jlys.zu.fang.com/house/a210/ -lianjie
https://huadian.zu.fang.com/house/a210/ -lianjie
https://gongzhuling.zu.fang.com/house/a210/ -lianjie
https://sy.zu.fang.com/house/a210/ -lianjie
https://dl.zu.fang.com/house/a210/ -lianjie
https://fushun.zu.fang.com/house/a210/ -lianjie
https://jinzhou.zu.fang.com/house/a210/ -lianjie
https://anshan.zu.fang.com/house/a210/ -lianjie
https://huludao.zu.fang.com/house/a210/ -lianjie
https://fuxin.zu.fang.com/house/a210/ -lianjie
https://yk.zu.fang.com/house/a210/ -lianjie
https://benxi.zu.fang.com/house/a210/ -lianjie
https://chaoyang.zu.fang.com/house/a210/ -lianjie
https://tieling.zu.fang.com/house/a210/ -lianjie
https://liaoyang.zu.fang.com/house/a210/ -lianjie
https://panjin.zu.fang.com/house/a210/ -lianjie
https://dandong.zu.fang.com/house/a210/ -lianjie
https://pulandian.zu.fang.com/house/a210/ -lianjie
https://wafangdian.zu.fang.com/house/a210/ -lianjie
https://donggang.zu.fang.com/house/a210/ -lianjie
https://fengcheng.zu.fang.com/house/a210/ -lianjie
https://lnzh.zu.fang.com/house/a210/ -lianjie
https://xinmin.zu.fang.com/house/a210/ -lianjie
https://liaozhong.zu.fang.com/house/a210/ -lianjie
https://faku.zu.fang.com/house/a210/ -lianjie
https://kangping.zu.fang.com/house/a210/ -lianjie
https://lnta.zu.fang.com/house/a210/ -lianjie
https://haicheng.zu.fang.com/house/a210/ -lianjie
https://yinchuan.zu.fang.com/house/a210/ -lianjie
https://shizuishan.zu.fang.com/house/a210/ -lianjie
https://guyuan.zu.fang.com/house/a210/ -lianjie
https://wuzhong.zu.fang.com/house/a210/ -lianjie
https://zhongwei.zu.fang.com/house/a210/ -lianjie
https://nm.zu.fang.com/house/a210/ -lianjie
https://bt.zu.fang.com/house/a210/ -lianjie
https://chifeng.zu.fang.com/house/a210/ -lianjie
https://erds.zu.fang.com/house/a210/ -lianjie
https://tl.zu.fang.com/house/a210/ -lianjie
https://wlcb.zu.fang.com/house/a210/ -lianjie
https://byne.zu.fang.com/house/a210/ -lianjie
https://alsm.zu.fang.com/house/a210/ -lianjie
https://hailaer.zu.fang.com/house/a210/ -lianjie
https://hlbe.zu.fang.com/house/a210/ -lianjie
https://wuhai.zu.fang.com/house/a210/ -lianjie
https://xlglm.zu.fang.com/house/a210/ -lianjie
https://xam.zu.fang.com/house/a210/ -lianjie
https://xilinhaote.zu.fang.com/house/a210/ -lianjie
https://xn.zu.fang.com/house/a210/ -lianjie
https://guoluo.zu.fang.com/house/a210/ -lianjie
https://huangnan.zu.fang.com/house/a210/ -lianjie
https://haixi.zu.fang.com/house/a210/ -lianjie
https://haidong.zu.fang.com/house/a210/ -lianjie
https://haibei.zu.fang.com/house/a210/ -lianjie
https://yushu.zu.fang.com/house/a210/ -lianjie
https://jn.zu.fang.com/house/a210/ -lianjie
https://qd.zu.fang.com/house/a210/ -lianjie
https://zb.zu.fang.com/house/a210/ -lianjie
https://wf.zu.fang.com/house/a210/ -lianjie
https://yt.zu.fang.com/house/a210/ -lianjie
https://weihai.zu.fang.com/house/a210/ -lianjie
https://linyi.zu.fang.com/house/a210/ -lianjie
https://jining.zu.fang.com/house/a210/ -lianjie
https://binzhou.zu.fang.com/house/a210/ -lianjie
https://dz.zu.fang.com/house/a210/ -lianjie
https://dy.zu.fang.com/house/a210/ -lianjie
https://zaozhuang.zu.fang.com/house/a210/ -lianjie
https://lc.zu.fang.com/house/a210/ -lianjie
https://taian.zu.fang.com/house/a210/ -lianjie
https://rz.zu.fang.com/house/a210/ -lianjie
https://heze.zu.fang.com/house/a210/ -lianjie
https://laiwu.zu.fang.com/house/a210/ -lianjie
https://zhangqiu.zu.fang.com/house/a210/ -lianjie
https://zhucheng.zu.fang.com/house/a210/ -lianjie
https://zy.zu.fang.com/house/a210/ -lianjie
https://gaomi.zu.fang.com/house/a210/ -lianjie
https://sg.zu.fang.com/house/a210/ -lianjie
https://zoucheng.zu.fang.com/house/a210/ -lianjie
https://tengzhou.zu.fang.com/house/a210/ -lianjie
https://pingdu.zu.fang.com/house/a210/ -lianjie
https://xintai.zu.fang.com/house/a210/ -lianjie
https://feicheng.zu.fang.com/house/a210/ -lianjie
https://laizhou.zu.fang.com/house/a210/ -lianjie
https://zouping.zu.fang.com/house/a210/ -lianjie
https://jiaonan.zu.fang.com/house/a210/ -lianjie
https://longkou.zu.fang.com/house/a210/ -lianjie
https://jimo.zu.fang.com/house/a210/ -lianjie
https://laixi.zu.fang.com/house/a210/ -lianjie
https://changyi.zu.fang.com/house/a210/ -lianjie
https://guangrao.zu.fang.com/house/a210/ -lianjie
https://penglai.zu.fang.com/house/a210/ -lianjie
https://anqiu.zu.fang.com/house/a210/ -lianjie
https://qingzhou.zu.fang.com/house/a210/ -lianjie
https://linqu.zu.fang.com/house/a210/ -lianjie
https://sdjy.zu.fang.com/house/a210/ -lianjie
https://sdsh.zu.fang.com/house/a210/ -lianjie
https://sdcl.zu.fang.com/house/a210/ -lianjie
https://laiyang.zu.fang.com/house/a210/ -lianjie
https://sdpy.zu.fang.com/house/a210/ -lianjie
https://linqing.zu.fang.com/house/a210/ -lianjie
https://qixia.zu.fang.com/house/a210/ -lianjie
https://haiyang.zu.fang.com/house/a210/ -lianjie
https://jncq.zu.fang.com/house/a210/ -lianjie
https://jiaozhou.zu.fang.com/house/a210/ -lianjie
https://ytcd.zu.fang.com/house/a210/ -lianjie
https://taiyuan.zu.fang.com/house/a210/ -lianjie
https://changzhi.zu.fang.com/house/a210/ -lianjie
https://yuncheng.zu.fang.com/house/a210/ -lianjie
https://linfen.zu.fang.com/house/a210/ -lianjie
https://jinzhong.zu.fang.com/house/a210/ -lianjie
https://datong.zu.fang.com/house/a210/ -lianjie
https://xinzhou.zu.fang.com/house/a210/ -lianjie
https://lvliang.zu.fang.com/house/a210/ -lianjie
https://shuozhou.zu.fang.com/house/a210/ -lianjie
https://yangquan.zu.fang.com/house/a210/ -lianjie
https://jc.zu.fang.com/house/a210/ -lianjie
https://sxly.zu.fang.com/house/a210/ -lianjie
https://qingxu.zu.fang.com/house/a210/ -lianjie
https://yangqu.zu.fang.com/house/a210/ -lianjie
https://huairen.zu.fang.com/house/a210/ -lianjie
https://xian.zu.fang.com/house/a210/ -lianjie
https://baoji.zu.fang.com/house/a210/ -lianjie
https://xianyang.zu.fang.com/house/a210/ -lianjie
https://weinan.zu.fang.com/house/a210/ -lianjie
https://hanzhong.zu.fang.com/house/a210/ -lianjie
https://ankang.zu.fang.com/house/a210/ -lianjie
https://sxyulin.zu.fang.com/house/a210/ -lianjie
https://yanan.zu.fang.com/house/a210/ -lianjie
https://tongchuan.zu.fang.com/house/a210/ -lianjie
https://shangluo.zu.fang.com/house/a210/ -lianjie
https://lantian.zu.fang.com/house/a210/ -lianjie
https://huxian.zu.fang.com/house/a210/ -lianjie
https://zhouzhi.zu.fang.com/house/a210/ -lianjie
https://gaoling.zu.fang.com/house/a210/ -lianjie
https://cd.zu.fang.com/house/a210/ -lianjie
https://mianyang.zu.fang.com/house/a210/ -lianjie
https://luzhou.zu.fang.com/house/a210/ -lianjie
https://nanchong.zu.fang.com/house/a210/ -lianjie
https://deyang.zu.fang.com/house/a210/ -lianjie
https://leshan.zu.fang.com/house/a210/ -lianjie
https://dazhou.zu.fang.com/house/a210/ -lianjie
https://guangan.zu.fang.com/house/a210/ -lianjie
https://panzhihua.zu.fang.com/house/a210/ -lianjie
https://suining.zu.fang.com/house/a210/ -lianjie
https://zigong.zu.fang.com/house/a210/ -lianjie
https://neijiang.zu.fang.com/house/a210/ -lianjie
https://guangyuan.zu.fang.com/house/a210/ -lianjie
https://bazhong.zu.fang.com/house/a210/ -lianjie
https://yibin.zu.fang.com/house/a210/ -lianjie
https://meishan.zu.fang.com/house/a210/ -lianjie
https://ziyang.zu.fang.com/house/a210/ -lianjie
https://yaan.zu.fang.com/house/a210/ -lianjie
https://liangshan.zu.fang.com/house/a210/ -lianjie
https://abazhou.zu.fang.com/house/a210/ -lianjie
https://ganzi.zu.fang.com/house/a210/ -lianjie
https://pengzhou.zu.fang.com/house/a210/ -lianjie
https://scjt.zu.fang.com/house/a210/ -lianjie
https://qionglai.zu.fang.com/house/a210/ -lianjie
https://jianyang.zu.fang.com/house/a210/ -lianjie
https://chongzhou.zu.fang.com/house/a210/ -lianjie
https://dayi.zu.fang.com/house/a210/ -lianjie
https://dujiangyan.zu.fang.com/house/a210/ -lianjie
https://xinjin.zu.fang.com/house/a210/ -lianjie
https://emeishanzu.fang.com/house/a210/ -lianjie
https://jizhou.zu.fang.com/house/a210/ -lianjie
https://xj.zu.fang.com/house/a210/ -lianjie
https://kelamayi.zu.fang.com/house/a210/ -lianjie
https://kashi.zu.fang.com/house/a210/ -lianjie
https://bazhou.zu.fang.com/house/a210/ -lianjie
https://yili.zu.fang.com/house/a210/ -lianjie
https://akesu.zu.fang.com/house/a210/ -lianjie
https://alaer.zu.fang.com/house/a210/ -lianjie
https://betl.zu.fang.com/house/a210/ -lianjie
https://esf.changji.zu.fang.com/house/a210/ -lianjie
https://hami.zu.fang.com/house/a210/ -lianjie
https://hetian.zu.fang.com/house/a210/ -lianjie
https://kzls.zu.fang.com/house/a210/ -lianjie
https://shihezi.zu.fang.com/house/a210/ -lianjie
https://tulufan.zu.fang.com/house/a210/ -lianjie
https://tmsk.zu.fang.com/house/a210/ -lianjie
https://wujiaqu.zu.fang.com/house/a210/ -lianjie
https://kuitun.zu.fang.com/house/a210/ -lianjie
https://kuerle.zu.fang.com/house/a210/ -lianjie
https://ali.zu.fang.com/house/a210/ -lianjie
https://changdu.zu.fang.com/house/a210/ -lianjie
https://lasa.zu.fang.com/house/a210/ -lianjie
https://linzhi.zu.fang.com/house/a210/ -lianjie
https://naqu.zu.fang.com/house/a210/ -lianjie
https://rikaze.zu.fang.com/house/a210/ -lianjie
https://shannan.zu.fang.com/house/a210/ -lianjie
https://km.zu.fang.com/house/a210/ -lianjie
https://honghe.zu.fang.com/house/a210/ -lianjie
https://wenshan.zu.fang.com/house/a210/ -lianjie
https://qujing.zu.fang.com/house/a210/ -lianjie
https://yuxi.zu.fang.com/house/a210/ -lianjie
https://lijiang.zu.fang.com/house/a210/ -lianjie
https://dali.zu.fang.com/house/a210/ -lianjie
https://chuxiong.zu.fang.com/house/a210/ -lianjie
https://baoshan.zu.fang.com/house/a210/ -lianjie
https://zhaotong.zu.fang.com/house/a210/ -lianjie
https://dehong.zu.fang.com/house/a210/ -lianjie
https://lincang.zu.fang.com/house/a210/ -lianjie
https://xishuangbanna.zu.fang.com/house/a210/ -lianjie
https://puer.zu.fang.com/house/a210/ -lianjie
https://diqing.zu.fang.com/house/a210/ -lianjie
https://nujiang.zu.fang.com/house/a210/ -lianjie
https://anning.zu.fang.com/house/a210/ -lianjie
https://ynylzu.fang.com/house/a210/ -lianjie
https://hz.zu.fang.com/house/a210/ -lianjie
https://nb.zu.fang.com/house/a210/ -lianjie
https://jx.zu.fang.com/house/a210/ -lianjie
https://wz.zu.fang.com/house/a210/ -lianjie
https://jh.zu.fang.com/house/a210/ -lianjie
https://tz.zu.fang.com/house/a210/ -lianjie
https://sx.zu.fang.com/house/a210/ -lianjie
https://huzhou.zu.fang.com/house/a210/ -lianjie
https://quzhou.zu.fang.com/house/a210/ -lianjie
https://ls.zu.fang.com/house/a210/ -lianjie
https://zhoushan.zu.fang.com/house/a210/ -lianjie
https://changxing.zu.fang.com/house/a210/ -lianjie
https://deqing.zu.fang.com/house/a210/ -lianjie
https://ruian.zu.fang.com/house/a210/ -lianjie
https://yiwu.zu.fang.com/house/a210/ -lianjie
https://cixi.zu.fang.com/house/a210/ -lianjie
https://yueqing.zu.fang.com/house/a210/ -lianjie
https://haining.zu.fang.com/house/a210/ -lianjie
https://wenling.zu.fang.com/house/a210/ -lianjie
https://zhuji.zu.fang.com/house/a210/ -lianjie
https://linhai.zu.fang.com/house/a210/ -lianjie
https://yuyao.zu.fang.com/house/a210/ -lianjie
https://tongxiang.zu.fang.com/house/a210/ -lianjie
https://shangyu.zu.fang.com/house/a210/ -lianjie
https://yongkang.zu.fang.com/house/a210/ -lianjie
https://pinghu.zu.fang.com/house/a210/ -lianjie
https://zjfy.zu.fang.com/house/a210/ -lianjie
https://ninghai.zu.fang.com/house/a210/ -lianjie
https://fenghua.zu.fang.com/house/a210/ -lianjie
https://linan.zu.fang.com/house/a210/ -lianjie
https://jiande.zu.fang.com/house/a210/ -lianjie
https://zjtl.zu.fang.com/house/a210/ -lianjie
https://zjxs.zu.fang.com/house/a210/ -lianjie
https://yuhuan.zu.fang.com/house/a210/ -lianjie
https://chunan.zu.fang.com/house/a210/ -lianjie
https://zhenhai.zu.fang.com/house/a210/ -lianjie
https://haiyan.zu.fang.com/house/a210/ -lianjie
https://aj.zu.fang.com/house/a210/ -lianjie
https://quanjiao.zu.fang.com/house/a210/ -lianjie
 https://wanzhouzu.fang.com/house/a210/ -lianjie
 https://qijiangzu.fang.com/house/a210/ -lianjie
 https://qianjiangzu.fang.com/house/a210/ -lianjie
https://hechuanzu.fang.com/house/a210/ -lianjie
https://cqjiangjin.zu.fang.com/house/a210/ -lianjie
https://cqtongliang.zu.fang.com/house/a210/ -lianjie
https://cqchangshou.zu.fang.com/house/a210/ -lianjie
https://cqnanchuan.zu.fang.com/house/a210/ -lianjie
https://yongchuanzu.fang.com/house/a210/ -lianjie
https://wushanzu.fang.com/house/a210/ -lianjie
https://cqdazuzu.fang.com/house/a210/ -lianjie
https://cqbishanzu.fang.com/house/a210/ -lianjie
https://cqtongnanzu.fang.com/house/a210/ -lianjie
https://cqrongchangzu.fang.com/house/a210/ -lianjie
https://cqliangpingzu.fang.com/house/a210/ -lianjie
https://cqdianjiangzu.fang.com/house/a210/ -lianjie
https://cqwulongzu.fang.com/house/a210/ -lianjie
https://cqzhongxianzu.fang.com/house/a210/ -lianjie
https://cqkaixianzu.fang.com/house/a210/ -lianjie
https://cqyunyangzu.fang.com/house/a210/ -lianjie
https://cqfengjiezu.fang.com/house/a210/ -lianjie
https://cqshizhuzu.fang.com/house/a210/ -lianjie
https://leizhou.zu.fang.com/house/a210/ -lianjie
https://dongxing.zu.fang.com/house/a210/ -lianjie
https://qiandongnan.zu.fang.com/house/a210/ -lianjie
https://liupanshui.zu.fang.com/house/a210/ -lianjie
https://kaili.zu.fang.com/house/a210/ -lianjie
https://youxianzu.fang.com/house/a210/ -lianjie
https://xiangxiangzu.fang.com/house/a210/ -lianjie
https://sszu.fang.com/house/a210/ -lianjie
https://guan.zu.fang.com/house/a210/ -lianjie
https://zhuozhou.zu.fang.com/house/a210/ -lianjie
https://hbszzu.fang.com/house/a210/ -lianjie
https://hbshzu.fang.com/house/a210/ -lianjie
https://yuxian.zu.fang.com/house/a210/ -lianjie
https://yongqing.zu.fang.com/house/a210/ -lianjie
https://gaoyang.zu.fang.com/house/a210/ -lianjie
https://laishuizu.fang.com/house/a210/ -lianjie
https://wj.esf.zu.fang.com/house/a210/ -lianjie
https://emeishanzu.fang.com/house/a210/ -lianjie
https://esf.changji.zu.fang.com/house/a210/ -lianjie
https://ynylzu.fang.com/house/a210/ -lianjie
https://sx.zu.fang.com/house/a210/ -lianjie
https://yiwu.zu.fang.com/house/a210/ -lianjie
https://yongkang.zu.fang.com/house/a210/ -lianjie
