https://esf.fang.com/housing/6_1237_0_0_0_0_2_0_0_0/ -lianjie
https://esf.fang.com/housing/6_2677_0_0_0_0_2_0_0_0/ -lianjie
https://esf.fang.com/housing/6_1158_0_0_0_0_3_0_0_0/ -lianjie
https://esf.fang.com/housing/6_82_0_0_0_0_2_0_0_0/ -lianjie
https://esf.fang.com/housing/1_47_0_0_0_0_3_0_0_0/ -lianjie
https://esf.fang.com/housing/1_5046_0_0_0_0_2_0_0_0/ -lianjie
https://esf.fang.com/housing/1_7196_0_0_0_0_2_0_0_0/ -lianjie
https://esf.fang.com/housing/1_7196_0_0_0_0_3_0_0_0/ -lianjie
https://esf.fang.com/housing/1_45_0_0_0_0_2_0_0_0/ -lianjie
https://esf.fang.com/housing/1_42_0_0_0_0_2_0_0_0/ -lianjie
https://esf.fang.com/housing/1_42_0_0_0_0_5_0_0_0/ -lianjie
https://esf.fang.com/housing/1_42_0_0_0_0_6_0_0_0/ -lianjie
https://esf.fang.com/housing/3_78_0_0_0_0_8_0_0_0/ -lianjie
https://sh.esf.fang.com/housing/25_5278_0_0_0_0_15_0_0_0/ -lianjie
https://sh.esf.fang.com/housing/25_1636_0_0_0_0_14_0_0_0/ -lianjie
https://sh.esf.fang.com/housing/25_1645_0_0_0_0_3_0_0_0/ -lianjie
https://sh.esf.fang.com/housing/25_1645_0_0_0_0_11_0_0_0/ -lianjie
https://sh.esf.fang.com/housing/25_1645_0_0_0_0_13_0_0_0/ -lianjie
https://sh.esf.fang.com/housing/25_5926_0_0_0_0_2_0_0_0/ -lianjie
https://sh.esf.fang.com/housing/18_4755_0_0_0_0_6_0_0_0/ -lianjie
https://sh.esf.fang.com/housing/586_1708_0_0_0_0_5_0_0_0/ -lianjie
https://sh.esf.fang.com/housing/28_5252_0_0_0_0_2_0_0_0/ -lianjie
https://sh.esf.fang.com/housing/28_5254_0_0_0_0_3_0_0_0/ -lianjie
https://sh.esf.fang.com/housing/19_103_0_0_0_0_11_0_0_0/ -lianjie
https://esf.fang.com/housing/0_0_0_0_0_0_15_0_0_0/ -lianjie
https://esf.fang.com/housing/8_2739_0_0_0_0_4_0_0_0/ -lianjie
https://sh.esf.fang.com/housing/25_5929_0_0_0_0_13_0_0_0/ -lianjie
https://sh.esf.fang.com/housing/25_5929_0_0_0_0_14_0_0_0/ -lianjie
https://sh.esf.fang.com/housing/25_3990_0_0_0_0_7_0_0_0/ -lianjie
https://sh.esf.fang.com/housing/25_1642_0_0_0_0_2_0_0_0/ -lianjie
https://sh.esf.fang.com/housing/25_1642_0_0_0_0_6_0_0_0/ -lianjie
https://sh.esf.fang.com/housing/25_5926_0_0_0_0_7_0_0_0/ -lianjie
https://sh.esf.fang.com/housing/31_5263_0_0_0_0_8_0_0_0/ -lianjie
https://sh.esf.fang.com/housing/31_7309_0_0_0_0_3_0_0_0/ -lianjie
https://sh.esf.fang.com/housing/31_1684_0_0_0_0_3_0_0_0/ -lianjie
https://sh.esf.fang.com/housing/586_1708_0_0_0_0_7_0_0_0/ -lianjie
https://sh.esf.fang.com/housing/28_1655_0_0_0_0_5_0_0_0/ -lianjie
https://sh.esf.fang.com/housing/28_1658_0_0_0_0_4_0_0_0/ -lianjie
https://sh.esf.fang.com/housing/19_103_0_0_0_0_16_0_0_0/ -lianjie
https://sh.esf.fang.com/housing/26_5255_0_0_0_0_3_0_0_0/ -lianjie
https://sh.esf.fang.com/housing/26_5255_0_0_0_0_5_0_0_0/ -lianjie
https://sh.esf.fang.com/housing/26_1647_0_0_0_0_5_0_0_0/ -lianjie
https://sh.esf.fang.com/housing/26_1652_0_0_0_0_2_0_0_0/ -lianjie
https://sh.esf.fang.com/housing/26_1652_0_0_0_0_6_0_0_0/ -lianjie
https://sh.esf.fang.com/housing/26_1649_0_0_0_0_2_0_0_0/ -lianjie
https://sh.esf.fang.com/housing/23_1628_0_0_0_0_4_0_0_0/ -lianjie
https://sh.esf.fang.com/housing/23_1628_0_0_0_0_8_0_0_0/ -lianjie
https://sh.esf.fang.com/housing/23_1628_0_0_0_0_11_0_0_0/ -lianjie
https://sh.esf.fang.com/housing/27_1653_0_0_0_0_3_0_0_0/ -lianjie
https://sh.esf.fang.com/housing/27_1653_0_0_0_0_4_0_0_0/ -lianjie
https://sh.esf.fang.com/housing/27_1653_0_0_0_0_6_0_0_0/ -lianjie
https://sh.esf.fang.com/housing/27_1653_0_0_0_0_10_0_0_0/ -lianjie
https://sh.esf.fang.com/housing/27_1653_0_0_0_0_11_0_0_0/ -lianjie
https://sh.esf.fang.com/housing/27_1653_0_0_0_0_15_0_0_0/ -lianjie
https://sh.esf.fang.com/housing/24_5240_0_0_0_0_6_0_0_0/ -lianjie
https://sh.esf.fang.com/housing/21_1624_0_0_0_0_7_0_0_0/ -lianjie
https://cq.esf.fang.com/housing/56_2412_0_0_0_0_8_0_0_0/ -lianjie
https://cq.esf.fang.com/housing/56_5532_0_0_0_0_2_0_0_0/ -lianjie
https://cq.esf.fang.com/housing/58_4847_0_0_0_0_7_0_0_0/ -lianjie
https://cq.esf.fang.com/housing/58_4847_0_0_0_0_12_0_0_0/ -lianjie
https://cq.esf.fang.com/housing/62_249_0_0_0_0_3_0_0_0/ -lianjie
https://cq.esf.fang.com/housing/62_22489_0_0_0_0_2_0_0_0/ -lianjie
https://cq.esf.fang.com/housing/62_4873_0_0_0_0_2_0_0_0/ -lianjie
https://cq.esf.fang.com/housing/63_22491_0_0_0_0_3_0_0_0/ -lianjie
https://cq.esf.fang.com/housing/63_4878_0_0_0_0_3_0_0_0/ -lianjie
https://cq.esf.fang.com/housing/11828_260_0_0_0_0_4_0_0_0/ -lianjie
https://cq.esf.fang.com/housing/11828_260_0_0_0_0_5_0_0_0/ -lianjie
https://cq.esf.fang.com/housing/11828_260_0_0_0_0_6_0_0_0/ -lianjie
https://cq.esf.fang.com/housing/11828_260_0_0_0_0_10_0_0_0/ -lianjie
https://cq.esf.fang.com/housing/11828_260_0_0_0_0_11_0_0_0/ -lianjie
https://cq.esf.fang.com/housing/11828_260_0_0_0_0_12_0_0_0/ -lianjie
https://cq.esf.fang.com/housing/11828_260_0_0_0_0_13_0_0_0/ -lianjie
https://cq.esf.fang.com/housing/11828_260_0_0_0_0_14_0_0_0/ -lianjie
https://cq.esf.fang.com/housing/15878_2163_0_0_0_0_5_0_0_0/ -lianjie
https://hf.esf.fang.com/housing/873_4742_0_0_0_0_2_0_0_0/ -lianjie
https://hf.esf.fang.com/housing/872_4691_0_0_0_0_2_0_0_0/ -lianjie
https://bengbu.esf.fang.com/housing/11914_14484_0_0_0_0_3_0_0_0/ -lianjie
https://bengbu.esf.fang.com/housing/11918_14489_0_0_0_0_2_0_0_0/ -lianjie
https://fuyang.esf.fang.com/housing/11993_19148_0_0_0_0_2_0_0_0/ -lianjie
https://anqing.esf.fang.com/housing/11965_20737_0_0_0_0_9_0_0_0/ -lianjie
https://anqing.esf.fang.com/housing/11971_20743_0_0_0_0_2_0_0_0/ -lianjie
https://anqing.esf.fang.com/housing/11972_20744_0_0_0_0_2_0_0_0/ -lianjie
https://anqing.esf.fang.com/housing/11972_20744_0_0_0_0_3_0_0_0/ -lianjie
https://chuzhou.esf.fang.com/housing/11983_22075_0_0_0_0_4_0_0_0/ -lianjie
https://chuzhou.esf.fang.com/housing/11983_22075_0_0_0_0_7_0_0_0/ -lianjie
https://fz.esf.fang.com/housing/783_5362_0_0_0_0_2_0_0_0/ -lianjie
https://fz.esf.fang.com/housing/347_5333_0_0_0_0_2_0_0_0/ -lianjie
https://fz.esf.fang.com/housing/347_5335_0_0_0_0_2_0_0_0/ -lianjie
https://gy.esf.fang.com/housing/230_6488_0_0_0_0_2_0_0_0/ -lianjie
https://yc.esf.fang.com/housing/11468_13096_0_0_0_0_4_0_0_0/ -lianjie
https://jingzhou.esf.fang.com/housing/12707_18637_0_0_0_0_2_0_0_0/ -lianjie
https://jingzhou.esf.fang.com/housing/12707_18320_0_0_0_0_2_0_0_0/ -lianjie
https://huanggang.esf.fang.com/housing/12714_20735_0_0_0_0_4_0_0_0/ -lianjie
https://huangshi.esf.fang.com/housing/12673_16055_0_0_0_0_4_0_0_0/ -lianjie
https://huangshi.esf.fang.com/housing/12673_16055_0_0_0_0_5_0_0_0/ -lianjie
https://xiantao.esf.fang.com/housing/13558_22790_0_0_0_0_4_0_0_0/ -lianjie
https://zhuzhou.esf.fang.com/housing/11477_14584_0_0_0_0_2_0_0_0/ -lianjie
https://zhuzhou.esf.fang.com/housing/11479_14583_0_0_0_0_8_0_0_0/ -lianjie
https://zhuzhou.esf.fang.com/housing/11479_14583_0_0_0_0_9_0_0_0/ -lianjie
https://changde.esf.fang.com/housing/12773_16155_0_0_0_0_2_0_0_0/ -lianjie
https://changde.esf.fang.com/housing/12773_16155_0_0_0_0_4_0_0_0/ -lianjie
https://loudi.esf.fang.com/housing/12826_16460_0_0_0_0_2_0_0_0/ -lianjie
https://nanjing.esf.fang.com/housing/265_5808_0_0_0_0_5_0_0_0/ -lianjie
https://nanjing.esf.fang.com/housing/268_2891_0_0_0_0_3_0_0_0/ -lianjie
https://nanjing.esf.fang.com/housing/271_4570_0_0_0_0_2_0_0_0/ -lianjie
https://suzhou.esf.fang.com/housing/283_4041_0_0_0_0_2_0_0_0/ -lianjie
https://suzhou.esf.fang.com/housing/283_4031_0_0_0_0_2_0_0_0/ -lianjie
https://xian.esf.fang.com/housing/14681_18688_0_0_0_0_2_0_0_0/ -lianjie
