https://esf.fang.com/house-a011817/
https://huaiyuan.esf.fang.com/
https://wuhe.esf.fang.com/house-a015507/
https://wuhe.esf.fang.com/house-a015530/
https://wuhe.esf.fang.com/house-a015532/
https://quanjiao.esf.fang.com/
 https://wanzhouesf.fang.com/
 https://qijiangesf.fang.com/
 https://qianjiangesf.fang.com/
https://hechuanesf.fang.com/
https://cqjiangjin.esf.fang.com/
https://cqtongliang.esf.fang.com/
https://cqchangshou.esf.fang.com/
https://cqnanchuan.esf.fang.com/
https://yongchuanesf.fang.com/
https://wushanesf.fang.com/
https://cqdazuesf.fang.com/
https://cqbishanesf.fang.com/
https://cqtongnanesf.fang.com/
https://cqrongchangesf.fang.com/
https://cqliangpingesf.fang.com/
https://cqdianjiangesf.fang.com/
https://cqwulongesf.fang.com/
https://cqzhongxianesf.fang.com/
https://cqkaixianesf.fang.com/
https://cqyunyangesf.fang.com/
https://cqfengjieesf.fang.com/
https://cqshizhuesf.fang.com/
https://changle.esf.fang.com/house-a014162/
https://changle.esf.fang.com/house-a014168/
https://changle.esf.fang.com/house-a014173/
https://changle.esf.fang.com/house-a014174/
https://changle.esf.fang.com/house-a014175/
https://changle.esf.fang.com/house-a014176/
https://changle.esf.fang.com/house-a014177/
https://changle.esf.fang.com/house-a014178/
https://shishi.esf.fang.com/
https://fjax.esf.fang.com/
https://lianjiang.esf.fang.com/
https://yongchun.esf.fang.com/
https://luoyuan.esf.fang.com/
https://minqing.esf.fang.com/
https://yongtai.esf.fang.com/
https://quangang.esf.fang.com/
https://fuan.esf.fang.com/
https://ya.esf.fang.com/
https://dh.esf.fang.com/
https://gz.esf.fang.com/
https://sz.esf.fang.com/
https://dg.esf.fang.com/
https://zh.esf.fang.com/
https://zs.esf.fang.com/
https://fs.esf.fang.com/
https://huizhou.esf.fang.com/
https://jm.esf.fang.com/
https://st.esf.fang.com/
https://qingyuan.esf.fang.com/
https://zhaoqing.esf.fang.com/
https://yangjiang.esf.fang.com/
https://maoming.esf.fang.com/house-a012849/
https://maoming.esf.fang.com/house-a012852/
https://maoming.esf.fang.com/house-a012853/
https://maoming.esf.fang.com/house-a012854/
https://maoming.esf.fang.com/house-a013343/
https://maoming.esf.fang.com/house-a013361/
https://zj.esf.fang.com/
https://meizhou.esf.fang.com/
https://jieyang.esf.fang.com/house-a012896/
https://jieyang.esf.fang.com/house-a012897/
https://jieyang.esf.fang.com/house-a012898/
https://jieyang.esf.fang.com/house-a012899/
https://jieyang.esf.fang.com/house-a012900/
https://heyuan.esf.fang.com/
https://shanwei.esf.fang.com/
https://yangchun.esf.fang.com/
https://kaiping.esf.fang.com/
https://yunfu.esf.fang.com/
https://chaozhou.esf.fang.com/house-a012893/
https://chaozhou.esf.fang.com/house-a012894/
https://chaozhou.esf.fang.com/house-a012895/
https://shaoguan.esf.fang.com/house-a012839/
https://shaoguan.esf.fang.com/house-a012840/
https://shaoguan.esf.fang.com/house-a012841/
https://shaoguan.esf.fang.com/house-a012845/
https://shaoguan.esf.fang.com/house-a012847/
https://shaoguan.esf.fang.com/house-a012848/
https://shaoguan.esf.fang.com/house-a012842/
https://shaoguan.esf.fang.com/house-a012844/
https://shaoguan.esf.fang.com/house-a012846/
https://shunde.esf.fang.com/house-a0617/
https://shunde.esf.fang.com/house-a0616/
https://shunde.esf.fang.com/house-a0620/
https://shunde.esf.fang.com/house-a0618/
https://shunde.esf.fang.com/house-a015883/
https://shunde.esf.fang.com/house-a0617-b02269/
https://shunde.esf.fang.com/house-a0617-b02270/
https://shunde.esf.fang.com/house-a0617-b014190/
https://shunde.esf.fang.com/house-a0617-b014191/
https://shunde.esf.fang.com/house-a0617-b014193/
https://shunde.esf.fang.com/house-a0617-b014194/
https://shunde.esf.fang.com/house-a0617-b014195/
https://shunde.esf.fang.com/house-a0617-b016435/
https://shunde.esf.fang.com/house-a0617-b02268/
https://shunde.esf.fang.com/house-a0617-b02273/
https://shunde.esf.fang.com/house-a0617-b013081/
https://shunde.esf.fang.com/house-a0617-b013082/
https://shunde.esf.fang.com/house-a0617-b02272/
https://shunde.esf.fang.com/house-a0617-b013176/
https://shunde.esf.fang.com/house-a0617-b016327/
https://taishan.esf.fang.com/
https://enping.esf.fang.com/
https://huidong.esf.fang.com/
https://gdlm.esf.fang.com/
https://boluo.esf.fang.com/
https://heshan.esf.fang.com/
https://puning.esf.fang.com/
https://xf.esf.fang.com/house-a016380/
https://xf.esf.fang.com/house-a016381/
https://xf.esf.fang.com/house-a016382/
https://xf.esf.fang.com/house-a016384/
https://xf.esf.fang.com/house-a016385/
https://xf.esf.fang.com/house-a016386/
https://leizhou.esf.fang.com/
https://nn.esf.fang.com/
https://liuzhou.esf.fang.com/
https://guilin.esf.fang.com/house-a011884/
https://guilin.esf.fang.com/house-a0441/
https://guilin.esf.fang.com/house-a0439/
https://guilin.esf.fang.com/house-a0438/
https://guilin.esf.fang.com/house-a0440/
https://guilin.esf.fang.com/house-a011886/
https://guilin.esf.fang.com/house-a0442/
https://guilin.esf.fang.com/house-a012958/
https://baise.esf.fang.com/house-a012163/
https://baise.esf.fang.com/house-a012167/
https://baise.esf.fang.com/house-a012168/
https://baise.esf.fang.com/house-a012169/
https://wuzhou.esf.fang.com/
https://qinzhou.esf.fang.com/house/g21/
https://qinzhou.esf.fang.com/house/g22/
https://qinzhou.esf.fang.com/house/g23/
https://qinzhou.esf.fang.com/house/g24/
https://qinzhou.esf.fang.com/house/g25/
https://qinzhou.esf.fang.com/house/g299/
https://qinzhou.esf.fang.com/house/
https://qinzhou.esf.fang.com/house/a211/
https://qinzhou.esf.fang.com/house/
https://qinzhou.esf.fang.com/house/h316/
https://qinzhou.esf.fang.com/house/h34/
https://chongzuo.esf.fang.com/house-a012188/
https://chongzuo.esf.fang.com/house-a012189/
https://chongzuo.esf.fang.com/house-a012190/
https://chongzuo.esf.fang.com/house-a012191/
https://chongzuo.esf.fang.com/house-a012192/
https://chongzuo.esf.fang.com/house-a012193/
https://dongxing.esf.fang.com/
https://gy.esf.fang.com/house-a0235/
https://gy.esf.fang.com/house-a011077/
https://gy.esf.fang.com/house-a011078/
https://qiandongnan.esf.fang.com/
https://liupanshui.esf.fang.com/
https://kaili.esf.fang.com/
https://kaiyang.esf.fang.com/house-a015217/
https://lz.esf.fang.com/house-a0471/
https://qingyang.esf.fang.com/house-a012625/
https://pingliang.esf.fang.com/house-a012612/
https://jiuquan.esf.fang.com/
https://baiyin.esf.fang.com/
https://wuwei.esf.fang.com/
https://jinchang.esf.fang.com/house-a012586/
https://jinchang.esf.fang.com/house-a012587/
https://longnan.esf.fang.com/
https://jiayuguan.esf.fang.com/
https://dingxi.esf.fang.com/
https://gannan.esf.fang.com/
https://linxia.esf.fang.com/
https://yongdeng.esf.fang.com/house-a014659/
https://yongdeng.esf.fang.com/house-a014660/
https://yongdeng.esf.fang.com/house-a014661/
https://yongdeng.esf.fang.com/house-a014665/
https://yongdeng.esf.fang.com/house-a014666/
https://yongdeng.esf.fang.com/house-a014673/
https://yongdeng.esf.fang.com/house-a014675/
https://yuzhong.esf.fang.com/house-a014614/
https://yuzhong.esf.fang.com/house-a014615/
https://yuzhong.esf.fang.com/house-a014617/
https://hn.esf.fang.com/house-a0911/
https://hn.esf.fang.com/house-a013906/
https://sanya.esf.fang.com/house-a014197/
https://sanya.esf.fang.com/house-a011614/
https://danzhou.esf.fang.com/house-a015558/
https://danzhou.esf.fang.com/house-a015562/
https://qionghai.esf.fang.com/house-a016569/
https://jiaozuo.esf.fang.com/house-a011386/
https://jiaozuo.esf.fang.com/house-a013487/
https://jiaozuo.esf.fang.com/house-a011388/
https://jiaozuo.esf.fang.com/house-a011395/
https://jiaozuo.esf.fang.com/house-a011394/
https://jiaozuo.esf.fang.com/house-a011393/
https://jiaozuo.esf.fang.com/house-a011391/
https://jiaozuo.esf.fang.com/house-a011390/
https://jiaozuo.esf.fang.com/house-a012146/
https://pingdingshan.esf.fang.com/
https://yongcheng.esf.fang.com/house-a014459/
https://hegang.esf.fang.com/
https://mudanjiang.esf.fang.com/house-a011716/
https://mudanjiang.esf.fang.com/house-a011720/
https://mudanjiang.esf.fang.com/house-a011721/
https://mudanjiang.esf.fang.com/house-a011723/
https://qitaihe.esf.fang.com/house-a011712/
https://qitaihe.esf.fang.com/house-a011713/
https://qitaihe.esf.fang.com/house-a011714/
https://qitaihe.esf.fang.com/house-a011715/
https://hljyichun.esf.fang.com/house-a011691/
https://hljyichun.esf.fang.com/house-a011693/
https://hljyichun.esf.fang.com/house-a011694/
https://hljyichun.esf.fang.com/house-a011695/
https://hljyichun.esf.fang.com/house-a011696/
https://hljyichun.esf.fang.com/house-a011697/
https://hljyichun.esf.fang.com/house-a011698/
https://hljyichun.esf.fang.com/house-a011699/
https://hljyichun.esf.fang.com/house-a011700/
https://heihe.esf.fang.com/
https://dxal.esf.fang.com/
https://zhaodong.esf.fang.com/
https://binxian.esf.fang.com/
https://anda.esf.fang.com/
https://wuchang.esf.fang.com/
https://shangzhi.esf.fang.com/
https://bayan.esf.fang.com/house-a013772/
https://bayan.esf.fang.com/house-a013773/
https://bayan.esf.fang.com/house-a013774/
https://bayan.esf.fang.com/house-a013775/
https://bayan.esf.fang.com/house-a013776/
https://yilan.esf.fang.com/
https://zhaozhou.esf.fang.com/
https://zhaoyuan.esf.fang.com/
https://hailin.esf.fang.com/
https://enshi.esf.fang.com/house/g21/
https://enshi.esf.fang.com/house/g22/
https://enshi.esf.fang.com/house/g23/
https://enshi.esf.fang.com/house/g24/
https://enshi.esf.fang.com/house/g25/
https://enshi.esf.fang.com/house/g299/
https://enshi.esf.fang.com/house/j20-k250/
https://enshi.esf.fang.com/house/j250-k270/
https://enshi.esf.fang.com/house/j270-k290/
https://enshi.esf.fang.com/house/j290-k2110/
https://enshi.esf.fang.com/house/j2110-k2130/
https://enshi.esf.fang.com/house/j2130-k2150/
https://enshi.esf.fang.com/house/j2150-k2200/
https://enshi.esf.fang.com/house/j2200-k2300/
https://enshi.esf.fang.com/house/j2300-k20/
https://enshi.esf.fang.com/house/
https://enshi.esf.fang.com/house/a211/
https://enshi.esf.fang.com/house/
https://enshi.esf.fang.com/house/h316/
https://enshi.esf.fang.com/house/h34/
https://tianmen.esf.fang.com/house-a013914/
https://hbjs.esf.fang.com/house-a016163/
https://zhongxiang.esf.fang.com/house-a016130/
https://liling.esf.fang.com/house-a015443/
https://liling.esf.fang.com/house-a015445/
https://liling.esf.fang.com/house-a015446/
https://liling.esf.fang.com/house-a015448/
https://liling.esf.fang.com/house-a015449/
https://liling.esf.fang.com/house-a015451/
https://liling.esf.fang.com/house-a015452/
https://liling.esf.fang.com/house-a015453/
https://liling.esf.fang.com/house-a015454/
https://liling.esf.fang.com/house-a015455/
https://liling.esf.fang.com/house-a015456/
https://liling.esf.fang.com/house-a015457/
https://liling.esf.fang.com/house-a015458/
https://liling.esf.fang.com/house-a015459/
https://liling.esf.fang.com/house-a015460/
https://liling.esf.fang.com/house-a015462/
https://liling.esf.fang.com/house-a015464/
https://liling.esf.fang.com/house-a015465/
https://liling.esf.fang.com/house-a015466/
https://liling.esf.fang.com/house-a015468/
https://youxianesf.fang.com/
https://xiangxiangesf.fang.com/
https://cswc.esf.fang.com/
https://leiyang.esf.fang.com/house-a015865/
https://leiyang.esf.fang.com/house-a015866/
https://leiyang.esf.fang.com/house-a015867/
https://leiyang.esf.fang.com/house-a015868/
https://leiyang.esf.fang.com/house-a015869/
https://leiyang.esf.fang.com/house-a015870/
https://leiyang.esf.fang.com/house-a015871/
https://ssesf.fang.com/
https://cn.esf.fang.com/house-a016240/
https://cn.esf.fang.com/house-a016242/
https://cn.esf.fang.com/house-a016243/
https://cn.esf.fang.com/house-a016244/
https://cn.esf.fang.com/house-a016245/
https://cn.esf.fang.com/house-a016247/
https://xingtai.esf.fang.com/house-a011409/
https://xingtai.esf.fang.com/house-a011410/
https://xingtai.esf.fang.com/house-a011411/
https://xingtai.esf.fang.com/house-a011414/
https://xingtai.esf.fang.com/house-a011415/
https://xingtai.esf.fang.com/house-a011416/
https://xingtai.esf.fang.com/house-a011418/
https://xingtai.esf.fang.com/house-a011419/
https://xingtai.esf.fang.com/house-a011420/
https://hd.esf.fang.com/
https://qhd.esf.fang.com/
https://hs.esf.fang.com/house-a011217/
https://hs.esf.fang.com/house-a011218/
https://zhangjiakou.esf.fang.com/house-a011421/
https://zhangjiakou.esf.fang.com/house-a011422/
https://zhangjiakou.esf.fang.com/house-a012074/
https://zhangjiakou.esf.fang.com/house-a011423/
https://zhangjiakou.esf.fang.com/house-a011426/
https://zhangjiakou.esf.fang.com/house-a011427/
https://zhangjiakou.esf.fang.com/house-a011429/
https://zhangjiakou.esf.fang.com/house-a011431/
https://zhangjiakou.esf.fang.com/house-a011433/
https://zhangjiakou.esf.fang.com/house-a011434/
https://zhangjiakou.esf.fang.com/house-a011435/
https://zhangjiakou.esf.fang.com/house-a011437/
https://zhangjiakou.esf.fang.com/house-a012212/
https://chengde.esf.fang.com/
https://guan.esf.fang.com/
https://zhuozhou.esf.fang.com/
https://hblt.esf.fang.com/house-a013574/
https://qianxi.esf.fang.com/
https://wenan.esf.fang.com/
https://xinle.esf.fang.com/house-a013830/
https://xinle.esf.fang.com/house-a013831/
https://hbys.esf.fang.com/
https://hbbz.esf.fang.com/
https://changli.esf.fang.com/house-a013903/
https://changli.esf.fang.com/house-a013904/
https://changli.esf.fang.com/house-a013905/
https://changli.esf.fang.com/house-a013906/
https://changli.esf.fang.com/house-a013907/
https://changli.esf.fang.com/house-a013910/
https://changli.esf.fang.com/house-a013912/
https://hbszesf.fang.com/
https://hbshesf.fang.com/
https://yuxian.esf.fang.com/
https://yongqing.esf.fang.com/
https://gaoyang.esf.fang.com/
https://dingxing.esf.fang.com/house-a014690/
https://dingxing.esf.fang.com/house-a014691/
https://dingxing.esf.fang.com/house-a014693/
https://dingxing.esf.fang.com/house-a014766/
https://laishuiesf.fang.com/
https://cz.esf.fang.com/house-a0341/
https://yz.esf.fang.com/house-a01074/
https://yz.esf.fang.com/house-a01080/
https://yz.esf.fang.com/house-a013272/
https://nt.esf.fang.com/
https://yancheng.esf.fang.com/
https://lyg.esf.fang.com/
https://sq.esf.fang.com/
https://taizhou.esf.fang.com/
https://zhenjiang.esf.fang.com/
https://changshu.esf.fang.com/
https://zjg.esf.fang.com/
https://ks.esf.fang.com/
https://wj.esf.esf.fang.com/
https://pizhou.esf.fang.com/
https://qidong.esf.fang.com/
https://liyang.esf.fang.com/
https://dongtai.esf.fang.com/
https://taixing.esf.fang.com/
https://xinghua.esf.fang.com/
https://haimen.esf.fang.com/
https://rugao.esf.fang.com/
https://jiangdu.esf.fang.com/
https://xinyi.esf.fang.com/
https://gaoyou.esf.fang.com/
https://jingjiang.esf.fang.com/
https://tc.esf.fang.com/
https://jy.esf.fang.com/
https://yixing.esf.fang.com/
https://shuyang.esf.fang.com/
https://haian.esf.fang.com/house-a014205/
https://haian.esf.fang.com/house-a014206/
https://haian.esf.fang.com/house-a014207/
https://haian.esf.fang.com/house-a014208/
https://haian.esf.fang.com/house-a014209/
https://haian.esf.fang.com/house-a014210/
https://rudong.esf.fang.com/
https://yizheng.esf.fang.com/
https://jintan.esf.fang.com/house-a0339/
https://jintan.esf.fang.com/house-a0342/
https://jintan.esf.fang.com/house-a0344/
https://jintan.esf.fang.com/house-a0343-b015695/
https://jintan.esf.fang.com/house-a0343-b015697/
https://jssn.esf.fang.com/house-a014404/
https://jssn.esf.fang.com/house-a014405/
https://jiangyan.esf.fang.com/house-a015712/
https://jiujiang.esf.fang.com/house-a011889/
https://jiujiang.esf.fang.com/house-a011891/
https://jiujiang.esf.fang.com/house-a011895/
https://jiujiang.esf.fang.com/house-a011897/
https://jiujiang.esf.fang.com/house-a011900/
https://jiujiang.esf.fang.com/house-a011901/
https://pingxiang.esf.fang.com/house/g21/
https://pingxiang.esf.fang.com/house/g22/
https://pingxiang.esf.fang.com/house/g23/
https://pingxiang.esf.fang.com/house/g24/
https://pingxiang.esf.fang.com/house/g25/
https://pingxiang.esf.fang.com/house/g299/
https://pingxiang.esf.fang.com/house/
https://pingxiang.esf.fang.com/house/a211/
https://pingxiang.esf.fang.com/house/
https://pingxiang.esf.fang.com/house/h316/
https://pingxiang.esf.fang.com/house/h34/
https://jinxian.esf.fang.com/
https://xinjian.esf.fang.com/house-a0627/
https://xinjian.esf.fang.com/house-a0505/
https://jl.esf.fang.com/house-a010227/
https://jl.esf.fang.com/house-a010229/
https://jl.esf.fang.com/house-a010231/
https://jl.esf.fang.com/house-a010232/
https://jl.esf.fang.com/house-a010233/
https://jl.esf.fang.com/house-a010235/
https://jl.esf.fang.com/house-a011317/
https://siping.esf.fang.com/
https://baishan.esf.fang.com/
https://baicheng.esf.fang.com/
https://yanbian.esf.fang.com/house-a011636/
https://yanbian.esf.fang.com/house-a011639/
https://yanbian.esf.fang.com/house-a011640/
https://yanbian.esf.fang.com/house-a011641/
https://yanbian.esf.fang.com/house-a011642/
https://yanbian.esf.fang.com/house-a011643/
https://tonghua.esf.fang.com/
https://dl.esf.fang.com/house-a012029/
https://panjin.esf.fang.com/house-a011580/
https://panjin.esf.fang.com/house-a011581/
https://panjin.esf.fang.com/house-a011582/
https://panjin.esf.fang.com/house-a012115/
https://dandong.esf.fang.com/house-a011552/
https://dandong.esf.fang.com/house-a011553/
https://dandong.esf.fang.com/house-a011554/
https://dandong.esf.fang.com/house-a011555/
https://dandong.esf.fang.com/house-a011556/
https://dandong.esf.fang.com/house-a011557/
https://dandong.esf.fang.com/house-a011913/
https://pulandian.esf.fang.com/house-a012615/
https://pulandian.esf.fang.com/house-a012617/
https://pulandian.esf.fang.com/house-a012618/
https://pulandian.esf.fang.com/house-a012620/
https://pulandian.esf.fang.com/house-a012621/
https://pulandian.esf.fang.com/house-a012622/
https://fengcheng.esf.fang.com/house-a012770/
https://fengcheng.esf.fang.com/house-a012772/
https://fengcheng.esf.fang.com/house-a012773/
https://lnzh.esf.fang.com/house-a013140/
https://lnzh.esf.fang.com/house-a013144/
https://lnzh.esf.fang.com/house-a013146/
https://lnzh.esf.fang.com/house-a013148/
https://lnzh.esf.fang.com/house-a013149/
https://lnzh.esf.fang.com/house-a013152/
https://faku.esf.fang.com/house-a013530/
https://faku.esf.fang.com/house-a013531/
https://faku.esf.fang.com/house-a013533/
https://faku.esf.fang.com/house-a013540/
https://faku.esf.fang.com/house-a013542/
https://faku.esf.fang.com/house-a013543/
https://nm.esf.fang.com/house-a01168/
https://nm.esf.fang.com/house-a01160/
https://nm.esf.fang.com/house-a01165/
https://nm.esf.fang.com/house-a01163/
https://nm.esf.fang.com/house-a01162/
https://nm.esf.fang.com/house-a010174/
https://nm.esf.fang.com/house-a010176/
https://bt.esf.fang.com/house-a010236/
https://bt.esf.fang.com/house-a010244/
https://bt.esf.fang.com/house-a010238/
https://bt.esf.fang.com/house-a012196/
https://chifeng.esf.fang.com/
https://erds.esf.fang.com/
https://tl.esf.fang.com/
https://wlcb.esf.fang.com/
https://byne.esf.fang.com/
https://alsm.esf.fang.com/house-a014178/
https://alsm.esf.fang.com/house-a014179/
https://alsm.esf.fang.com/house-a014180/
https://hailaer.esf.fang.com/
https://hlbe.esf.fang.com/
https://wuhai.esf.fang.com/
https://xlglm.esf.fang.com/house-a013478/
https://xlglm.esf.fang.com/house-a013480/
https://xam.esf.fang.com/house-a012427/
https://huangnan.esf.fang.com/house-a015931/
https://haixi.esf.fang.com/house-a014933/
https://haixi.esf.fang.com/house-a014935/
https://haixi.esf.fang.com/house-a014936/
https://haidong.esf.fang.com/
https://haibei.esf.fang.com/
https://yushu.esf.fang.com/
https://jn.esf.fang.com/house-a014785/
https://jn.esf.fang.com/house-a014786/
https://zb.esf.fang.com/house-a0420/
https://wf.esf.fang.com/house-a012057/
https://yt.esf.fang.com/house-a010384/
https://yt.esf.fang.com/house-a0409/
https://weihai.esf.fang.com/
https://linyi.esf.fang.com/house-a011240/
https://linyi.esf.fang.com/house-a011244/
https://jining.esf.fang.com/house-a011334/
https://binzhou.esf.fang.com/
https://dz.esf.fang.com/house-a010331/
https://rz.esf.fang.com/
https://heze.esf.fang.com/house-a010285/
https://heze.esf.fang.com/house-a010287/
https://heze.esf.fang.com/house-a010286/
https://heze.esf.fang.com/house-a010291/
https://zhangqiu.esf.fang.com/house-a013436/
https://yanan.esf.fang.com/house-a012536/
https://yanan.esf.fang.com/house-a012537/
https://yanan.esf.fang.com/house-a012538/
https://yanan.esf.fang.com/house-a012539/
https://yanan.esf.fang.com/house-a012540/
https://yanan.esf.fang.com/house-a012542/
https://tongchuan.esf.fang.com/
https://shangluo.esf.fang.com/house-a012565/
https://shangluo.esf.fang.com/house-a012566/
https://shangluo.esf.fang.com/house-a012569/
https://lantian.esf.fang.com/
https://huxian.esf.fang.com/house-a015152/
https://huxian.esf.fang.com/house-a015156/
https://huxian.esf.fang.com/house-a015164/
https://huxian.esf.fang.com/house-a015165/
https://huxian.esf.fang.com/house-a015167/
https://huxian.esf.fang.com/house-a015169/
https://leshan.esf.fang.com/house-a011908/
https://guangan.esf.fang.com/house-a013236/
https://panzhihua.esf.fang.com/
https://suining.esf.fang.com/
https://neijiang.esf.fang.com/house-a012238/
https://pengzhou.esf.fang.com/house-a014575/
https://chongzhou.esf.fang.com/house-a015176/
https://xinjin.esf.fang.com/house-a015622/
https://xinjin.esf.fang.com/house-a015623/
https://xinjin.esf.fang.com/house-a015624/
https://xinjin.esf.fang.com/house-a015625/
https://xinjin.esf.fang.com/house-a015627/
https://xinjin.esf.fang.com/house-a015628/
https://xinjin.esf.fang.com/house-a015630/
https://xinjin.esf.fang.com/house-a015631/
https://emeishanesf.fang.com/
https://alaer.esf.fang.com/house-a015990/
https://alaer.esf.fang.com/house-a015991/
https://alaer.esf.fang.com/house-a015993/
https://alaer.esf.fang.com/house-a015995/
https://alaer.esf.fang.com/house-a015997/
https://alaer.esf.fang.com/house/g21/
https://alaer.esf.fang.com/house/g22/
https://alaer.esf.fang.com/house/g23/
https://alaer.esf.fang.com/house/g24/
https://alaer.esf.fang.com/house/g25/
https://alaer.esf.fang.com/house/g299/
https://alaer.esf.fang.com/house/
https://alaer.esf.fang.com/house/a211/
https://alaer.esf.fang.com/house/
https://alaer.esf.fang.com/house/h316/
https://alaer.esf.fang.com/house/h34/
https://esf.changji.esf.fang.com/
https://ynylesf.fang.com/
https://sx.esf.fang.com/
https://yiwu.esf.fang.com/
https://yueqing.esf.fang.com/house-a015912/
https://yueqing.esf.fang.com/house-a015913/
https://yueqing.esf.fang.com/house-a015914/
https://yueqing.esf.fang.com/house-a015915/
https://yueqing.esf.fang.com/house-a015916/
https://yueqing.esf.fang.com/house-a015917/
https://yueqing.esf.fang.com/house-a015918/
https://yueqing.esf.fang.com/house-a015919/
https://yueqing.esf.fang.com/house-a015920/
https://yueqing.esf.fang.com/house-a015921/
https://yueqing.esf.fang.com/house-a015922/
https://yueqing.esf.fang.com/house-a015923/
https://yueqing.esf.fang.com/house-a015924/
https://yueqing.esf.fang.com/house-a015925/
https://yueqing.esf.fang.com/house-a015926/
https://yueqing.esf.fang.com/house-a015927/
https://tongxiang.esf.fang.com/house-a015668/
https://yongkang.esf.fang.com/
