http://anshan.ganji.com/fanr/zufang/ -lianjie
http://anshan.ganji.com/hun/zufang/ -lianjie
http://anshan.ganji.com/aslss/zufang/ -lianjie
http://anshan.ganji.com/asqjl/zufang/ -lianjie
http://anshan.ganji.com/shann/zufang/ -lianjie
http://anshan.ganji.com/assll/zufang/ -lianjie
http://anshan.ganji.com/assfxy/zufang/ -lianjie
http://anshan.ganji.com/asyll/zufang/ -lianjie
http://anshan.ganji.com/aszhanq/zufang/ -lianjie
http://anshan.ganji.com/dadw/zufang/ -lianjie
http://anshan.ganji.com/ertz/zufang/ -lianjie
http://anshan.ganji.com/asjbgc/zufang/ -lianjie
http://anshan.ganji.com/asjdj/zufang/ -lianjie
http://anshan.ganji.com/asjjk/zufang/ -lianjie
http://anshan.ganji.com/asldj/zufang/ -lianjie
http://anshan.ganji.com/assdj/zufang/ -lianjie
http://anshan.ganji.com/assft/zufang/ -lianjie
http://anshan.ganji.com/astxkfq/zufang/ -lianjie
http://anshan.ganji.com/asyl/zufang/ -lianjie
http://anshan.ganji.com/aszjc/zufang/ -lianjie
http://anshan.ganji.com/asbck/zufang/ -lianjie
http://anshan.ganji.com/asgy/zufang/ -lianjie
http://anshan.ganji.com/asgm/zufang/ -lianjie
http://anshan.ganji.com/asls/zufang/ -lianjie
http://anshan.ganji.com/lisgc/zufang/ -lianjie
http://anshan.ganji.com/asmtgy/zufang/ -lianjie
http://anshan.ganji.com/asqds/zufang/ -lianjie
http://anshan.ganji.com/assgs/zufang/ -lianjie
http://anshan.ganji.com/assy/zufang/ -lianjie
http://anshan.ganji.com/astp/zufang/ -lianjie
http://anshan.ganji.com/yonganluas/zufang/ -lianjie
http://anshan.ganji.com/hanjy/zufang/ -lianjie
http://anshan.ganji.com/asgxq/zufang/ -lianjie
http://anshan.ganji.com/asyk/zufang/ -lianjie
http://anshan.ganji.com/asdgs/zufang/ -lianjie
http://anshan.ganji.com/asqswq/zufang/ -lianjie
http://anshan.ganji.com/astgz/zufang/ -lianjie
http://anshan.ganji.com/fuyuanguangchang/zufang/ -lianjie
http://anshan.ganji.com/bajiaotaishangyejie/zufang/ -lianjie
http://anshan.ganji.com/anshanshi/zufang/ -lianjie
http://anshan.ganji.com/asta/zufang/ -lianjie
http://anshan.ganji.com/asnyt/zufang/ -lianjie
http://anyang.ganji.com/zhbhaywfq/zufang/ -lianjie
http://anyang.ganji.com/yaxinshidai/zufang/ -lianjie
http://anyang.ganji.com/kdgcaybgq/zufang/ -lianjie
http://anyang.ganji.com/mdlayydq/zufang/ -lianjie
http://anyang.ganji.com/gcgwaylaq/zufang/ -lianjie
http://anyang.ganji.com/chengqu009/zufang/ -lianjie
http://anyang.ganji.com/neihuang/zufang/ -lianjie
http://anyang.ganji.com/anyangshiqita/zufang/ -lianjie
http://anyang.ganji.com/huaxianay/zufang/ -lianjie
http://anyang.ganji.com/hxqczayhx/zufang/ -lianjie
http://anyang.ganji.com/zxddaynhx/zufang/ -lianjie
http://anyang.ganji.com/ztddaytyx/zufang/ -lianjie
http://anqing.ganji.com/aqbbbaqdgq/zufang/ -lianjie
http://anqing.ganji.com/whgcaqyxq/zufang/ -lianjie
http://anqing.ganji.com/zygcaqtcs/zufang/ -lianjie
http://anqing.ganji.com/hnwhgcaqhnx/zufang/ -lianjie
http://anqing.ganji.com/qssmcaqqsx/zufang/ -lianjie
http://anqing.ganji.com/lhgyaqssx/zufang/ -lianjie
http://anqing.ganji.com/sdhlaqyxx/zufang/ -lianjie
http://anqing.ganji.com/wangjiang/zufang/ -lianjie
http://anqing.ganji.com/anqingshiqita/zufang/ -lianjie
http://anqing.ganji.com/taihuxian01/zufang/ -lianjie
http://anqing.ganji.com/wangjiangxian01/zufang/ -lianjie
http://ankang.ganji.com/sdgwgc/zufang/ -lianjie
http://ankang.ganji.com/zifulu/zufang/ -lianjie
http://ankang.ganji.com/dongxinglu/zufang/ -lianjie
http://ankang.ganji.com/zekgc/zufang/ -lianjie
http://ankang.ganji.com/zxgc/zufang/ -lianjie
http://ankang.ganji.com/minzhujie/zufang/ -lianjie
http://ankang.ganji.com/ziwulu/zufang/ -lianjie
http://ankang.ganji.com/xinzhengjie/zufang/ -lianjie
http://ankang.ganji.com/hkgwgc/zufang/ -lianjie
http://ankang.ganji.com/hfgwgc/zufang/ -lianjie
http://ankang.ganji.com/xiangyangluak/zufang/ -lianjie
http://akesu.ganji.com/akscqaks/zufang/ -lianjie
http://akesu.ganji.com/kccqaks/zufang/ -lianjie
http://akesu.ganji.com/bccqaks/zufang/ -lianjie
http://akesu.ganji.com/awtcqaks/zufang/ -lianjie
http://akesu.ganji.com/wscqaks2/zufang/ -lianjie
http://akesu.ganji.com/kpcqaks/zufang/ -lianjie
http://akesu.ganji.com/xhcqaks/zufang/ -lianjie
http://akesu.ganji.com/sycqaks/zufang/ -lianjie
http://akesu.ganji.com/wscqaks1/zufang/ -lianjie
http://anshun.ganji.com/xindashizi/zufang/ -lianjie
http://anshun.ganji.com/liangkejian/zufang/ -lianjie
http://anshun.ganji.com/dongguanjiedao/zufang/ -lianjie
http://anshun.ganji.com/baiyunzhen/zufang/ -lianjie
http://anshun.ganji.com/tianlongzhen/zufang/ -lianjie
http://anshun.ganji.com/glcqas/zufang/ -lianjie
http://anshun.ganji.com/zycqas/zufang/ -lianjie
http://anshun.ganji.com/zncqas/zufang/ -lianjie
http://aletai.ganji.com/jxgyaltalts/zufang/ -lianjie
http://aletai.ganji.com/knslaltbejx/zufang/ -lianjie
http://aletai.ganji.com/whlaltfyx/zufang/ -lianjie
http://aletai.ganji.com/tjlaltjmnx/zufang/ -lianjie
http://aletai.ganji.com/rmlaltfhx/zufang/ -lianjie
http://aletai.ganji.com/tjdlaltqhx/zufang/ -lianjie
http://aletai.ganji.com/rmzlalthbhx/zufang/ -lianjie
http://alashan.ganji.com/alszcqalsm/zufang/ -lianjie
http://alashan.ganji.com/ejncqalsm/zufang/ -lianjie
http://aba.ganji.com/jiarongwenhuameishijie/zufang/ -lianjie
http://aba.ganji.com/fengmingqiaojie/zufang/ -lianjie
http://aba.ganji.com/jiuleshangyeguangchang/zufang/ -lianjie
http://aba.ganji.com/lix/zufang/ -lianjie
http://aba.ganji.com/jinchuanxian/zufang/ -lianjie
http://aba.ganji.com/heishuixian/zufang/ -lianjie
http://aba.ganji.com/rangtangxian/zufang/ -lianjie
http://aba.ganji.com/abaxian/zufang/ -lianjie
http://aba.ganji.com/ruoerganxian/zufang/ -lianjie
http://aba.ganji.com/hongyuanxian/zufang/ -lianjie
http://aba.ganji.com/xidajieab/zufang/ -lianjie
http://aba.ganji.com/zhengjie/zufang/ -lianjie
http://aba.ganji.com/jiudingshangmaocheng/zufang/ -lianjie
http://aba.ganji.com/regqckyzx/zufang/ -lianjie
http://aba.ganji.com/xinhualiangouwuzhongxin/zufang/ -lianjie
http://aba.ganji.com/wcxjyggwzx/zufang/ -lianjie
http://aba.ganji.com/zhengfujie/zufang/ -lianjie
http://aba.ganji.com/neinanjie/zufang/ -lianjie
http://aba.ganji.com/luowutangzhongjie/zufang/ -lianjie
http://ali.ganji.com/aligaizexianzhengfu/zufang/ -lianjie
http://ali.ganji.com/aligaizeweishengju/zufang/ -lianjie
http://ali.ganji.com/hebeidajie/zufang/ -lianjie
http://ali.ganji.com/liantonglu/zufang/ -lianjie
http://ali.ganji.com/guowanglu/zufang/ -lianjie
http://ali.ganji.com/gonggalu/zufang/ -lianjie
http://ali.ganji.com/hebeilu/zufang/ -lianjie
http://ali.ganji.com/beijingzhonglu/zufang/ -lianjie
http://alaer.ganji.com/guojishangmaocheng/zufang/ -lianjie
http://alaer.ganji.com/tkyxrmfy/zufang/ -lianjie
http://alaer.ganji.com/tuohaimuchang/zufang/ -lianjie
http://alaer.ganji.com/shidaichengshiguangchang/zufang/ -lianjie
http://alaer.ganji.com/yingbinluale/zufang/ -lianjie
http://alaer.ganji.com/xiangzhongxin123/zufang/ -lianjie
http://bj.ganji.com/anhuili/zufang/ -lianjie
