https://hf.lianjia.com//ershoufang/xiyuan/pg5/ -lianjie
https://bj.lianjia.com//ershoufang/chaoyangmennei1/pg2/ -lianjie
https://bj.lianjia.com//ershoufang/chaoyangmennei1/pg6/ -lianjie
https://bj.lianjia.com//ershoufang/guanganmen/pg3/ -lianjie
https://bj.lianjia.com//ershoufang/guanganmen/pg5/ -lianjie
https://bj.lianjia.com//ershoufang/maliandao1/pg6/ -lianjie
https://bj.lianjia.com//ershoufang/changying/pg3/ -lianjie
https://bj.lianjia.com//ershoufang/changying/pg10/ -lianjie
https://bj.lianjia.com//ershoufang/changying/pg11/ -lianjie
https://bj.lianjia.com//ershoufang/wangjing/pg5/ -lianjie
https://bj.lianjia.com//ershoufang/wangjing/pg14/ -lianjie
https://bj.lianjia.com//ershoufang/wangjing/pg22/ -lianjie
https://bj.lianjia.com//ershoufang/wangjing/pg28/ -lianjie
https://bj.lianjia.com//ershoufang/wangjing/pg33/ -lianjie
https://bj.lianjia.com//ershoufang/wangjing/pg36/ -lianjie
https://bj.lianjia.com//ershoufang/wangjing/pg39/ -lianjie
https://bj.lianjia.com//ershoufang/wangjing/pg40/ -lianjie
https://bj.lianjia.com//ershoufang/wangjing/pg46/ -lianjie
https://bj.lianjia.com//ershoufang/yayuncun/pg2/ -lianjie
https://bj.lianjia.com//ershoufang/yayuncun/pg3/ -lianjie
https://bj.lianjia.com//ershoufang/yayuncun/pg4/ -lianjie
https://bj.lianjia.com//ershoufang/yayuncun/pg6/ -lianjie
https://bj.lianjia.com//ershoufang/yayuncun/pg9/ -lianjie
https://bj.lianjia.com//ershoufang/yayuncun/pg10/ -lianjie
https://bj.lianjia.com//ershoufang/yayuncun/pg14/ -lianjie
https://bj.lianjia.com//ershoufang/yayuncun/pg15/ -lianjie
https://bj.lianjia.com//ershoufang/yayuncun/pg16/ -lianjie
https://bj.lianjia.com//ershoufang/gongzhufen/pg6/ -lianjie
https://bj.lianjia.com//ershoufang/wudaokou/pg3/ -lianjie
https://bj.lianjia.com//ershoufang/songjiazhuang/pg4/ -lianjie
https://bj.lianjia.com//ershoufang/yuquanying/pg18/ -lianjie
https://bj.lianjia.com//ershoufang/bajiao1/pg4/ -lianjie
https://bj.lianjia.com//ershoufang/huilongguan2/pg22/ -lianjie
https://bj.lianjia.com//ershoufang/liangxiang/pg9/ -lianjie
https://bj.lianjia.com//ershoufang/liangxiang/pg11/ -lianjie
https://bj.lianjia.com//ershoufang/liangxiang/pg21/ -lianjie
https://bj.lianjia.com//ershoufang/liangxiang/pg22/ -lianjie
https://bj.lianjia.com//ershoufang/liangxiang/pg23/ -lianjie
https://bj.lianjia.com//ershoufang/liangxiang/pg28/ -lianjie
https://bj.lianjia.com//ershoufang/liangxiang/pg31/ -lianjie
https://cq.lianjia.com//ershoufang/chayuanxinqu/pg18/ -lianjie
https://cq.lianjia.com//ershoufang/chayuanxinqu/pg27/ -lianjie
https://cq.lianjia.com//ershoufang/chayuanxinqu/pg44/ -lianjie
https://cq.lianjia.com//ershoufang/chayuanxinqu/pg46/ -lianjie
https://cq.lianjia.com//ershoufang/huayan/pg12/ -lianjie
https://cq.lianjia.com//ershoufang/huayan/pg13/ -lianjie
https://cq.lianjia.com//ershoufang/huayan/pg59/ -lianjie
https://cq.lianjia.com//ershoufang/huayan/pg77/ -lianjie
https://cq.lianjia.com//ershoufang/huayan/pg79/ -lianjie
https://cq.lianjia.com//ershoufang/huayan/pg84/ -lianjie
https://cq.lianjia.com//ershoufang/huayan/pg89/ -lianjie
https://gz.lianjia.com//ershoufang/xinshi/pg7/ -lianjie
https://gz.lianjia.com//ershoufang/xinshi/pg8/ -lianjie
