https://linyi.lianjia.com//ershoufang/hedongqurenminyiyuan/ -lianjie
https://xm.lianjia.com//xiaoqu/dadengdao/ -lianjie
https://hf.lianjia.com//chengjiao/wulidun/ -lianjie
https://hf.lianjia.com//chengjiao/dayangzhen/ -lianjie
https://hf.lianjia.com//chengjiao/sanshigangxiang/ -lianjie
https://hf.lianjia.com//chengjiao/daxingzhen/ -lianjie
https://hf.lianjia.com//chengjiao/daxuzhen/ -lianjie
https://hf.lianjia.com//chengjiao/yicheng/ -lianjie
https://hf.lianjia.com//chengjiao/xiaomiaozhen/ -lianjie
https://hf.lianjia.com//chengjiao/modian/ -lianjie
https://hf.lianjia.com//chengjiao/sanshitou/ -lianjie
https://hf.lianjia.com//chengjiao/feidong1/ -lianjie
https://hf.lianjia.com//chengjiao/changan3/ -lianjie
https://hf.lianjia.com//chengjiao/changgang/ -lianjie
https://hf.lianjia.com//chengjiao/gucheng1/ -lianjie
https://bj.lianjia.com//chengjiao/caihuying/ -lianjie
https://bj.lianjia.com//chengjiao/fatou/ -lianjie
https://bj.lianjia.com//chengjiao/hongmiao/ -lianjie
https://bj.lianjia.com//chengjiao/jiuxianqiao/ -lianjie
https://bj.lianjia.com//chengjiao/jinsong/ -lianjie
https://bj.lianjia.com//chengjiao/shaoyaoju/ -lianjie
https://bj.lianjia.com//chengjiao/shoudoujichang1/ -lianjie
https://bj.lianjia.com//chengjiao/sihui/ -lianjie
https://bj.lianjia.com//chengjiao/taiyanggong/ -lianjie
https://bj.lianjia.com//chengjiao/yayuncunxiaoying/ -lianjie
https://bj.lianjia.com//chengjiao/haidian/ -lianjie
https://bj.lianjia.com//chengjiao/ganjiakou/ -lianjie
https://bj.lianjia.com//chengjiao/haidianbeibuxinqu1/ -lianjie
https://bj.lianjia.com//chengjiao/liuliqiao1/ -lianjie
https://bj.lianjia.com//chengjiao/mudanyuan/ -lianjie
https://bj.lianjia.com//chengjiao/malianwa/ -lianjie
https://bj.lianjia.com//chengjiao/shijicheng/ -lianjie
https://bj.lianjia.com//chengjiao/sijiqing/ -lianjie
https://bj.lianjia.com//chengjiao/wudaokou/ -lianjie
https://bj.lianjia.com//chengjiao/xueyuanlu1/ -lianjie
https://bj.lianjia.com//chengjiao/yangzhuang1/ -lianjie
https://bj.lianjia.com//chengjiao/yuquanlu11/ -lianjie
https://bj.lianjia.com//chengjiao/fengtaiqita1/ -lianjie
https://bj.lianjia.com//chengjiao/huaxiang/ -lianjie
https://bj.lianjia.com//chengjiao/jiugong1/ -lianjie
https://bj.lianjia.com//chengjiao/kejiyuanqu/ -lianjie
https://bj.lianjia.com//chengjiao/lize/ -lianjie
https://bj.lianjia.com//chengjiao/lugouqiao1/ -lianjie
https://bj.lianjia.com//chengjiao/muxiyuan1/ -lianjie
https://bj.lianjia.com//chengjiao/majiabao/ -lianjie
https://bj.lianjia.com//chengjiao/qilizhuang/ -lianjie
https://bj.lianjia.com//chengjiao/gucheng/ -lianjie
https://bj.lianjia.com//chengjiao/laoshan1/ -lianjie
https://bj.lianjia.com//chengjiao/pingguoyuan1/ -lianjie
https://bj.lianjia.com//chengjiao/luyuan/ -lianjie
https://bj.lianjia.com//chengjiao/tongzhou/ -lianjie
https://bj.lianjia.com//chengjiao/qiaozhuang/ -lianjie
https://bj.lianjia.com//chengjiao/wuyihuayuan/ -lianjie
https://bj.lianjia.com//chengjiao/baishanzhen/ -lianjie
https://bj.lianjia.com//chengjiao/beiqijia/ -lianjie
https://bj.lianjia.com//chengjiao/guloudajie/ -lianjie
https://bj.lianjia.com//chengjiao/nanshao/ -lianjie
https://bj.lianjia.com//chengjiao/huangcunhuochezhan/ -lianjie
https://bj.lianjia.com//chengjiao/zaoyuan/ -lianjie
https://bj.lianjia.com//chengjiao/huairouqita1/ -lianjie
https://cq.lianjia.com//chengjiao/hongensi/ -lianjie
https://cq.lianjia.com//chengjiao/jieshi/ -lianjie
https://cq.lianjia.com//chengjiao/bishan1/ -lianjie
https://cq.lianjia.com//chengjiao/xipeng/ -lianjie
https://xm.lianjia.com//chengjiao/gulangyu/ -lianjie
https://xm.lianjia.com//chengjiao/simingnanlu/ -lianjie
https://xm.lianjia.com//chengjiao/zhongshanlu/ -lianjie
https://xm.lianjia.com//chengjiao/xianganqita/ -lianjie
https://xm.lianjia.com//chengjiao/haicangnongchang/ -lianjie
https://xm.lianjia.com//chengjiao/jiaomei/ -lianjie
https://xm.lianjia.com//chengjiao/jiaosonglu/ -lianjie
https://xm.lianjia.com//chengjiao/dadengdao/ -lianjie
https://dg.lianjia.com//chengjiao/nancheng/ -lianjie
https://dg.lianjia.com//chengjiao/guancheng/ -lianjie
https://dg.lianjia.com//chengjiao/lixin/ -lianjie
https://dg.lianjia.com//chengjiao/xinxibian/ -lianjie
https://dg.lianjia.com//chengjiao/zhongtangzhen1/ -lianjie
https://dg.lianjia.com//chengjiao/gaobuzhen/ -lianjie
https://dg.lianjia.com//chengjiao/hongmeizhen1/ -lianjie
https://dg.lianjia.com//chengjiao/shatianzhen1/ -lianjie
https://dg.lianjia.com//chengjiao/changpingzhen1/ -lianjie
https://dg.lianjia.com//chengjiao/huangjiangzhen1/ -lianjie
https://dg.lianjia.com//chengjiao/tangxiazhen1/ -lianjie
https://fs.lianjia.com//chengjiao/dongping/ -lianjie
https://fs.lianjia.com//chengjiao/fenjiangzhong/ -lianjie
https://fs.lianjia.com//chengjiao/fenjiangnan/ -lianjie
https://fs.lianjia.com//chengjiao/gaoming/ -lianjie
https://fs.lianjia.com//chengjiao/hecheng/ -lianjie
https://fs.lianjia.com//chengjiao/longjiang1/ -lianjie
https://fs.lianjia.com//chengjiao/nanhaidadaonan/ -lianjie
https://fs.lianjia.com//chengjiao/xinanjiedao/ -lianjie
https://fs.lianjia.com//chengjiao/xiaxi/ -lianjie
https://fs.lianjia.com//chengjiao/junan/ -lianjie
https://fs.lianjia.com//chengjiao/leliu/ -lianjie
https://fs.lianjia.com//chengjiao/lunjiao/ -lianjie
https://fs.lianjia.com//chengjiao/rongqi/ -lianjie
https://fs.lianjia.com//chengjiao/xingtan1/ -lianjie
https://fs.lianjia.com//chengjiao/beijiangxinqu/ -lianjie
https://fs.lianjia.com//chengjiao/fanhu/ -lianjie
https://gz.lianjia.com//chengjiao/cencun/ -lianjie
https://gz.lianjia.com//chengjiao/gaotang/ -lianjie
https://gz.lianjia.com//chengjiao/ershadao/ -lianjie
https://gz.lianjia.com//chengjiao/jiefangbei/ -lianjie
https://gz.lianjia.com//chengjiao/dongxiaonan/ -lianjie
https://gz.lianjia.com//chengjiao/daxuecheng/ -lianjie
https://gz.lianjia.com//chengjiao/conghua1/ -lianjie
https://gz.lianjia.com//chengjiao/jianggaozhen/ -lianjie
https://gz.lianjia.com//chengjiao/liangtianzhen/ -lianjie
https://gz.lianjia.com//chengjiao/taihe/ -lianjie
https://gz.lianjia.com//chengjiao/zhongluotan/ -lianjie
https://gz.lianjia.com//chengjiao/kaifaxiqu/ -lianjie
https://gz.lianjia.com//chengjiao/aotouzhen/ -lianjie
https://gz.lianjia.com//chengjiao/liangkouzhen/ -lianjie
https://gz.lianjia.com//chengjiao/liuxihebandao/ -lianjie
https://gz.lianjia.com//chengjiao/fuhezhen/ -lianjie
https://gz.lianjia.com//chengjiao/licheng1/ -lianjie
https://gz.lianjia.com//chengjiao/paitanzhen/ -lianjie
https://gz.lianjia.com//chengjiao/shitanzhen/ -lianjie
https://gz.lianjia.com//chengjiao/xiaolouzhen/ -lianjie
https://gz.lianjia.com//chengjiao/zengjiang/ -lianjie
https://gz.lianjia.com//chengjiao/zhengguozhen/ -lianjie
https://gz.lianjia.com//chengjiao/zhucun/ -lianjie
https://gz.lianjia.com//chengjiao/chinizhen/ -lianjie
https://gz.lianjia.com//chengjiao/huangge/ -lianjie
https://gz.lianjia.com//chengjiao/henglizhen2/ -lianjie
https://gz.lianjia.com//chengjiao/xinkenzhen/ -lianjie
https://gz.lianjia.com//chengjiao/yuwotouzhen/ -lianjie
https://sz.lianjia.com//chengjiao/longgangzhongxincheng/ -lianjie
https://sz.lianjia.com//chengjiao/shiyaling/ -lianjie
https://zs.lianjia.com//chengjiao/boaiyiyuan/ -lianjie
https://zs.lianjia.com//chengjiao/shalang/ -lianjie
https://zs.lianjia.com//chengjiao/chayecheng/ -lianjie
https://zs.lianjia.com//chengjiao/dutou/ -lianjie
https://zs.lianjia.com//chengjiao/guangzhugonglunan/ -lianjie
https://zs.lianjia.com//chengjiao/zhanyuan/ -lianjie
https://zs.lianjia.com//chengjiao/qitoushequ/ -lianjie
https://zs.lianjia.com//chengjiao/zhangxi/ -lianjie
https://zs.lianjia.com//chengjiao/huatuoshangongyuan/ -lianjie
https://zs.lianjia.com//chengjiao/zhongshangangkouan/ -lianjie
https://zs.lianjia.com//chengjiao/houshanguangchang/ -lianjie
https://zs.lianjia.com//chengjiao/qichezongzhan/ -lianjie
https://zs.lianjia.com//chengjiao/shaxizhenzhengfu/ -lianjie
https://zs.lianjia.com//chengjiao/shengshi/ -lianjie
https://zs.lianjia.com//chengjiao/zhonghaicuilin/ -lianjie
https://zs.lianjia.com//chengjiao/danansha/ -lianjie
https://zs.lianjia.com//chengjiao/gangkouligong/ -lianjie
https://zs.lianjia.com//chengjiao/guinanxuexiao/ -lianjie
https://zs.lianjia.com//chengjiao/dongshengzhenzhengfu/ -lianjie
https://zs.lianjia.com//chengjiao/hongrifandian/ -lianjie
https://zs.lianjia.com//chengjiao/sanxiangzhen1/ -lianjie
https://wh.lianjia.com//chengjiao/erqi2/ -lianjie
https://wh.lianjia.com//chengjiao/changqinglu/ -lianjie
https://wh.lianjia.com//chengjiao/cbdxibeihu/ -lianjie
https://wh.lianjia.com//chengjiao/gutian/ -lianjie
https://wh.lianjia.com//chengjiao/changqinghuayuan/ -lianjie
https://wh.lianjia.com//chengjiao/jinyinhu/ -lianjie
https://wh.lianjia.com//chengjiao/jiedaokou/ -lianjie
https://wh.lianjia.com//chengjiao/zhongbeilu/ -lianjie
https://wh.lianjia.com//chengjiao/wangjiawan/ -lianjie
https://wh.lianjia.com//chengjiao/jinronggang/ -lianjie
https://wh.lianjia.com//chengjiao/xinzhouqita/ -lianjie
https://cs.lianjia.com//chengjiao/yaoling/ -lianjie
https://cs.lianjia.com//chengjiao/leifengdadao/ -lianjie
https://cs.lianjia.com//chengjiao/leifengzhen/ -lianjie
https://cs.lianjia.com//chengjiao/wangjiawan1/ -lianjie
https://cs.lianjia.com//chengjiao/yanghuyuan/ -lianjie
https://cs.lianjia.com//chengjiao/yueluqita/ -lianjie
https://cs.lianjia.com//chengjiao/yuelushanbei/ -lianjie
https://cs.lianjia.com//chengjiao/shuyuanlu1/ -lianjie
https://cs.lianjia.com//chengjiao/kaifuqita/ -lianjie
https://cs.lianjia.com//chengjiao/qingzhuhu/ -lianjie
https://cs.lianjia.com//chengjiao/shiyizhong/ -lianjie
https://cs.lianjia.com//chengjiao/yuehu/ -lianjie
https://cs.lianjia.com//chengjiao/zhongnanqicheshijie/ -lianjie
https://cs.lianjia.com//chengjiao/liuchengqiao/ -lianjie
https://cs.lianjia.com//chengjiao/ningxiangxian/ -lianjie
https://cs.lianjia.com//chengjiao/liuyangqita/ -lianjie
https://cs.lianjia.com//chengjiao/changshaxian112/ -lianjie
https://cs.lianjia.com//chengjiao/kaiyuanlu/ -lianjie
https://lf.lianjia.com//chengjiao/dachang11/ -lianjie
https://lf.lianjia.com//chengjiao/anci1/ -lianjie
https://sjz.lianjia.com//chengjiao/huaidi/ -lianjie
https://sjz.lianjia.com//chengjiao/qingyuan/ -lianjie
https://sjz.lianjia.com//chengjiao/fengshoulu/ -lianjie
https://sjz.lianjia.com//chengjiao/liuxinzhuang/ -lianjie
https://sjz.lianjia.com//chengjiao/liudongzhuang/ -lianjie
https://sjz.lianjia.com//chengjiao/shijinguanqu/ -lianjie
https://sjz.lianjia.com//chengjiao/tuxianzhuang/ -lianjie
https://sjz.lianjia.com//chengjiao/yucai/ -lianjie
https://sjz.lianjia.com//chengjiao/zhaiying/ -lianjie
https://sjz.lianjia.com//chengjiao/zhengdingxinqu/ -lianjie
https://sjz.lianjia.com//chengjiao/beidu/ -lianjie
https://sjz.lianjia.com//chengjiao/binhe1/ -lianjie
https://sjz.lianjia.com//chengjiao/liucun/ -lianjie
https://sjz.lianjia.com//chengjiao/xinbai/ -lianjie
https://sjz.lianjia.com//chengjiao/yuxigongyuan/ -lianjie
https://sjz.lianjia.com//chengjiao/daguo/ -lianjie
https://sjz.lianjia.com//chengjiao/nangaoji1/ -lianjie
https://sjz.lianjia.com//chengjiao/tianyuan/ -lianjie
https://sjz.lianjia.com//chengjiao/zhiwuyuan21/ -lianjie
https://sjz.lianjia.com//chengjiao/qiemazhen/ -lianjie
https://sjz.lianjia.com//chengjiao/tianshanhaishijie1/ -lianjie
https://sjz.lianjia.com//chengjiao/zhengdingxian/ -lianjie
https://sjz.lianjia.com//chengjiao/douyuzhen/ -lianjie
https://sjz.lianjia.com//chengjiao/yuanshixian1/ -lianjie
https://sjz.lianjia.com//chengjiao/xinjishi1/ -lianjie
https://sjz.lianjia.com//chengjiao/lingshouxian1/ -lianjie
https://sjz.lianjia.com//chengjiao/jingxingkuangqu/ -lianjie
https://sjz.lianjia.com//chengjiao/jingxingxian1/ -lianjie
https://sjz.lianjia.com//chengjiao/zhaoxian1/ -lianjie
https://sjz.lianjia.com//chengjiao/shenzexian1/ -lianjie
https://sjz.lianjia.com//chengjiao/jinzhoushi1/ -lianjie
https://sjz.lianjia.com//chengjiao/gaoyixian1/ -lianjie
https://hk.lianjia.com//chengjiao/haidiandao/ -lianjie
https://hk.lianjia.com//chengjiao/xiuying/ -lianjie
https://nj.lianjia.com//chengjiao/hanzhongmendajie/ -lianjie
https://nj.lianjia.com//chengjiao/wutangguangchang/ -lianjie
https://nj.lianjia.com//chengjiao/jiangxinzhou/ -lianjie
https://nj.lianjia.com//chengjiao/xianhemen/ -lianjie
https://nj.lianjia.com//chengjiao/jiangningqita11/ -lianjie
https://nj.lianjia.com//chengjiao/tiexinqiao/ -lianjie
https://nj.lianjia.com//chengjiao/yuhuataiqita1/ -lianjie
https://nj.lianjia.com//chengjiao/wanshou1/ -lianjie
https://nj.lianjia.com//chengjiao/yanziji/ -lianjie
https://nj.lianjia.com//chengjiao/jiangningbinjiang/ -lianjie
https://nj.lianjia.com//chengjiao/lishuichengxi/ -lianjie
https://nj.lianjia.com//chengjiao/lishuiqita/ -lianjie
https://nj.lianjia.com//chengjiao/lishuihengda/ -lianjie
https://nj.lianjia.com//chengjiao/lishuichengbei/ -lianjie
https://nj.lianjia.com//chengjiao/lishuichengnan/ -lianjie
https://nj.lianjia.com//chengjiao/lishuichengzhong/ -lianjie
https://nj.lianjia.com//chengjiao/gaochun11/ -lianjie
https://su.lianjia.com//chengjiao/shengpu/ -lianjie
https://su.lianjia.com//chengjiao/dongshan1/ -lianjie
https://su.lianjia.com//chengjiao/guangfu/ -lianjie
https://su.lianjia.com//chengjiao/wusongjiangchanyeyuan/ -lianjie
https://su.lianjia.com//chengjiao/xishan22/ -lianjie
https://su.lianjia.com//chengjiao/fengqiao1/ -lianjie
https://su.lianjia.com//chengjiao/shengtaicheng1/ -lianjie
https://su.lianjia.com//chengjiao/caohuchanyekaifaqu/ -lianjie
https://su.lianjia.com//chengjiao/zhiwuyuan1/ -lianjie
https://su.lianjia.com//chengjiao/fenhu/ -lianjie
https://su.lianjia.com//chengjiao/hengshan/ -lianjie
https://su.lianjia.com//chengjiao/pingwang/ -lianjie
https://su.lianjia.com//chengjiao/shengze/ -lianjie
https://su.lianjia.com//chengjiao/taoyuan5/ -lianjie
https://su.lianjia.com//chengjiao/tongli/ -lianjie
https://su.lianjia.com//chengjiao/zhenze/ -lianjie
https://su.lianjia.com//chengjiao/dianshanhu/ -lianjie
https://su.lianjia.com//chengjiao/jinxi/ -lianjie
https://su.lianjia.com//chengjiao/kaifaqu5/ -lianjie
https://su.lianjia.com//chengjiao/lujia/ -lianjie
https://su.lianjia.com//chengjiao/qiandeng/ -lianjie
https://su.lianjia.com//chengjiao/yushan1/ -lianjie
https://su.lianjia.com//chengjiao/zhangpu/ -lianjie
https://su.lianjia.com//chengjiao/zhouzhuang/ -lianjie
https://dl.lianjia.com//chengjiao/dafang/ -lianjie
https://dl.lianjia.com//chengjiao/huadong/ -lianjie
https://dl.lianjia.com//chengjiao/minggui/ -lianjie
https://dl.lianjia.com//chengjiao/qianguan/ -lianjie
https://dl.lianjia.com//chengjiao/quanshuimeiyushengjing/ -lianjie
https://dl.lianjia.com//chengjiao/shengtaixincheng/ -lianjie
https://dl.lianjia.com//chengjiao/nansha1/ -lianjie
https://dl.lianjia.com//chengjiao/hutan/ -lianjie
https://dl.lianjia.com//chengjiao/xinqitun/ -lianjie
https://dl.lianjia.com//chengjiao/hongmeicuizhu/ -lianjie
https://dl.lianjia.com//chengjiao/bihai/ -lianjie
https://dl.lianjia.com//chengjiao/changhaixian/ -lianjie
https://dl.lianjia.com//chengjiao/jinhua/ -lianjie
https://sy.lianjia.com//chengjiao/liaozhongqu1/ -lianjie
https://sy.lianjia.com//chengjiao/xinminshi1/ -lianjie
https://sy.lianjia.com//chengjiao/hunnanxinqu1/ -lianjie
https://sy.lianjia.com//chengjiao/dadongqu/ -lianjie
https://sy.lianjia.com//chengjiao/sujiatunqu/ -lianjie
https://sy.lianjia.com//chengjiao/fakuxian1/ -lianjie
https://sh.lianjia.com//chengjiao/maogang/ -lianjie
https://sh.lianjia.com//chengjiao/shihudang/ -lianjie
https://sh.lianjia.com//chengjiao/xiaokunshan/ -lianjie
https://sh.lianjia.com//chengjiao/xinbang/ -lianjie
https://sh.lianjia.com//chengjiao/huaihaizhonglu/ -lianjie
https://sh.lianjia.com//chengjiao/nanjingdonglu/ -lianjie
https://sh.lianjia.com//chengjiao/jiangninglu/ -lianjie
https://sh.lianjia.com//chengjiao/linpinglu/ -lianjie
https://sh.lianjia.com//chengjiao/chonggu/ -lianjie
https://sh.lianjia.com//chengjiao/yingpu/ -lianjie
https://sh.lianjia.com//chengjiao/zhujiajiao/ -lianjie
https://sh.lianjia.com//chengjiao/caojing/ -lianjie
https://sh.lianjia.com//chengjiao/changxingdao21211/ -lianjie
https://sh.lianjia.com//chengjiao/chenjiazhen/ -lianjie
https://sh.lianjia.com//chengjiao/hengshadao/ -lianjie
https://sh.lianjia.com//chengjiao/changshushi/ -lianjie
https://sh.lianjia.com//chengjiao/haimen/ -lianjie
https://sh.lianjia.com//chengjiao/jiaxing/ -lianjie
https://sh.lianjia.com//chengjiao/nantong/ -lianjie
https://sh.lianjia.com//chengjiao/qidong1/ -lianjie
https://sh.lianjia.com//chengjiao/shanghaizhoubian2/ -lianjie
https://sh.lianjia.com//chengjiao/suzhou/ -lianjie
https://sh.lianjia.com//chengjiao/taicang212/ -lianjie
https://sh.lianjia.com//chengjiao/wuxishi/ -lianjie
https://sh.lianjia.com//chengjiao/nanjingxilu/ -lianjie
https://sh.lianjia.com//chengjiao/liangcheng/ -lianjie
https://sh.lianjia.com//chengjiao/huaxin/ -lianjie
https://sh.lianjia.com//chengjiao/xiayang/ -lianjie
https://sh.lianjia.com//chengjiao/xujing/ -lianjie
https://sh.lianjia.com//chengjiao/caojing/ -lianjie
https://sh.lianjia.com//chengjiao/fengjing/ -lianjie
https://sh.lianjia.com//chengjiao/jinshan1/ -lianjie
https://sh.lianjia.com//chengjiao/zhangyan/ -lianjie
https://sh.lianjia.com//chengjiao/hengshadao/ -lianjie
https://sh.lianjia.com//chengjiao/changshushi/ -lianjie
https://sh.lianjia.com//chengjiao/haimen/ -lianjie
https://sh.lianjia.com//chengjiao/jiaxing/ -lianjie
https://sh.lianjia.com//chengjiao/nantong/ -lianjie
https://sh.lianjia.com//chengjiao/qidong1/ -lianjie
https://sh.lianjia.com//chengjiao/shanghaizhoubian2/ -lianjie
https://sh.lianjia.com//chengjiao/suzhou/ -lianjie
https://sh.lianjia.com//chengjiao/taicang212/ -lianjie
https://sh.lianjia.com//chengjiao/wuxishi/ -lianjie
https://cd.lianjia.com//chengjiao/shuinianhe/ -lianjie
https://cd.lianjia.com//chengjiao/yanshikou/ -lianjie
https://cd.lianjia.com//chengjiao/zhuojincheng/ -lianjie
https://cd.lianjia.com//chengjiao/kuanzhaixiangzi/ -lianjie
https://cd.lianjia.com//chengjiao/renmingongyuan/ -lianjie
https://cd.lianjia.com//chengjiao/taishenglu/ -lianjie
https://cd.lianjia.com//chengjiao/waiguanghua/ -lianjie
https://cd.lianjia.com//chengjiao/guangfuqiao/ -lianjie
https://cd.lianjia.com//chengjiao/huaxi/ -lianjie
https://cd.lianjia.com//chengjiao/huochenanzhan/ -lianjie
https://cd.lianjia.com//chengjiao/yulin/ -lianjie
https://cd.lianjia.com//chengjiao/gaopeng/ -lianjie
https://cd.lianjia.com//chengjiao/dongwuyuan/ -lianjie
https://cd.lianjia.com//chengjiao/tianhuizhen/ -lianjie
https://cd.lianjia.com//chengjiao/xinduchengqu/ -lianjie
https://cd.lianjia.com//chengjiao/xinanjiaoda/ -lianjie
https://cd.lianjia.com//chengjiao/yipintianxia/ -lianjie
https://cd.lianjia.com//chengjiao/lushan/ -lianjie
https://cd.lianjia.com//chengjiao/wenxingzhen/ -lianjie
https://cd.lianjia.com//chengjiao/furonggucheng/ -lianjie
https://cd.lianjia.com//chengjiao/guanghuadadaoyanxian/ -lianjie
https://cd.lianjia.com//chengjiao/wenjianglaocheng/ -lianjie
https://cd.lianjia.com//chengjiao/wenjiangxincheng/ -lianjie
https://cd.lianjia.com//chengjiao/chongzhou/ -lianjie
https://cd.lianjia.com//chengjiao/dujiangyan/ -lianjie
https://cd.lianjia.com//chengjiao/taishenglu/ -lianjie
https://cd.lianjia.com//chengjiao/gaoshengqiao/ -lianjie
https://cd.lianjia.com//chengjiao/hangkonglu/ -lianjie
https://cd.lianjia.com//chengjiao/shuangnan/ -lianjie
https://cd.lianjia.com//chengjiao/wuhouci/ -lianjie
https://cd.lianjia.com//chengjiao/waishuangnan/ -lianjie
https://cd.lianjia.com//chengjiao/wudahuayuan/ -lianjie
https://cd.lianjia.com//chengjiao/xinshuangnan/ -lianjie
https://cd.lianjia.com//chengjiao/yulin/ -lianjie
https://cd.lianjia.com//chengjiao/jinrongcheng/ -lianjie
https://cd.lianjia.com//chengjiao/zhongde/ -lianjie
https://cd.lianjia.com//chengjiao/zijing/ -lianjie
https://cd.lianjia.com//chengjiao/balixiaoqu/ -lianjie
https://cd.lianjia.com//chengjiao/tianhuizhen/ -lianjie
https://cd.lianjia.com//chengjiao/chongzhou/ -lianjie
https://jn.lianjia.com//chengjiao/aotizhongxin/ -lianjie
https://jn.lianjia.com//chengjiao/jinandaxue/ -lianjie
https://jn.lianjia.com//chengjiao/liuzhangshanlu/ -lianjie
https://jn.lianjia.com//chengjiao/feiyuedadao/ -lianjie
https://jn.lianjia.com//chengjiao/huangtai/ -lianjie
https://jn.lianjia.com//chengjiao/zhonggong/ -lianjie
https://jn.lianjia.com//chengjiao/shengliyiyuan/ -lianjie
https://jn.lianjia.com//chengjiao/pingyin1/ -lianjie
https://jn.lianjia.com//chengjiao/shanghe1/ -lianjie
https://jn.lianjia.com//chengjiao/jiyang1/ -lianjie
https://jn.lianjia.com//chengjiao/zhangqiu2/ -lianjie
https://qd.lianjia.com//chengjiao/xinjiazhuang/ -lianjie
https://qd.lianjia.com//chengjiao/zhongshangongyuan1/ -lianjie
https://qd.lianjia.com//chengjiao/fuzhoubeilu/ -lianjie
https://qd.lianjia.com//chengjiao/shalingzhuang1/ -lianjie
https://qd.lianjia.com//chengjiao/laoshanfengjingqu/ -lianjie
https://qd.lianjia.com//chengjiao/donghan1/ -lianjie
https://qd.lianjia.com//chengjiao/xijiang/ -lianjie
https://qd.lianjia.com//chengjiao/hongshiya/ -lianjie
https://qd.lianjia.com//chengjiao/huangdaolundu/ -lianjie
https://qd.lianjia.com//chengjiao/huangdaoquzhengfu/ -lianjie
https://qd.lianjia.com//chengjiao/jiaozhou1/ -lianjie
https://qd.lianjia.com//chengjiao/jiaonan1/ -lianjie
https://qd.lianjia.com//chengjiao/liuhuabo/ -lianjie
https://qd.lianjia.com//chengjiao/xiaozhushan/ -lianjie
https://qd.lianjia.com//chengjiao/yinshatan/ -lianjie
https://qd.lianjia.com//chengjiao/chengyanglijiao/ -lianjie
https://qd.lianjia.com//chengjiao/hetao/ -lianjie
https://qd.lianjia.com//chengjiao/hongdao/ -lianjie
https://qd.lianjia.com//chengjiao/jihongtan/ -lianjie
https://qd.lianjia.com//chengjiao/taiyangcheng1/ -lianjie
https://qd.lianjia.com//chengjiao/xifuzhen1/ -lianjie
https://qd.lianjia.com//chengjiao/pingdu1/ -lianjie
https://qd.lianjia.com//chengjiao/laixi1/ -lianjie
https://yt.lianjia.com//chengjiao/nanjiang/ -lianjie
https://yt.lianjia.com//chengjiao/wenhualu/ -lianjie
https://yt.lianjia.com//chengjiao/yuhuangding/ -lianjie
https://yt.lianjia.com//chengjiao/beiwulu/ -lianjie
https://yt.lianjia.com//chengjiao/fushanzhoubian/ -lianjie
https://yt.lianjia.com//chengjiao/bihaiyuntianshangquan/ -lianjie
https://yt.lianjia.com//chengjiao/jindongshangquan/ -lianjie
https://yt.lianjia.com//chengjiao/kaifaquzhoubian/ -lianjie
https://yt.lianjia.com//chengjiao/liujiataishangquan/ -lianjie
https://yt.lianjia.com//chengjiao/wankecheng/ -lianjie
https://yt.lianjia.com//chengjiao/wandashangquan2/ -lianjie
https://yt.lianjia.com//chengjiao/yedayiyuanshangquan/ -lianjie
https://xa.lianjia.com//chengjiao/qujiang1/ -lianjie
https://xa.lianjia.com//chengjiao/jingkai1/ -lianjie
https://xa.lianjia.com//chengjiao/lantian1/ -lianjie
https://xa.lianjia.com//chengjiao/lintong1/ -lianjie
https://xa.lianjia.com//chengjiao/yanliang1/ -lianjie
https://xa.lianjia.com//chengjiao/changan2/ -lianjie
https://xa.lianjia.com//chengjiao/huxian1/ -lianjie
https://xa.lianjia.com//chengjiao/zhouzhi1/ -lianjie
https://hz.lianjia.com//chengjiao/cuiyuan/ -lianjie
https://hz.lianjia.com//chengjiao/jiulian/ -lianjie
https://hz.lianjia.com//chengjiao/liuxia1/ -lianjie
https://hz.lianjia.com//chengjiao/qingbo/ -lianjie
https://hz.lianjia.com//chengjiao/wensan/ -lianjie
https://hz.lianjia.com//chengjiao/wenyixilu/ -lianjie
https://hz.lianjia.com//chengjiao/xihujingqu/ -lianjie
https://hz.lianjia.com//chengjiao/xuejun/ -lianjie
https://hz.lianjia.com//chengjiao/xiaoheshan/ -lianjie
https://hz.lianjia.com//chengjiao/sanliting/ -lianjie
https://hz.lianjia.com//chengjiao/caihe1/ -lianjie
https://hz.lianjia.com//chengjiao/daxuechengbei/ -lianjie
https://hz.lianjia.com//chengjiao/gongyeyuannan/ -lianjie
https://hz.lianjia.com//chengjiao/haining/ -lianjie
https://hz.lianjia.com//chengjiao/jianqiao/ -lianjie
https://hz.lianjia.com//chengjiao/nanxiaobu/ -lianjie
https://hz.lianjia.com//chengjiao/daguan/ -lianjie
https://hz.lianjia.com//chengjiao/qiaoxi1/ -lianjie
https://hz.lianjia.com//chengjiao/xinyifang/ -lianjie
https://hz.lianjia.com//chengjiao/jinjiang1/ -lianjie
https://hz.lianjia.com//chengjiao/nanxing/ -lianjie
https://hz.lianjia.com//chengjiao/aoti/ -lianjie
https://hz.lianjia.com//chengjiao/linan1/ -lianjie
https://hz.lianjia.com//chengjiao/renhe2/ -lianjie
https://hz.lianjia.com//chengjiao/xianlin1/ -lianjie
https://hz.lianjia.com//chengjiao/yiqiao/ -lianjie
https://hz.lianjia.com//chengjiao/tonglushangquan/ -lianjie
https://hz.lianjia.com//chengjiao/chunan/ -lianjie
https://hz.lianjia.com//chengjiao/jiande1/ -lianjie
https://hz.lianjia.com//chengjiao/fuyang1/ -lianjie
