https://hf.58.com/anhdx/ershoufang/ -lianjie
https://hf.58.com/anhdx/ershoufang/ -lianjie
https://hf.58.com/ahnydx/ershoufang/ -lianjie
https://hf.58.com/anyfy/ershoufang/ -lianjie
https://hf.58.com/jinggang/ershoufang/ -lianjie
https://hf.58.com/chachechang/ershoufang/ -lianjie
https://hf.58.com/changaxl/ershoufang/ -lianjie
https://hf.58.com/daoxiangcun/ershoufang/ -lianjie
https://hf.58.com/dpt/ershoufang/ -lianjie
https://hf.58.com/dyc/ershoufang/ -lianjie
https://hf.58.com/erlj/ershoufang/ -lianjie
https://hf.58.com/fangdc/ershoufang/ -lianjie
https://hf.58.com/gaoliulu/ershoufang/ -lianjie
https://hf.58.com/anhdx/ershoufang/ -lianjie
https://hf.58.com/ahnydx/ershoufang/ -lianjie
https://hf.58.com/anyfy/ershoufang/ -lianjie
https://hf.58.com/jinggang/ershoufang/ -lianjie
https://hf.58.com/chachechang/ershoufang/ -lianjie
https://hf.58.com/changaxl/ershoufang/ -lianjie
https://hf.58.com/daoxiangcun/ershoufang/ -lianjie
https://hf.58.com/dpt/ershoufang/ -lianjie
https://hf.58.com/dyc/ershoufang/ -lianjie
https://hf.58.com/erlj/ershoufang/ -lianjie
https://hf.58.com/fangdc/ershoufang/ -lianjie
https://hf.58.com/gaoliulu/ershoufang/ -lianjie
https://hf.58.com/guichilu/ershoufang/ -lianjie
https://hf.58.com/haigds/ershoufang/ -lianjie
https://hf.58.com/hefxy/ershoufang/ -lianjie
https://hf.58.com/xizhan/ershoufang/ -lianjie
https://hf.58.com/hezhl/ershoufang/ -lianjie
https://hf.58.com/hnl/ershoufang/ -lianjie
https://hf.58.com/huangshanlu/ershoufang/ -lianjie
https://hf.58.com/huangylk/ershoufang/ -lianjie
https://hf.58.com/hupo/ershoufang/ -lianjie
https://hf.58.com/jinniulu/ershoufang/ -lianjie
https://hf.58.com/jiys/ershoufang/ -lianjie
https://hf.58.com/kjy/ershoufang/ -lianjie
https://hf.58.com/nanqilizhan/ershoufang/ -lianjie
https://hf.58.com/paobxy/ershoufang/ -lianjie
https://hf.58.com/qiansl/ershoufang/ -lianjie
https://hf.58.com/qxl/ershoufang/ -lianjie
https://hf.58.com/qyl/ershoufang/ -lianjie
https://hf.58.com/roulc/ershoufang/ -lianjie
https://hf.58.com/sanlian/ershoufang/ -lianjie
https://hf.58.com/snjx/ershoufang/ -lianjie
https://hf.58.com/shl/ershoufang/ -lianjie
https://hf.58.com/slm/ershoufang/ -lianjie
https://hf.58.com/shushanqita/ershoufang/ -lianjie
https://hf.58.com/wangjiangxilu/ershoufang/ -lianjie
https://hf.58.com/wulidun/ershoufang/ -lianjie
https://hf.58.com/xkz/ershoufang/ -lianjie
https://hf.58.com/xiyuanxincun/ershoufang/ -lianjie
https://hf.58.com/yagc/ershoufang/ -lianjie
https://hf.58.com/yuexilu/ershoufang/ -lianjie
https://hf.58.com/zhoucc/ershoufang/ -lianjie
https://hf.58.com/zixcc/ershoufang/ -lianjie
https://hf.58.com/anqinglu/ershoufang/ -lianjie
https://hf.58.com/baishuib/ershoufang/ -lianjie
https://hf.58.com/haozhoulu/ershoufang/ -lianjie
https://hf.58.com/cfgch/ershoufang/ -lianjie
https://hf.58.com/changjzl/ershoufang/ -lianjie
https://hf.58.com/chenghm/ershoufang/ -lianjie
https://hf.58.com/dpsk/ershoufang/ -lianjie
https://hf.58.com/guangmingl/ershoufang/ -lianjie
https://hf.58.com/haitang/ershoufang/ -lianjie
https://hf.58.com/hawl/ershoufang/ -lianjie
https://hf.58.com/hexy/ershoufang/ -lianjie
https://hf.58.com/jzbl/ershoufang/ -lianjie
https://hf.58.com/luyangqu/ershoufang/ -lianjie
https://hf.58.com/mengcl/ershoufang/ -lianjie
https://hf.58.com/nanmxx/ershoufang/ -lianjie
https://hf.58.com/sanpailou/ershoufang/ -lianjie
https://hf.58.com/sxk/ershoufang/ -lianjie
https://hf.58.com/shangzd/ershoufang/ -lianjie
https://hf.58.com/shengnky/ershoufang/ -lianjie
https://hf.58.com/shoucl/ershoufang/ -lianjie
https://hf.58.com/suixilu/ershoufang/ -lianjie
https://hf.58.com/silihe/ershoufang/ -lianjie
https://hf.58.com/sipl/ershoufang/ -lianjie
https://hf.58.com/wxl/ershoufang/ -lianjie
https://hf.58.com/tankc/ershoufang/ -lianjie
https://hf.58.com/tongcl/ershoufang/ -lianjie
https://hf.58.com/suzhoulu/ershoufang/ -lianjie
https://hf.58.com/hefeizhan/ershoufang/ -lianjie
https://hf.58.com/sanxiaokou/ershoufang/ -lianjie
https://hf.58.com/xinghgy/ershoufang/ -lianjie
https://hf.58.com/jinzhailu/ershoufang/ -lianjie
https://hf.58.com/hfyimin/ershoufang/ -lianjie
https://hf.58.com/yuanyimingcheng/ershoufang/ -lianjie
https://hf.58.com/bainh/ershoufang/ -lianjie
https://hf.58.com/bhgyy/ershoufang/ -lianjie
https://hf.58.com/baohequ/ershoufang/ -lianjie
https://hf.58.com/changqing/ershoufang/ -lianjie
https://hf.58.com/chaohulu/ershoufang/ -lianjie
https://hf.58.com/dazl/ershoufang/ -lianjie
https://hf.58.com/dcgang/ershoufang/ -lianjie
https://hf.58.com/gedd/ershoufang/ -lianjie
https://hf.58.com/hegd/ershoufang/ -lianjie
https://hf.58.com/hejf/ershoufang/ -lianjie
https://hf.58.com/jialf/ershoufang/ -lianjie
https://hf.58.com/jixl/ershoufang/ -lianjie
https://hf.58.com/lingdt/ershoufang/ -lianjie
https://hf.58.com/jiagang/ershoufang/ -lianjie
https://hf.58.com/maasl/ershoufang/ -lianjie
https://hf.58.com/nanmenhc/ershoufang/ -lianjie
https://hf.58.com/nanxmq/ershoufang/ -lianjie
https://hf.58.com/ningguolu/ershoufang/ -lianjie
https://hf.58.com/shengrd/ershoufang/ -lianjie
https://hf.58.com/tnlk/ershoufang/ -lianjie
https://hf.58.com/wanghc/ershoufang/ -lianjie
https://hf.58.com/weig/ershoufang/ -lianjie
https://hf.58.com/wuhulu/ershoufang/ -lianjie
https://hf.58.com/wulm/ershoufang/ -lianjie
https://hf.58.com/xuancl/ershoufang/ -lianjie
https://hf.58.com/ygm/ershoufang/ -lianjie
https://hf.58.com/zhongtsj/ershoufang/ -lianjie
https://hf.58.com/zhougd/ershoufang/ -lianjie
https://hf.58.com/baisigouguangchang/ershoufang/ -lianjie
https://hf.58.com/changhuai/ershoufang/ -lianjie
https://hf.58.com/changjpf/ershoufang/ -lianjie
https://hf.58.com/chengdongl/ershoufang/ -lianjie
https://hf.58.com/chezhan/ershoufang/ -lianjie
https://hf.58.com/dadian/ershoufang/ -lianjie
https://hf.58.com/dadm/ershoufang/ -lianjie
https://hf.58.com/datonglu/ershoufang/ -lianjie
https://hf.58.com/xaxz/ershoufang/ -lianjie
https://hf.58.com/diangang/ershoufang/ -lianjie
https://hf.58.com/douxiaocheng/ershoufang/ -lianjie
https://hf.58.com/fangmiao/ershoufang/ -lianjie
https://hf.58.com/haizhoujingxiushijia/ershoufang/ -lianjie
https://hf.58.com/hedacheng/ershoufang/ -lianjie
https://hf.58.com/hepgc/ershoufang/ -lianjie
https://hf.58.com/hepingl/ershoufang/ -lianjie
https://hf.58.com/hongguang/ershoufang/ -lianjie
https://hf.58.com/huacgy/ershoufang/ -lianjie
https://hf.58.com/huangmahuayuan/ershoufang/ -lianjie
https://hf.58.com/huashencheng/ershoufang/ -lianjie
https://hf.58.com/hxxc/ershoufang/ -lianjie
https://hf.58.com/hupomingcheng/ershoufang/ -lianjie
https://hf.58.com/jindt/ershoufang/ -lianjie
https://hf.58.com/jinganxinchenghf/ershoufang/ -lianjie
https://hf.58.com/jintqpc/ershoufang/ -lianjie
https://hf.58.com/lqdl/ershoufang/ -lianjie
https://hf.58.com/longganghf/ershoufang/ -lianjie
https://hf.58.com/longgangyouyuan/ershoufang/ -lianjie
https://hf.58.com/luogang/ershoufang/ -lianjie
https://hf.58.com/mingguanglu/ershoufang/ -lianjie
https://hf.58.com/qilitang/ershoufang/ -lianjie
https://hf.58.com/qilizhan/ershoufang/ -lianjie
https://hf.58.com/ruitaigongyuan/ershoufang/ -lianjie
https://hf.58.com/sanlijie/ershoufang/ -lianjie
https://hf.58.com/sanxiaocheng/ershoufang/ -lianjie
https://hf.58.com/shengdiyage/ershoufang/ -lianjie
https://hf.58.com/shenglilu/ershoufang/ -lianjie
https://hf.58.com/tonglinlu/ershoufang/ -lianjie
https://hf.58.com/wangdi/ershoufang/ -lianjie
https://hf.58.com/yuxiaocheng/ershoufang/ -lianjie
https://hf.58.com/xinhaijiayuan/ershoufang/ -lianjie
https://hf.58.com/yaohaiqu/ershoufang/ -lianjie
https://hf.58.com/yuanysd/ershoufang/ -lianjie
https://hf.58.com/yufhs/ershoufang/ -lianjie
https://hf.58.com/zhudacheng/ershoufang/ -lianjie
https://hf.58.com/cynlu/ershoufang/ -lianjie
https://hf.58.com/binhuqiancheng/ershoufang/ -lianjie
https://hf.58.com/cuiwl/ershoufang/ -lianjie
https://hf.58.com/daxc/ershoufang/ -lianjie
https://hf.58.com/donghaihuayuan/ershoufang/ -lianjie
https://hf.58.com/feicuishangcheng/ershoufang/ -lianjie
https://hf.58.com/furl/ershoufang/ -lianjie
https://hf.58.com/haihengshequ/ershoufang/ -lianjie
https://hf.58.com/huiy/ershoufang/ -lianjie
https://hf.58.com/jgxynq/ershoufang/ -lianjie
https://hf.58.com/jingkzb/ershoufang/ -lianjie
https://hf.58.com/mingzgc/ershoufang/ -lianjie
https://hf.58.com/nanyh/ershoufang/ -lianjie
https://hf.58.com/nysfy/ershoufang/ -lianjie
https://hf.58.com/rongkecheng/ershoufang/ -lianjie
https://hf.58.com/tianmh/ershoufang/ -lianjie
https://hf.58.com/yuzhoutianjing/ershoufang/ -lianjie
https://hf.58.com/zhonghuancheng/ershoufang/ -lianjie
https://hf.58.com/dass/ershoufang/ -lianjie
https://hf.58.com/lvcg/ershoufang/ -lianjie
https://hf.58.com/gaoxinzb/ershoufang/ -lianjie
https://hf.58.com/bianhl/ershoufang/ -lianjie
https://hf.58.com/dashic/ershoufang/ -lianjie
https://hf.58.com/hfhuocz/ershoufang/ -lianjie
https://hf.58.com/jiatianxia/ershoufang/ -lianjie
https://hf.58.com/jinchengganwan/ershoufang/ -lianjie
https://hf.58.com/jinduhuating/ershoufang/ -lianjie
https://hf.58.com/modian/ershoufang/ -lianjie
https://hf.58.com/nang/ershoufang/ -lianjie
https://hf.58.com/qilt/ershoufang/ -lianjie
https://hf.58.com/qinggsc/ershoufang/ -lianjie
https://hf.58.com/sanshitou/ershoufang/ -lianjie
https://hf.58.com/sanhyuankfq/ershoufang/ -lianjie
https://hf.58.com/shenglgc/ershoufang/ -lianjie
https://hf.58.com/shengtgy/ershoufang/ -lianjie
https://hf.58.com/tiejingyuan/ershoufang/ -lianjie
https://hf.58.com/tonglxc/ershoufang/ -lianjie
https://hf.58.com/wanjc/ershoufang/ -lianjie
https://hf.58.com/wuliudadao/ershoufang/ -lianjie
https://hf.58.com/xinhaigongyuan/ershoufang/ -lianjie
https://hf.58.com/xinzzb/ershoufang/ -lianjie
https://hf.58.com/yanggang/ershoufang/ -lianjie
https://hf.58.com/yaohaigongyuanhf/ershoufang/ -lianjie
https://hf.58.com/baolilafeigonngguan/ershoufang/ -lianjie
https://hf.58.com/binhuheyuan/ershoufang/ -lianjie
https://hf.58.com/hfbinhujiari/ershoufang/ -lianjie
https://hf.58.com/binhjy/ershoufang/ -lianjie
https://hf.58.com/hfbinhmz/ershoufang/ -lianjie
https://hf.58.com/binhupinge/ershoufang/ -lianjie
https://hf.58.com/binhusjc/ershoufang/ -lianjie
https://hf.58.com/binhzb/ershoufang/ -lianjie
https://hf.58.com/chunrongyuan/ershoufang/ -lianjie
https://hf.58.com/fuweiyuan/ershoufang/ -lianjie
https://hf.58.com/gaosushidaicheng/ershoufang/ -lianjie
https://hf.58.com/hfgssdgc/ershoufang/ -lianjie
https://hf.58.com/hanlinyuan/ershoufang/ -lianjie
https://hf.58.com/huicy/ershoufang/ -lianjie
https://hf.58.com/huijy/ershoufang/ -lianjie
https://hf.58.com/ldgh/ershoufang/ -lianjie
https://hf.58.com/linbinyuan/ershoufang/ -lianjie
https://hf.58.com/qionglinyuan/ershoufang/ -lianjie
https://hf.58.com/hfshuxmendi/ershoufang/ -lianjie
https://hf.58.com/shuyinyuan/ershoufang/ -lianjie
https://hf.58.com/tangxirenjia/ershoufang/ -lianjie
https://hf.58.com/wandawenlvcheng/ershoufang/ -lianjie
https://hf.58.com/wankelanshan/ershoufang/ -lianjie
https://hf.58.com/wenhuage/ershoufang/ -lianjie
https://hf.58.com/xuhuiyufu/ershoufang/ -lianjie
https://hf.58.com/zhengfuhexinqu/ershoufang/ -lianjie
https://hf.58.com/zhenhuiyuan/ershoufang/ -lianjie
https://hf.58.com/zhongtiebinhumingdi/ershoufang/ -lianjie
https://hf.58.com/tianehu/ershoufang/ -lianjie
https://hf.58.com/atzx/ershoufang/ -lianjie
https://hf.58.com/qiansw/ershoufang/ -lianjie
https://hf.58.com/waijingds/ershoufang/ -lianjie
https://hf.58.com/shiwulh/ershoufang/ -lianjie
https://hf.58.com/feicuil/ershoufang/ -lianjie
https://hf.58.com/zhengwzb/ershoufang/ -lianjie
https://hf.58.com/hfbcsjc/ershoufang/ -lianjie
https://hf.58.com/hflgghc/ershoufang/ -lianjie
https://hf.58.com/hfrdxc/ershoufang/ -lianjie
https://hf.58.com/hfzahy/ershoufang/ -lianjie
https://hf.58.com/hfhtakly/ershoufang/ -lianjie
https://hf.58.com/hfyygef/ershoufang/ -lianjie
https://hf.58.com/hfjcgj/ershoufang/ -lianjie
https://hf.58.com/hfsflxq/ershoufang/ -lianjie
https://hf.58.com/rongchenghuayuan/ershoufang/ -lianjie
https://hf.58.com/changfeng/ershoufang/ -lianjie
https://hf.58.com/feidong/ershoufang/ -lianjie
https://hf.58.com/feixi/ershoufang/ -lianjie
https://hf.58.com/hefeishi/ershoufang/ -lianjie
https://wuhu.58.com/ershoufang/ -lianjie
https://wuhu.58.com/jinghu/ershoufang/ -lianjie
https://wuhu.58.com/whwuwei/ershoufang/ -lianjie
https://wuhu.58.com/jiujiangqu/ershoufang/ -lianjie
https://wuhu.58.com/yijiang/ershoufang/ -lianjie
https://wuhu.58.com/sanshan/ershoufang/ -lianjie
https://wuhu.58.com/nanling/ershoufang/ -lianjie
https://wuhu.58.com/wuhuxian/ershoufang/ -lianjie
https://wuhu.58.com/fanchang/ershoufang/ -lianjie
https://wuhu.58.com/wuhuqita/ershoufang/ -lianjie
https://bengbu.58.com/ershoufang/ -lianjie
https://bengbu.58.com/bangshan/ershoufang/ -lianjie
https://bengbu.58.com/longzihu/ershoufang/ -lianjie
https://bengbu.58.com/yuhui/ershoufang/ -lianjie
https://bengbu.58.com/huaishang/ershoufang/ -lianjie
https://bengbu.58.com/huaiyuan/ershoufang/ -lianjie
https://bengbu.58.com/guzhen/ershoufang/ -lianjie
https://bengbu.58.com/wuhe/ershoufang/ -lianjie
https://bengbu.58.com/bengbuqita/ershoufang/ -lianjie
https://fy.58.com/ershoufang/ -lianjie
https://fy.58.com/yingzhouqu/ershoufang/ -lianjie
https://fy.58.com/yingquanqu/ershoufang/ -lianjie
https://fy.58.com/yingdongqu/ershoufang/ -lianjie
https://fy.58.com/jingjiq/ershoufang/ -lianjie
https://fy.58.com/jieshoushi/ershoufang/ -lianjie
https://fy.58.com/funanxian/ershoufang/ -lianjie
https://fy.58.com/taihex/ershoufang/ -lianjie
https://fy.58.com/yingshangxian/ershoufang/ -lianjie
https://fy.58.com/linquanxian/ershoufang/ -lianjie
https://hn.58.com/ershoufang/ -lianjie
https://hn.58.com/tianjiaan/ershoufang/ -lianjie
https://hn.58.com/datongquq/ershoufang/ -lianjie
https://hn.58.com/xiejiaji/ershoufang/ -lianjie
https://hn.58.com/bagongshan/ershoufang/ -lianjie
https://hn.58.com/panjiqu/ershoufang/ -lianjie
https://hn.58.com/fengtaixian/ershoufang/ -lianjie
https://hn.58.com/maojiqu/ershoufang/ -lianjie
https://hn.58.com/shouxian/ershoufang/ -lianjie
https://anqing.58.com/ershoufang/ -lianjie
https://anqing.58.com/daguanqu/ershoufang/ -lianjie
https://anqing.58.com/yingjiang/ershoufang/ -lianjie
https://anqing.58.com/yixiu/ershoufang/ -lianjie
https://anqing.58.com/tongchengshi/ershoufang/ -lianjie
https://anqing.58.com/huaining/ershoufang/ -lianjie
https://anqing.58.com/qianshanxian/ershoufang/ -lianjie
https://anqing.58.com/susong/ershoufang/ -lianjie
https://anqing.58.com/yuexi/ershoufang/ -lianjie
https://anqing.58.com/anqingqita/ershoufang/ -lianjie
https://anqing.58.com/taihuanqing/ershoufang/ -lianjie
https://anqing.58.com/wangjianganqing/ershoufang/ -lianjie
https://suzhou.58.com/ershoufang/ -lianjie
https://suzhou.58.com/yongqiao/ershoufang/ -lianjie
https://suzhou.58.com/sixian/ershoufang/ -lianjie
https://suzhou.58.com/lingbi/ershoufang/ -lianjie
https://suzhou.58.com/xiaoxian/ershoufang/ -lianjie
https://suzhou.58.com/dangshan/ershoufang/ -lianjie
https://suzhou.58.com/suzhoushi/ershoufang/ -lianjie
https://la.58.com/ershoufang/ -lianjie
https://la.58.com/liuanshiqu/ershoufang/ -lianjie
https://la.58.com/jinanquq/ershoufang/ -lianjie
https://la.58.com/yuanquq/ershoufang/ -lianjie
https://la.58.com/shuchengxian/ershoufang/ -lianjie
https://la.58.com/huoqiuxian/ershoufang/ -lianjie
https://la.58.com/jinzhaixian/ershoufang/ -lianjie
https://la.58.com/huoshanxian/ershoufang/ -lianjie
https://la.58.com/yejiluan/ershoufang/ -lianjie
https://huaibei.58.com/ershoufang/ -lianjie
https://huaibei.58.com/xiangshanqu/ershoufang/ -lianjie
https://huaibei.58.com/lieshanqu/ershoufang/ -lianjie
https://huaibei.58.com/dujiqu/ershoufang/ -lianjie
https://huaibei.58.com/suixix/ershoufang/ -lianjie
https://huaibei.58.com/huaibeizb/ershoufang/ -lianjie
https://chuzhou.58.com/ershoufang/ -lianjie
https://chuzhou.58.com/langya/ershoufang/ -lianjie
https://chuzhou.58.com/nanqiaoq/ershoufang/ -lianjie
https://chuzhou.58.com/laian/ershoufang/ -lianjie
https://chuzhou.58.com/quanshu/ershoufang/ -lianjie
https://chuzhou.58.com/dingyuan/ershoufang/ -lianjie
https://chuzhou.58.com/fengyangx/ershoufang/ -lianjie
https://chuzhou.58.com/mingguan/ershoufang/ -lianjie
https://chuzhou.58.com/tianchangqu/ershoufang/ -lianjie
https://chuzhou.58.com/chuzhouzhoubian/ershoufang/ -lianjie
https://mas.58.com/ershoufang/ -lianjie
https://mas.58.com/huashanqu/ershoufang/ -lianjie
https://mas.58.com/yushan/ershoufang/ -lianjie
https://mas.58.com/jinjiazhuang/ershoufang/ -lianjie
https://mas.58.com/hanshanx/ershoufang/ -lianjie
https://mas.58.com/dangtu/ershoufang/ -lianjie
https://mas.58.com/hexians/ershoufang/ -lianjie
https://mas.58.com/masbwq/ershoufang/ -lianjie
https://mas.58.com/maanshan/ershoufang/ -lianjie
https://tongling.58.com/ershoufang/ -lianjie
https://tongling.58.com/tongguanshan/ershoufang/ -lianjie
https://tongling.58.com/shizishan/ershoufang/ -lianjie
https://tongling.58.com/jiaoq/ershoufang/ -lianjie
https://tongling.58.com/tonglingx/ershoufang/ -lianjie
https://tongling.58.com/tonglingzhoubian/ershoufang/ -lianjie
https://tongling.58.com/zongyang/ershoufang/ -lianjie
https://tongling.58.com/yiantongling/ershoufang/ -lianjie
https://xuancheng.58.com/ershoufang/ -lianjie
https://xuancheng.58.com/xuanzhou/ershoufang/ -lianjie
https://xuancheng.58.com/langxi/ershoufang/ -lianjie
https://xuancheng.58.com/guangde/ershoufang/ -lianjie
https://xuancheng.58.com/hzjingxian/ershoufang/ -lianjie
https://xuancheng.58.com/jixixian/ershoufang/ -lianjie
https://xuancheng.58.com/jingde/ershoufang/ -lianjie
https://xuancheng.58.com/xuanchengshi/ershoufang/ -lianjie
https://xuancheng.58.com/ningguoqu/ershoufang/ -lianjie
https://bozhou.58.com/ershoufang/ -lianjie
https://bozhou.58.com/lixinxian/ershoufang/ -lianjie
https://bozhou.58.com/mengchengxian/ershoufang/ -lianjie
https://bozhou.58.com/woyangxian/ershoufang/ -lianjie
https://bozhou.58.com/qiaochengqu/ershoufang/ -lianjie
https://huangshan.58.com/ershoufang/ -lianjie
https://huangshan.58.com/huangshanq/ershoufang/ -lianjie
https://huangshan.58.com/huizhouq/ershoufang/ -lianjie
https://huangshan.58.com/taipq/ershoufang/ -lianjie
https://huangshan.58.com/huangshanfjq/ershoufang/ -lianjie
https://huangshan.58.com/qimen/ershoufang/ -lianjie
https://huangshan.58.com/xiuning/ershoufang/ -lianjie
https://huangshan.58.com/yix/ershoufang/ -lianjie
https://huangshan.58.com/shex/ershoufang/ -lianjie
https://huangshan.58.com/huangshanzhoubian/ershoufang/ -lianjie
https://chizhou.58.com/ershoufang/ -lianjie
https://chizhou.58.com/guichi/ershoufang/ -lianjie
https://chizhou.58.com/czdongzhi/ershoufang/ -lianjie
https://chizhou.58.com/shitai/ershoufang/ -lianjie
https://chizhou.58.com/qingyangx/ershoufang/ -lianjie
https://chizhou.58.com/chizhouzhoubian/ershoufang/ -lianjie
https://ch.58.com/ershoufang/ -lianjie
https://ch.58.com/juchao/ershoufang/ -lianjie
https://ch.58.com/lujiang/ershoufang/ -lianjie
https://ch.58.com/chaohuzhoubian/ershoufang/ -lianjie
https://hexian.58.com/ershoufang/ -lianjie
https://hexian.58.com/liyangzhen/ershoufang/ -lianjie
https://hexian.58.com/shengangzhen/ershoufang/ -lianjie
https://hexian.58.com/baiqiaozhen/ershoufang/ -lianjie
https://hexian.58.com/laoqiaozhen/ershoufang/ -lianjie
https://hexian.58.com/gongqiaozhen/ershoufang/ -lianjie
https://hexian.58.com/xibuzhen/ershoufang/ -lianjie
https://hexian.58.com/xiangquanzhen/ershoufang/ -lianjie
https://hexian.58.com/wujiangzhen/ershoufang/ -lianjie
https://hexian.58.com/shanhouzhen/ershoufang/ -lianjie
https://hexian.58.com/shiyangzhens/ershoufang/ -lianjie
https://hq.58.com/ershoufang/ -lianjie
https://hq.58.com/chengguanz/ershoufang/ -lianjie
https://hq.58.com/hekouz/ershoufang/ -lianjie
https://hq.58.com/zhouji/ershoufang/ -lianjie
https://hq.58.com/yaoli/ershoufang/ -lianjie
https://hq.58.com/zongxing/ershoufang/ -lianjie
https://hq.58.com/xindianz/ershoufang/ -lianjie
https://hq.58.com/changjiz/ershoufang/ -lianjie
https://hq.58.com/madianz/ershoufang/ -lianjie
https://hq.58.com/huhu/ershoufang/ -lianjie
https://hq.58.com/huoqiuzb/ershoufang/ -lianjie
https://tongcheng.58.com/ershoufang/ -lianjie
https://tongcheng.58.com/wenchangs/ershoufang/ -lianjie
https://tongcheng.58.com/longmian/ershoufang/ -lianjie
https://tongcheng.58.com/kaifaqutc/ershoufang/ -lianjie
https://tongcheng.58.com/xingerwang/ershoufang/ -lianjie
https://tongcheng.58.com/jinshen/ershoufang/ -lianjie
https://tongcheng.58.com/fangang/ershoufang/ -lianjie
https://tongcheng.58.com/daguantc/ershoufang/ -lianjie
https://tongcheng.58.com/lvting/ershoufang/ -lianjie
https://tongcheng.58.com/kongcheng/ershoufang/ -lianjie
https://tongcheng.58.com/qingcao/ershoufang/ -lianjie
https://tongcheng.58.com/xindutc/ershoufang/ -lianjie
https://tongcheng.58.com/huangjia/ershoufang/ -lianjie
https://tongcheng.58.com/shuanggangtc/ershoufang/ -lianjie
https://tongcheng.58.com/tangwan/ershoufang/ -lianjie
https://tongcheng.58.com/xizihu/ershoufang/ -lianjie
https://tongcheng.58.com/tongchengzb/ershoufang/ -lianjie
https://ningguo.58.com/ershoufang/ -lianjie
https://ningguo.58.com/ningguoshiqu/ershoufang/ -lianjie
https://ningguo.58.com/ningguoqita/ershoufang/ -lianjie
https://tianchang.58.com/ershoufang/ -lianjie
https://tianchang.58.com/tianchangshiqu/ershoufang/ -lianjie
https://tianchang.58.com/tianchangqita/ershoufang/ -lianjie
https://dongzhi.58.com/ershoufang/ -lianjie
https://dongzhi.58.com/dongzhichengqu/ershoufang/ -lianjie
https://dongzhi.58.com/dongzhiqita/ershoufang/ -lianjie
https://wuweixian.58.com/ershoufang/ -lianjie
https://wuweixian.58.com/wuweichengqu/ershoufang/ -lianjie
https://wuweixian.58.com/wuweiqita/ershoufang/ -lianjie
https://fz.58.com/changting/ershoufang/ -lianjie
https://fz.58.com/bmnl/ershoufang/ -lianjie
https://fz.58.com/fzbangzhoujie/ershoufang/ -lianjie
https://fz.58.com/byqnl/ershoufang/ -lianjie
https://fz.58.com/fzbomeishibang/ershoufang/ -lianjie
https://fz.58.com/cangxia/ershoufang/ -lianjie
https://fz.58.com/chating/ershoufang/ -lianjie
https://fz.58.com/fzdalijiacheng/ershoufang/ -lianjie
https://fz.58.com/fusizhong/ershoufang/ -lianjie
https://fz.58.com/gylu/ershoufang/ -lianjie
https://fz.58.com/fzguohuoxilu/ershoufang/ -lianjie
https://fz.58.com/houzhou/ershoufang/ -lianjie
https://fz.58.com/jbzhonglu/ershoufang/ -lianjie
https://fz.58.com/lyzhl/ershoufang/ -lianjie
https://fz.58.com/fzmjsjgc/ershoufang/ -lianjie
https://fz.58.com/fzninghua/ershoufang/ -lianjie
https://fz.58.com/pwl/ershoufang/ -lianjie
https://fz.58.com/shanghai/ershoufang/ -lianjie
https://fz.58.com/fzsrmyy/ershoufang/ -lianjie
https://fz.58.com/fzshuanghang/ershoufang/ -lianjie
https://fz.58.com/taijianglu/ershoufang/ -lianjie
https://fz.58.com/taijiangqu/ershoufang/ -lianjie
https://fz.58.com/blgch/ershoufang/ -lianjie
https://fz.58.com/fzwylz/ershoufang/ -lianjie
https://fz.58.com/wynl/ershoufang/ -lianjie
https://fz.58.com/nrhnl/ershoufang/ -lianjie
https://fz.58.com/fzxingang/ershoufang/ -lianjie
https://fz.58.com/qiulongyuan/ershoufang/ -lianjie
https://fz.58.com/yingzhou/ershoufang/ -lianjie
https://fz.58.com/yizhou/ershoufang/ -lianjie
https://fz.58.com/yuanhongcheng/ershoufang/ -lianjie
https://fz.58.com/zhongtingjie/ershoufang/ -lianjie
https://fz.58.com/zhongzhoudao/ershoufang/ -lianjie
https://fz.58.com/antai/ershoufang/ -lianjie
https://fz.58.com/bmbeilu/ershoufang/ -lianjie
https://fz.58.com/longbao/ershoufang/ -lianjie
https://fz.58.com/byqbeilu/ershoufang/ -lianjie
https://fz.58.com/fzbeierhuan/ershoufang/ -lianjie
https://fz.58.com/fzdarushijia/ershoufang/ -lianjie
https://fz.58.com/fzddl/ershoufang/ -lianjie
https://fz.58.com/jinjishan/ershoufang/ -lianjie
https://fz.58.com/fzfhl/ershoufang/ -lianjie
https://fz.58.com/fzffnl/ershoufang/ -lianjie
https://fz.58.com/fzfxl/ershoufang/ -lianjie
https://fz.58.com/gudong/ershoufang/ -lianjie
https://fz.58.com/fzgulouqu/ershoufang/ -lianjie
https://fz.58.com/fzgp/ershoufang/ -lianjie
https://fz.58.com/fzgtl/ershoufang/ -lianjie
https://fz.58.com/fzxihu/ershoufang/ -lianjie
https://fz.58.com/fzhgl/ershoufang/ -lianjie
https://fz.58.com/fzhsqt/ershoufang/ -lianjie
https://fz.58.com/pingshan/ershoufang/ -lianjie
https://fz.58.com/hllu/ershoufang/ -lianjie
https://fz.58.com/fzhbl/ershoufang/ -lianjie
https://fz.58.com/huqian/ershoufang/ -lianjie
https://fz.58.com/fzjintai/ershoufang/ -lianjie
https://fz.58.com/liming/ershoufang/ -lianjie
https://fz.58.com/lybeilu/ershoufang/ -lianjie
https://fz.58.com/fzmfl/ershoufang/ -lianjie
https://fz.58.com/fzmt/ershoufang/ -lianjie
https://fz.58.com/fzhongshan/ershoufang/ -lianjie
https://fz.58.com/fzrjdd/ershoufang/ -lianjie
https://fz.58.com/shtzhx/ershoufang/ -lianjie
https://fz.58.com/shuibu/ershoufang/ -lianjie
https://fz.58.com/tplu/ershoufang/ -lianjie
https://fz.58.com/wuyiguangchang/ershoufang/ -lianjie
https://fz.58.com/fzwenquangongyuan/ershoufang/ -lianjie
https://fz.58.com/wufeng/ershoufang/ -lianjie
https://fz.58.com/wushanlu/ershoufang/ -lianjie
https://fz.58.com/fzwsxl/ershoufang/ -lianjie
https://fz.58.com/wslu/ershoufang/ -lianjie
https://fz.58.com/wybeilu/ershoufang/ -lianjie
https://fz.58.com/wygch/ershoufang/ -lianjie
https://fz.58.com/fzxtj/ershoufang/ -lianjie
https://fz.58.com/xeh/ershoufang/ -lianjie
https://fz.58.com/fzxhl/ershoufang/ -lianjie
https://fz.58.com/xh/ershoufang/ -lianjie
https://fz.58.com/xjbin/ershoufang/ -lianjie
https://fz.58.com/yqlu/ershoufang/ -lianjie
https://fz.58.com/fzzh/ershoufang/ -lianjie
https://fz.58.com/fzzuohai/ershoufang/ -lianjie
https://fz.58.com/bht/ershoufang/ -lianjie
https://fz.58.com/cangqian/ershoufang/ -lianjie
https://fz.58.com/cangshanzhoubian/ershoufang/ -lianjie
https://hf.58.com/anhdx/ershoufang/ -lianjie
