https://sz.58.com/shenzhenzhoubian/ershoufang/
https://gz.58.com/hengligz/ershoufang/
https://gz.58.com/jingjikaifaqu/ershoufang/
https://gz.58.com/guangzhouzhoubian/ershoufang/
https://gz.58.com/conghuazhoubian/ershoufang/
https://gz.58.com/nanshazhoubian/ershoufang/
https://dg.58.com/liaobu/ershoufang/
https://dg.58.com/dalang/ershoufang/
https://dg.58.com/dalingshan/ershoufang/
https://dg.58.com/songsh/ershoufang/
https://dg.58.com/huangjiang/ershoufang/
https://dg.58.com/gaobus/ershoufang/
https://dg.58.com/shijie/ershoufang/
https://dg.58.com/hengl/ershoufang/
https://dg.58.com/ship/ershoufang/
https://dg.58.com/chashans/ershoufang/
https://dg.58.com/daojiao/ershoufang/
https://dg.58.com/dongk/ershoufang/
https://dg.58.com/hongmei/ershoufang/
https://dg.58.com/macong/ershoufang/
https://dg.58.com/qingxi/ershoufang/
https://dg.58.com/shatianz/ershoufang/
https://dg.58.com/xiegang/ershoufang/
https://dg.58.com/qiaotouz/ershoufang/
https://dg.58.com/qishis/ershoufang/
https://dg.58.com/zhongt/ershoufang/
https://dg.58.com/wangniud/ershoufang/
https://dg.58.com/dongguan/ershoufang/
https://dg.58.com/dongguanshi/ershoufang/
https://fs.58.com/foshan/ershoufang/
https://huizhou.58.com/longmen/ershoufang/
https://huizhou.58.com/huizhoushi/ershoufang/
https://zz.58.com/zzgaoxin/ershoufang/
https://zz.58.com/zzhkg/ershoufang/
https://wh.58.com/xinzhouqu/ershoufang/
https://wh.58.com/hannan/ershoufang/
https://wh.58.com/wuhan/ershoufang/
https://sjz.58.com/zhengdingxian/ershoufang/
https://sjz.58.com/luanchengxian/ershoufang/
https://sjz.58.com/gaocheng/ershoufang/
https://sjz.58.com/luquan/ershoufang/
https://su.58.com/taicangshi/ershoufang/
https://su.58.com/suzhouqita/ershoufang/
https://nj.58.com/dachangqu/ershoufang/
https://nj.58.com/nanjing/ershoufang/
https://wx.58.com/wuxi/ershoufang/
https://nc.58.com/ncxl/ershoufang/
https://nc.58.com/nccbjjkfq/ershoufang/
https://cc.58.com/changchun/ershoufang/
https://sy.58.com/xinmingsy/ershoufang/
https://sy.58.com/liaozhognsy/ershoufang/
https://sy.58.com/dakusy/ershoufang/
https://sy.58.com/kangpingsy/ershoufang/
https://xa.58.com/fengweixinq/ershoufang/
https://xa.58.com/yangling/ershoufang/
https://cd.58.com/jintang/ershoufang/
https://cd.58.com/qingbaijiang/ershoufang/
https://cd.58.com/xinjin/ershoufang/
https://cd.58.com/cdqls/ershoufang/
https://cd.58.com/cdchongzhou/ershoufang/
https://cd.58.com/cddayi/ershoufang/
https://cd.58.com/cdpujiang/ershoufang/
https://cd.58.com/jianyangcd/ershoufang/
https://hz.58.com/jiandeshi/ershoufang/
https://hz.58.com/linanshi/ershoufang/
https://hz.58.com/tonglu/ershoufang/
https://hz.58.com/chunan/ershoufang/
https://hz.58.com/hangzhou/ershoufang/
https://nb.58.com/ningbo/ershoufang/
