https://hf.58.com/ershoufang/37392544298114x.shtml
https://hf.58.com/ershoufang/37201707635717x.shtml
https://hf.58.com/ershoufang/37377178337416x.shtml
https://hf.58.com/ershoufang/36496921439108x.shtml
https://hf.58.com/ershoufang/37422286894491x.shtml
https://hf.58.com/xiaoqu/yiyuanxincun5FiC?from=esf
https://hf.58.com/xiaoqu/aomashangzhulou?from=esf
https://hf.58.com/xiaoqu/shengwaimaojixixincun?from=esf
https://hf.58.com/xiaoqu/jinxiyuan38K8?from=esf
https://hf.58.com/xiaoqu/wanxiangxintianS158?from=esf
https://hf.58.com/xiaoqu/shengjiaoweisushex544?from=esf
https://hf.58.com/xiaoqu/anyidayifuyuandongsushequ?from=esf
https://hf.58.com/xiaoqu/disirenminyiyuansushe?from=esf
https://hf.58.com/xiaoqu/huaweijiayuan572q?from=esf
https://hf.58.com/xiaoqu/aotimeishu?from=esf
https://hf.58.com/xiaoqu/xichengxiuli?from=esf
https://hf.58.com/xiaoqu/yuebanwandoushiqingniangongyu?from=esf
https://hf.58.com/xiaoqu/shuyuanjuk426?from=esf
https://hf.58.com/xiaoqu/furonggongyu?from=esf
https://hf.58.com/xiaoqu/tianewanhuayuan?from=esf
https://hf.58.com/xiaoqu/xinhuayangguangguoji?from=esf
https://hf.58.com/xiaoqu/baihehuayuan677T?from=esf
https://hf.58.com/xiaoqu/huafuyuanvxvi?from=esf
https://hf.58.com/xiaoqu/cuiweinanyuan?from=esf
https://hf.58.com/xiaoqu/huishangchengshifengjing?from=esf
https://hf.58.com/xiaoqu/hexiehuayuanshangzhulou?from=esf
https://hf.58.com/xiaoqu/zhongtiesijubafengongsihefeixizhanbanshichusushe?from=esf
https://hf.58.com/xiaoqu/sihaiyijia0F9W?from=esf
https://hf.58.com/xiaoqu/fengshenghuating?from=esf
https://hf.58.com/xiaoqu/hangkongxincheng?from=esf
https://hf.58.com/xiaoqu/huabangfanhuali?from=esf
https://hf.58.com/xiaoqu/jiangnanmeilinyuan?from=esf
https://hf.58.com/xiaoqu/xiermeijingyinghui?from=esf
https://hf.58.com/xiaoqu/luchengbaihegongyu?from=esf
https://hf.58.com/xiaoqu/jianbanghuangjiajinyuan?from=esf
https://hf.58.com/xiaoqu/baishengyuanS845?from=esf
https://hf.58.com/xiaoqu/huaxiangongsisushe?from=esf
https://hf.58.com/xiaoqu/wenxinyuanT8d1?from=esf
https://hf.58.com/xiaoqu/shangdigongyu9w6x?from=esf
https://hf.58.com/xiaoqu/hongwanjiayuan?from=esf
https://hf.58.com/xiaoqu/zhonghanmingting?from=esf
https://hf.58.com/xiaoqu/fengshangguojigongyud5rV?from=esf
https://hf.58.com/xiaoqu/fengdanbailuhugongguan?from=esf
https://hf.58.com/xiaoqu/shanshuijianhuayuan?from=esf
https://hf.58.com/xiaoqu/xinjiapohuayuancheng?from=esf
https://hf.58.com/xiaoqu/shuhuwanxiaoqu?from=esf
https://hf.58.com/xiaoqu/guanghuagongyu?from=esf
https://hf.58.com/xiaoqu/huafengxiaoqu8G1w?from=esf
https://hf.58.com/xiaoqu/tuojichengshiguangchang?from=esf
https://hf.58.com/xiaoqu/xinximingge?from=esf
https://hf.58.com/xiaoqu/yujingjiangshanG962?from=esf
https://hf.58.com/xiaoqu/shunantingyuannanxinzhuangshequbeiqu?from=esf
https://hf.58.com/xiaoqu/shuxiuyuan?from=esf
https://hf.58.com/xiaoqu/yinxiangxihu?from=esf
https://hf.58.com/xiaoqu/biyuhuayuan4Mqh?from=esf
https://hf.58.com/xiaoqu/shuihuluxiaoqu?from=esf
https://hf.58.com/xiaoqu/nanshanxincun?from=esf
https://hf.58.com/xiaoqu/erlijieshuiwujusushe?from=esf
https://hf.58.com/xiaoqu/fulemenguojiguangchang?from=esf
https://hf.58.com/xiaoqu/longfengjiayuanyiqi?from=esf
https://hf.58.com/xiaoqu/tongheyijutonghuibeiyuan?from=esf
https://hf.58.com/xiaoqu/qiushilingshixuefu?from=esf
https://hf.58.com/xiaoqu/huandongxiaoqubeiqu?from=esf
https://hf.58.com/xiaoqu/youdianxueyuanshenghuoqu?from=esf
https://hf.58.com/xiaoqu/shengluyougongsisushe?from=esf
https://hf.58.com/xiaoqu/jishengweisushez2sC?from=esf
https://hf.58.com/xiaoqu/binhuqiancheng?from=esf
https://hf.58.com/xiaoqu/hexiejiayuanY70N?from=esf
https://hf.58.com/xiaoqu/hexiejiayuandongzhilu?from=esf
https://hf.58.com/ershoufang/37347661471129x.shtml
https://hf.58.com/ershoufang/37126567838227x.shtml
https://jxjump.58.com/service?target=FCADV8oV3os7xtAj_6pMK7rUlr5pow5rVVo_JK3U1_tSKTxjZpk1zEffDjpc6uQhhfOQnEtf3gzeNV-hrUI8c9Y6sBxFI_uVeaijCx_7k2_EqtKqON2Yo7iZkZvd3lYwpJg8V_iA8VADJkM98CDfl7ckq3ti-rWzBEGbHr-QuiAazy330tjnxSWU1MxtnpsMu8dyIj5MLSZyLT1hcsj1lvYYKdAiXUQ1zQ970mKVx650sLQ7xRN2R4nm8iKxDl3Ok42N9&pubid=64299865&apptype=0&psid=163281367203495290253238112&entinfo=37311026384398_0&cookie=%7C%7C%7C&fzbref=1&key=&params=busitime^desc&cookie=%7C%7C%7C&fzbref=1&key=
https://hf.58.com/ershoufang/37365880496796x.shtml
https://hf.58.com/ershoufang/37432148690457x.shtml
https://hf.58.com/ershoufang/37304925594128x.shtml
https://hf.58.com/ershoufang/37344113898780x.shtml
https://hf.58.com/ershoufang/37181899471777x.shtml
https://hf.58.com/ershoufang/37325320305053x.shtml
https://hf.58.com/ershoufang/36672624617629x.shtml
https://hf.58.com/ershoufang/37410413560076x.shtml
https://hf.58.com/ershoufang/37325123199246x.shtml
https://hf.58.com/ershoufang/37171231350024x.shtml
https://hf.58.com/ershoufang/37358843271191x.shtml
https://hf.58.com/ershoufang/37412673975174x.shtml
https://hf.58.com/ershoufang/37410347367318x.shtml
https://hf.58.com/ershoufang/37365869619605x.shtml
https://hf.58.com/ershoufang/37325755821835x.shtml
https://hf.58.com/ershoufang/37324305598725x.shtml
https://hf.58.com/ershoufang/37438419296644x.shtml
https://hf.58.com/ershoufang/37410640661916x.shtml
https://hf.58.com/ershoufang/37378753862913x.shtml
https://hf.58.com/ershoufang/37365989943438x.shtml
https://hf.58.com/ershoufang/37358843656098x.shtml
https://hf.58.com/ershoufang/37399893315841x.shtml
https://hf.58.com/ershoufang/37357224992662x.shtml
https://hf.58.com/ershoufang/37326516259618x.shtml
https://hf.58.com/ershoufang/37433462986258x.shtml
https://hf.58.com/ershoufang/37403305757324x.shtml
https://hf.58.com/ershoufang/37344451388951x.shtml
https://hf.58.com/ershoufang/37358843265541x.shtml
https://hf.58.com/ershoufang/37201656403863x.shtml
https://hf.58.com/ershoufang/37214589664786x.shtml
https://hf.58.com/ershoufang/37410696592924x.shtml
https://hf.58.com/ershoufang/37358843485858x.shtml
https://hf.58.com/ershoufang/37380134793248x.shtml
https://hf.58.com/ershoufang/37201656409364x.shtml
https://hf.58.com/ershoufang/37337362178950x.shtml
https://hf.58.com/ershoufang/37333193732871x.shtml
https://hf.58.com/ershoufang/37344921796745x.shtml
https://hf.58.com/ershoufang/37278412852764x.shtml
https://hf.58.com/ershoufang/37366385124622x.shtml
https://hf.58.com/ershoufang/37201656366982x.shtml
https://hf.58.com/ershoufang/37178047619610x.shtml
https://hf.58.com/ershoufang/37205561861029x.shtml
https://hf.58.com/ershoufang/37344272568340x.shtml
https://hf.58.com/ershoufang/36182790046341x.shtml
https://hf.58.com/ershoufang/36331962988187x.shtml
https://hf.58.com/ershoufang/37216054589344x.shtml
https://hf.58.com/ershoufang/37432148741258x.shtml
https://hf.58.com/ershoufang/37270850246404x.shtml
https://hf.58.com/ershoufang/37156995368330x.shtml
https://hf.58.com/ershoufang/37423958934029x.shtml
https://hf.58.com/ershoufang/37391980711174x.shtml
https://hf.58.com/ershoufang/37443442347393x.shtml
https://hf.58.com/ershoufang/37444008678795x.shtml
https://hf.58.com/ershoufang/36494220599825x.shtml
https://hf.58.com/ershoufang/36494220439701x.shtml
https://hf.58.com/ershoufang/37445794624032x.shtml
https://hf.58.com/ershoufang/37270199671316x.shtml
https://hf.58.com/ershoufang/37311948454948x.shtml
https://hf.58.com/ershoufang/37337700747929x.shtml
https://hf.58.com/ershoufang/36713895863056x.shtml
https://hf.58.com/ershoufang/37443514350471x.shtml
https://hf.58.com/ershoufang/37402723193627x.shtml
https://hf.58.com/ershoufang/36891407518490x.shtml
https://hf.58.com/ershoufang/36494220617095x.shtml
https://hf.58.com/ershoufang/36494220455432x.shtml
https://hf.58.com/ershoufang/36882674999190x.shtml
https://hf.58.com/ershoufang/37399430556705x.shtml
https://hf.58.com/ershoufang/37387900532487x.shtml
https://hf.58.com/ershoufang/36783402959909x.shtml
https://hf.58.com/ershoufang/36494220422534x.shtml
https://hf.58.com/ershoufang/37369552998676x.shtml
https://hf.58.com/ershoufang/37404065985433x.shtml
https://hf.58.com/ershoufang/37414501230626x.shtml
https://hf.58.com/ershoufang/37168777042719x.shtml
https://hf.58.com/ershoufang/37236282604803x.shtml
https://hf.58.com/ershoufang/37293292959524x.shtml
https://hf.58.com/ershoufang/37202502556937x.shtml
https://hf.58.com/ershoufang/37381428983178x.shtml
https://hf.58.com/ershoufang/36891125232001x.shtml
https://hf.58.com/ershoufang/37434775027102x.shtml
https://hf.58.com/ershoufang/36628543498762x.shtml
https://hf.58.com/ershoufang/37443514539278x.shtml
https://hf.58.com/ershoufang/36927582286874x.shtml
https://hf.58.com/ershoufang/37182158221061x.shtml
https://hf.58.com/ershoufang/37381360633630x.shtml
https://hf.58.com/ershoufang/37203614322820x.shtml
https://hf.58.com/ershoufang/37324924623111x.shtml
https://hf.58.com/ershoufang/37399005096090x.shtml
https://hf.58.com/ershoufang/36713202524431x.shtml
https://hf.58.com/ershoufang/37392265411218x.shtml
https://hf.58.com/ershoufang/37211327843744x.shtml
https://hf.58.com/ershoufang/36442280107397x.shtml
https://hf.58.com/ershoufang/37125838735128x.shtml
https://hf.58.com/ershoufang/37399238687377x.shtml
https://hf.58.com/ershoufang/37313970016142x.shtml
https://hf.58.com/ershoufang/37382742376462x.shtml
https://hf.58.com/ershoufang/37160134966294x.shtml
https://hf.58.com/ershoufang/37322307042690x.shtml
https://hf.58.com/ershoufang/37332972381605x.shtml
https://hf.58.com/ershoufang/37249114384788x.shtml
https://hf.58.com/ershoufang/37434749320706x.shtml
https://hf.58.com/ershoufang/37332972293917x.shtml
https://hf.58.com/ershoufang/37304743049123x.shtml
https://hf.58.com/ershoufang/37259683463710x.shtml
https://hf.58.com/ershoufang/36605358716806x.shtml
https://hf.58.com/ershoufang/37338020542485x.shtml
https://hf.58.com/ershoufang/37388060182662x.shtml
https://hf.58.com/ershoufang/37432318979860x.shtml
https://hf.58.com/ershoufang/36494220399619x.shtml
https://hf.58.com/ershoufang/37303986772136x.shtml
https://hf.58.com/ershoufang/36638108047912x.shtml
https://hf.58.com/ershoufang/37399831873058x.shtml
https://hf.58.com/ershoufang/37288808045329x.shtml
https://hf.58.com/ershoufang/37377875592985x.shtml
https://hf.58.com/ershoufang/37215589399320x.shtml
https://hf.58.com/ershoufang/37266573903238x.shtml
https://hf.58.com/ershoufang/37379982950951x.shtml
https://hf.58.com/ershoufang/37436713286183x.shtml
https://hf.58.com/ershoufang/37278072078215x.shtml
https://hf.58.com/ershoufang/37388156948747x.shtml
https://hf.58.com/ershoufang/37387951796751x.shtml
https://hf.58.com/ershoufang/36584878913186x.shtml
https://jxjump.58.com/service?target=FCADV8oV3os7xtAj_6pMK7rUlr5pow5rVVo_JMrWK6EHai47Zpk1zEffDjpc6uQhhfOQnEtf3gzeNV-iSLtAz2f0qt_WWjyGwCekPx_7k2_EqtKpeRAPCr22txKwaM3lPezMk9wZ5vFL9Fjh8CDfl7ckq3uimayopebcEr-QuiAazy330tjnxSWU1MxtnpsMu8dyIj5MLSZyLT1iELR80biUIPz8_3S6KLTjVmKVx650sLQ7xRN2R4nm8iDpWq71i78xw&pubid=64435701&apptype=0&psid=111555123203495293331866028&entinfo=37443920425739_0&cookie=%7C%7C%7C&fzbref=1&key=&params=busitime^desc&cookie=%7C%7C%7C&fzbref=1&key=
https://jxjump.58.com/service?target=FCADV8oV3os7xtAj_6pMK7rUlr5pow5rVVo_JMrWK6EHai47Zpk1zEffDjpc6uQhhfOQnEtf3gzeNV-h9d-RgBM-ZJ5tdhniOdKKWx_7k2_EqtKpoVnBLRZvNfqq5Qak1O2yi76gIcbHwYe18CDfl7ckq3uimayopebcEr-QuiAazy330tjnxSWU1MxtnpsMu8dyIj5MLSZyLT1gOaVWLQUdXHACsf1JL-q_GmKVx650sLQ7xRN2R4nm8iDpWq71i78xw&pubid=64102044&apptype=0&psid=111555123203495293331866028&entinfo=37422266828581_0&cookie=%7C%7C%7C&fzbref=1&key=&params=busitime^desc&cookie=%7C%7C%7C&fzbref=1&key=
https://jxjump.58.com/service?target=FCADV8oV3os7xtAj_6pMK7rUlr5pow5rVVo_JMrWK6EHai47Zpk1zEffDjpc6uQhhfOQnEtf3gzeNV-hgIE3RQ2UWIGCl3cE1VHb4x_7k2_EqtKogEeLnsVTAC8tnNs7VdRDi9wZ5vFL9Fjh8CDfl7ckq3uimayopebcEr-QuiAazy330tjnxSWU1MxtnpsMu8dyIj5MLSZyLT1gaaY9CNwOWPY5mTXcq5PqrmKVx650sLQ7xRN2R4nm8iDpWq71i78xw&pubid=64410437&apptype=0&psid=111555123203495293331866028&entinfo=37344167625493_0&cookie=%7C%7C%7C&fzbref=1&key=&params=busitime^desc&cookie=%7C%7C%7C&fzbref=1&key=
https://jxjump.58.com/service?target=FCADV8oV3os7xtAj_6pMK7rUlr5pow5rVVo_JMrWK6EHai47Zpk1zEffDjpc6uQhhfOQnEtf3gzeNV-hTDbLB0hzfEwyIsjkrEmumx_7k2_EqtKqjWdY1g4DP-vCViea6CW-uhBDtZ1AFs6t8CDfl7ckq3uimayopebcEr-QuiAazy330tjnxSWU1MxtnpsMu8dyIj5MLSZyLT1gpGLSaZu5x2_-Dyxcf7SGtmKVx650sLQ7xRN2R4nm8iDpWq71i78xw&pubid=64219404&apptype=0&psid=111555123203495293331866028&entinfo=37432253802144_0&cookie=%7C%7C%7C&fzbref=1&key=&params=busitime^desc&cookie=%7C%7C%7C&fzbref=1&key=
